DIALS (2018) Acta Cryst. D74, 85-97. https://doi.org/10.1107/S2059798317017235
DIALS 2.1.1-gcdd629a7b-release
The following parameters have been modified:

intensity = auto profile sum *scale
mtz {
  hklout = "scaled.mtz"
}
output {
  log = "dials.export_scaled_mtz.log"
}
input {
  experiments = scaled.expt
  reflections = scaled.refl
}

Read 11499 predicted reflections
Selected 10132 scaled reflections
Combined 10 partial reflections with other partial reflections
Removed 1105 reflections below partiality threshold
Removed 0 intensity.scale.value reflections with I/Sig(I) < -5.0
Saving 9017 integrated reflections to scaled.mtz

Title: From dials.export
Space group symbol from file: P2
Space group number from file: 3
Space group from matrices: P 1 2 1 (No. 3)
Point group symbol from file: 2
Number of batches: 47
Number of crystals: 1
Number of Miller indices: 9017
Resolution range: 77.7583 2.48126
History:
  From DIALS 2.1.1-gcdd629a7b-release, run on 2020-04-02 at 15:26:41 CEST  (2020-0
Crystal 1:
  Name: XTAL
  Project: DIALS
  Id: 1
  Unit cell: (40.5148, 77.7583, 77.7583, 90, 90, 90)
  Number of datasets: 1
  Dataset 1:
    Name: FROMDIALS
    Id: 1
    Wavelength: 0.0251
    Number of columns: 17
    label        #valid  %valid     min       max type
    H              9017 100.00%   -6.00      8.00 H: index h,k,l
    K              9017 100.00%    0.00     30.00 H: index h,k,l
    L              9017 100.00%    0.00     30.00 H: index h,k,l
    M_ISYM         9017 100.00%    1.00      4.00 Y: M/ISYM, packed partial/reject flag and symmetry number
    BATCH          9017 100.00%    2.00     46.00 B: BATCH number
    I              9017 100.00%   -8.97    284.37 J: intensity
    SIGI           9017 100.00%    0.10      7.62 Q: standard deviation
    SCALEUSED      9017 100.00%    0.13      2.11 R: real
    SIGSCALEUSED   9017 100.00%    0.02      0.27 R: real
    BG             9017 100.00% 6686.75 884325.06 R: real
    SIGBG          9017 100.00%   86.86   1049.83 R: real
    FRACTIONCALC   9017 100.00%    0.99      1.00 R: real
    XDET           9017 100.00%   11.40    505.53 R: real
    YDET           9017 100.00%   10.94    497.29 R: real
    ROT            9017 100.00%  -17.27     13.03 R: real
    LP             9017 100.00%    0.00      0.01 R: real
    QE             9017 100.00%    1.00      1.00 R: real

