DIALS (2018) Acta Cryst. D74, 85-97. https://doi.org/10.1107/S2059798317017235
DIALS 2.1.1-gcdd629a7b-release
The following parameters have been modified:
input {
  experiments = symmetrized.expt
  reflections = symmetrized.refl
}

Checking for the existence of a reflection table 
containing multiple datasets 

Found 1 reflection tables & 1 experiments in total.

Dataset unique identifiers are ['0'] 

Space group being used during scaling is P 1 2 1

Scaling models have been initialised for all experiments.

================================================================================

The experiment identifier for this dataset is 0
Preprocessing data for scaling. The id assigned to this 
dataset is 0, and the scaling model type being applied is physical. 

1351/11499 reflections not suitable for scaling
Reflections passing individual criteria:
criterion: not integrated by any method, reflections: 264
criterion: user excluded, reflections: 668
criterion: excluded for scaling, reflections: 1223

The following corrections will be applied to this dataset: 

+--------------+----------------+
| correction   |   n_parameters |
|--------------+----------------|
| scale        |              7 |
| decay        |              6 |
+--------------+----------------+
A round of outlier rejection has been performed, 
33 outliers have been identified. 

9322 reflections were preselected for scale factor determination 
out of 10148 suitable reflections: 
Reflections passing individual criteria:
criterion: in I/sigma range (I/sig > -5.0), reflections: 10142
criterion: above min partiality ( > 0.95), reflections: 9322

Randomly selected 3566/3566 groups (m>1) to use for scaling model
minimisation (8236 reflections)
Completed preprocessing and initialisation for this dataset.

================================================================================

Components to be refined in this cycle for all datasets: scale, decay
Performing a round of scaling with an LBFGS minimizer. 

Time taken for refinement 0.05332612991333008

Refinement steps:
+--------+--------+----------+
|   Step |   Nref |   RMSD_I |
|        |        |    (a.u) |
|--------+--------+----------|
|      0 |   8210 |  0.73507 |
|      1 |   8210 |  0.73256 |
|      2 |   8210 |  0.72622 |
|      3 |   8210 |  0.72587 |
|      4 |   8210 |  0.72583 |
+--------+--------+----------+
RMSD no longer decreasing
lbfgs minimizer stop: callback_after_step is True

================================================================================

Scale factors determined during minimisation have now been
applied to all reflections for dataset 0.

A round of outlier rejection has been performed, 
22 outliers have been identified. 

Performing profile/summation intensity optimisation.
+------------------+---------+---------+
| Combination      |   CC1/2 |   Rmeas |
|------------------+---------+---------|
| prf only         | 0.94762 | 0.21057 |
| sum only         | 0.98605 | 0.23522 |
| Imid = 473.2     | 0.98959 | 0.22376 |
| Imid = 103021.61 | 0.99437 | 0.19821 |
| Imid = 10302.16  | 0.99037 | 0.20699 |
| Imid = 1030.22   | 0.98879 | 0.21642 |
| Imid = 103.02    | 0.98521 | 0.2459  |
+------------------+---------+---------+
Combined intensities with Imid = 103021.61109201805 determined to be best for scaling. 

A round of outlier rejection has been performed, 
23 outliers have been identified. 

Components to be refined in this cycle for all datasets: scale, decay
Performing a round of scaling with an LBFGS minimizer. 

Time taken for refinement 0.1084756851196289

Refinement steps:
+--------+--------+----------+
|   Step |   Nref |   RMSD_I |
|        |        |    (a.u) |
|--------+--------+----------|
|      0 |   8222 |  0.79943 |
|      1 |   8222 |  0.79657 |
|      2 |   8222 |  0.79446 |
|      3 |   8222 |  0.79264 |
|      4 |   8222 |  0.79242 |
|      5 |   8222 |  0.79221 |
|      6 |   8222 |  0.79176 |
|      7 |   8222 |  0.79119 |
|      8 |   8222 |  0.79093 |
|      9 |   8222 |  0.79057 |
|     10 |   8222 |  0.79047 |
|     11 |   8222 |  0.79044 |
+--------+--------+----------+
RMSD no longer decreasing
lbfgs minimizer stop: callback_after_step is True

================================================================================

Scale factors determined during minimisation have now been
applied to all reflections for dataset 0.

A round of outlier rejection has been performed, 
20 outliers have been identified. 

Performing a round of error model refinement.
Insufficient reflections (2 < 250) to perform error modelling.

Error model details:
  Type: basic
  Current parameters: a = 1.00000, b = 0.02000
  Error model formula: σ'² = a²(σ² + (bI)²)
  estimated I/sigma asymptotic limit: 50.000

None
Components to be refined in this cycle for all datasets: scale, decay
Performing a round of scaling with a Levenberg-Marquardt minimizer.

Time taken for refinement 0.10669994354248047

Refinement steps:
+--------+--------+----------+
|   Step |   Nref |   RMSD_I |
|        |        |    (a.u) |
|--------+--------+----------|
|      0 |   8226 |  0.6251  |
|      1 |   8226 |  0.61653 |
|      2 |   8226 |  0.61367 |
|      3 |   8226 |  0.60997 |
|      4 |   8226 |  0.60797 |
|      5 |   8226 |  0.60767 |
|      6 |   8226 |  0.60766 |
+--------+--------+----------+
RMSD no longer decreasing

================================================================================

Components to be refined in this cycle for all datasets: scale, decay
Performing a round of scaling with a Levenberg-Marquardt minimizer.

Time taken for refinement 0.027092695236206055

Refinement steps:
+--------+--------+----------+
|   Step |   Nref |   RMSD_I |
|        |        |    (a.u) |
|--------+--------+----------|
|      0 |   8226 |  0.60766 |
|      1 |   8226 |  0.60766 |
+--------+--------+----------+
RMSD no longer decreasing

================================================================================

Scale factors determined during minimisation have now been
applied to all reflections for dataset 0.

A round of outlier rejection has been performed, 
16 outliers have been identified. 

Performing a round of error model refinement.
Insufficient reflections (2 < 250) to perform error modelling.

Error model details:
  Type: basic
  Current parameters: a = 1.00000, b = 0.02000
  Error model formula: σ'² = a²(σ² + (bI)²)
  estimated I/sigma asymptotic limit: 50.000

None

The reflection table variances have been adjusted to account for the
uncertainty in the scaling model

Total time taken: 0.5483s 

================================================================================

38.46% of model parameters have signficant uncertainty
(sigma/abs(parameter) > 0.5)

Summary of dataset partialities
+------------------+----------+
| Partiality (p)   |   n_refl |
|------------------+----------|
| all reflections  |    11499 |
| p > 0.99         |     9524 |
| 0.5 < p < 0.99   |     1159 |
| 0.01 < p < 0.5   |      744 |
| p < 0.01         |       72 |
+------------------+----------+

Reflections below a partiality_cutoff of 0.4 are not considered for any
part of the scaling analysis or for the reporting of merging statistics.
Additionally, if applicable, only reflections with a min_partiality > 0.95
were considered for use when refining the scaling model.


                     ----------Merging statistics----------                    

Resolution: 77.76 - 2.48
Observations: 10132
Unique reflections: 5027
Redundancy: 2.0
Completeness: 29.18%
Mean intensity: 0.9
Mean I/sigma(I): 1.9
R-merge: 0.438
R-meas:  0.576
R-pim:   0.368


Statistics by resolution bin:
 d_max  d_min   #obs  #uniq   mult.  %comp       <I>  <I/sI>    r_mrg   r_meas    r_pim   cc1/2   cc_ano
 77.80   6.73    586    252    2.33  28.00       3.5     7.1    0.174    0.229    0.147   0.997*  -0.442
  6.73   5.35    594    260    2.28  29.92       1.0     2.8    0.356    0.473    0.307   0.691*  -0.056
  5.35   4.67    604    261    2.31  29.97       1.2     3.2    0.316    0.415    0.264   0.840*  -0.000
  4.67   4.24    562    244    2.30  28.60       1.8     4.3    0.282    0.369    0.233   0.857*  -0.458
  4.24   3.94    617    270    2.29  30.86       1.1     2.9    0.525    0.680    0.424   0.750*  -0.221
  3.94   3.71    607    266    2.28  31.89       1.7     3.4    0.316    0.417    0.269   0.834*  -0.065
  3.71   3.52    569    248    2.29  28.38       2.3     3.7    0.269    0.348    0.216   0.669*  -0.759
  3.52   3.37    593    253    2.34  30.23       0.7     1.7    0.603    0.782    0.489   0.646*  -0.599
  3.37   3.24    571    248    2.30  28.74       0.4     1.3    1.187    1.533    0.951   0.596*  -0.298
  3.24   3.13    628    271    2.32  32.15       0.5     1.3    0.720    0.941    0.595   0.564*  -0.333
  3.13   3.03    556    247    2.25  28.82       0.5     1.0    0.696    0.915    0.583   0.397*   0.163
  3.03   2.94    539    254    2.12  29.95       0.5     0.9    0.942    1.214    0.749   0.389*   0.239
  2.94   2.86    500    263    1.90  30.62       0.4     0.7    0.951    1.247    0.793   0.411*  -0.024
  2.86   2.79    466    262    1.78  30.08       0.3     0.6    0.940    1.219    0.766   0.353*   0.678
  2.79   2.73    426    253    1.68  31.47       0.4     0.6    1.039    1.401    0.932   0.085  -1.000
  2.73   2.67    399    251    1.59  29.60       0.3     0.5    1.732    2.365    1.601   0.097   0.000
  2.67   2.62    422    269    1.57  30.06       0.1     0.3    3.629    4.940    3.331   0.100   0.000
  2.62   2.57    360    246    1.46  29.39       0.2     0.3    8.098   11.146    7.624   0.452*   0.000
  2.57   2.52    332    249    1.33  29.36       0.1     0.3   13.228   18.521   12.941   0.151   0.000
  2.52   2.48    201    160    1.26  18.33      -0.0     0.1    3.167    4.479    3.167  -0.075   0.000
 77.76   2.48  10132   5027    2.02  29.18       0.9     1.9    0.438    0.576    0.368   0.964*  -0.340




                ----------Resolution cutoff estimates----------                

  resolution of all data          :   2.481
  based on CC(1/2) >= 0.33        :   2.794
  based on mean(I/sigma) >= 2.0   :   3.521
  based on R-merge < 0.5          :   4.243
  based on R-meas < 0.5           :   4.243
  based on completeness >= 90%    : (use all data)
  based on completeness >= 50%    : (use all data)

NOTE: we recommend using all data out to the CC(1/2) limit
for refinement.

Writing html report to: scaling.html

================================================================================

Saving the experiments to scaled.expt
Saving the scaled reflections to scaled.refl
See dials.github.io/dials_scale_user_guide.html for more info on scaling options
