DIALS (2018) Acta Cryst. D74, 85-97. https://doi.org/10.1107/S2059798317017235
DIALS 2.1.1-gcdd629a7b-release
The following parameters have been modified:

input {
  experiments = integrated.expt
  reflections = integrated.refl
}

================================================================================

Performing Laue group analysis

Filtering reflections for dataset 0
Read 11499 predicted reflections
Selected 10276 reflections integrated by profile and summation methods
Combined 138 partial reflections with other partial reflections
Removed 1054 reflections below partiality threshold
Removed 32 intensity.sum.value reflections with I/Sig(I) < -5
Removed 11 intensity.prf.value reflections with I/Sig(I) < -5
A round of outlier rejection has been performed, 
9 outliers have been identified. 

Patterson group: P 4/m m m (c,a,b)

--------------------------------------------------------------------------------

Normalising intensities for dataset 1

ML estimate of overall B_cart value:
  112.26, -43.91, -20.73
         27.64,  5.29
                10.72
ML estimate of  -log of scale factor:
  -5.34

--------------------------------------------------------------------------------

Estimation of resolution for Laue group analysis

Resolution estimate from <I>/<σ(I)> > 4.0 : 6.36
Resolution estimate from CC½ > 0.60: 2.81
High resolution limit set to: 2.81
Selecting 5734 reflections with d > 2.81

Input crystal symmetry:
Unit cell: (40.5148, 77.7583, 77.7583, 90, 90, 90)
Space group: P 1 (No. 1)
Change of basis op to minimum cell: -a,-c,-b
Crystal symmetry in minimum cell:
Unit cell: (40.5148, 77.7583, 77.7583, 90, 90, 90)
Space group: P 1 (No. 1)
Lattice point group: P 4/m m m (c,a,b)

Overall CC for 2781 unrelated pairs: 0.146
Estimated expectation value of true correlation coefficient E(CC) = 0.485
Estimated sd(CC) = 0.935 / sqrt(N)
Estimated E(CC) of true correlation coefficient from identity = 0.775

--------------------------------------------------------------------------------

Scoring individual symmetry elements

+--------------+--------+------+------+----+---------------+
|   likelihood |   Z-CC |   CC |    N |    | Operator      |
|--------------+--------+------+------+----+---------------|
|        0.667 |   9.41 | 0.94 | 5734 | *  | 1 |(0, 0, 0)  |
|        0.615 |   6.51 | 0.65 | 2006 | *  | 4 |(1, 0, 0)  |
|        0.158 |   3.57 | 0.36 |  782 |    | 2 |(1, 0, 0)  |
|        0.822 |   7.67 | 0.77 | 1207 | ** | 2 |(0, 1, 0)  |
|        0.488 |   6    | 0.6  | 2333 |    | 2 |(0, 0, 1)  |
|        0.119 |   0.54 | 0.08 |   44 |    | 2 |(0, 1, 1)  |
|        0.768 |   8.58 | 0.86 | 3803 | ** | 2 |(0, -1, 1) |
+--------------+--------+------+------+----+---------------+

--------------------------------------------------------------------------------

Scoring all possible sub-groups

+-------------------+----+--------------+----------+--------+--------+------+-------+---------+--------------------+
| Patterson group   |    |   Likelihood |   NetZcc |   Zcc+ |   Zcc- |   CC |   CC- |   delta | Reindex operator   |
|-------------------+----+--------------+----------+--------+--------+------+-------+---------+--------------------|
| P 1 2/m 1         |    |        0.385 |     2.84 |   8.58 |   5.75 | 0.92 |  0.72 |       0 | -a,-c,-b           |
| C 1 2/m 1         |    |        0.275 |     3.52 |   9    |   5.48 | 0.91 |  0.62 |       0 | -b-c,-b+c,-a       |
| P -1              |    |        0.083 |     3.3  |   9.41 |   6.11 | 0.94 |  0.72 |       0 | a,b,c              |
| P 1 2/m 1         |    |        0.079 |     1.76 |   7.89 |   6.13 | 0.86 |  0.75 |       0 | a,b,c              |
| P m m m           |    |        0.069 |     0.77 |   7    |   6.23 | 0.82 |  0.79 |       0 | a,b,c              |
| P 4/m m m         |    |        0.049 |     6.68 |   6.68 |   0    | 0.81 |  0    |       0 | -c,-b,-a           |
| P 4/m             |    |        0.025 |     0.42 |   6.92 |   6.49 | 0.84 |  0.77 |       0 | -c,-b,-a           |
| P 1 2/m 1         |    |        0.016 |     0.62 |   7.11 |   6.5  | 0.89 |  0.74 |       0 | c,a,b              |
| C 1 2/m 1         |    |        0.011 |    -0.02 |   6.66 |   6.69 | 0.93 |  0.73 |       0 | b-c,-b-c,-a        |
| C m m m           |    |        0.007 |    -0.15 |   6.62 |   6.76 | 0.87 |  0.65 |       0 | -b-c,-b+c,-a       |
+-------------------+----+--------------+----------+--------+--------+------+-------+---------+--------------------+

Best solution: P 1 2/m 1
Unit cell: (40.5148, 77.7583, 77.7583, 90, 90, 90)
Reindex operator: -a,-c,-b
Laue group probability: 0.385
Laue group confidence: 0.205

+-------------------+--------------------------+
| Patterson group   | Corresponding MX group   |
|-------------------+--------------------------|
| P 1 2/m 1         | P 1 2 1                  |
+-------------------+--------------------------+
================================================================================

Analysing systematic absences

Laue group: P 1 2/m 1
Performing systematic absence checks on unscaled profile-integrated data
Read 11499 predicted reflections
Selected 10276 profile integrated reflections
Removed 2268 reflections with d < 2.81
Combined 103 partial reflections with other partial reflections
Removed 802 reflections below partiality threshold
Laue group: P 1 2/m 1
+--------------+---------+---------------+--------------+---------------+--------------+-------------------+------------------+
| Screw axis   |   Score |   No. present |   No. absent |   <I> present |   <I> absent |   <I/sig> present |   <I/sig> absent |
|--------------+---------+---------------+--------------+---------------+--------------+-------------------+------------------|
| 21b          |       0 |            13 |           14 |         3.012 |          5.2 |             9.383 |           25.368 |
+--------------+---------+---------------+--------------+---------------+--------------+-------------------+------------------+
+---------------+---------+
| Space group   |   score |
|---------------+---------|
| P 2           |       1 |
| P 21          |       0 |
+---------------+---------+
Recommended space group: P 2
Saving reindexed experiments to symmetrized.expt in space group P 1 2 1
Saving 11499 reindexed reflections to symmetrized.refl
