DIALS (2018) Acta Cryst. D74, 85-97. https://doi.org/10.1107/S2059798317017235
DIALS 2.1.1-gcdd629a7b-release
The following parameters have been modified:
input {
  experiments = /mnt/e/Programming/scipion/scipion-ed/Testdata/190503/lyso/reference/lyso/experiment_14/integrated.expt
  experiments = /mnt/e/Programming/scipion/scipion-ed/Testdata/190503/lyso/reference/lyso/experiment_24/integrated.expt
  reflections = /mnt/e/Programming/scipion/scipion-ed/Testdata/190503/lyso/reference/lyso/experiment_14/integrated.refl
  reflections = /mnt/e/Programming/scipion/scipion-ed/Testdata/190503/lyso/reference/lyso/experiment_24/integrated.refl
}

Checking for the existence of a reflection table 
containing multiple datasets 

Found 2 reflection tables & 2 experiments in total.

Dataset unique identifiers are ['0', '1'] 

Space group being used during scaling is P 4
Using median unit cell across experiments : (78.0003, 78.0003, 40.1307, 90, 90, 90)

Scaling models have been initialised for all experiments.

================================================================================

The experiment identifier for this dataset is 0
Preprocessing data for scaling. The id assigned to this 
dataset is 0, and the scaling model type being applied is physical. 

1351/11499 reflections not suitable for scaling
Reflections passing individual criteria:
criterion: not integrated by any method, reflections: 264
criterion: user excluded, reflections: 668
criterion: excluded for scaling, reflections: 1223

The following corrections will be applied to this dataset: 

+--------------+----------------+
| correction   |   n_parameters |
|--------------+----------------|
| scale        |              7 |
| decay        |              6 |
+--------------+----------------+
A round of outlier rejection has been performed, 
40 outliers have been identified. 

Completed preprocessing and initialisation for this dataset.

================================================================================

The experiment identifier for this dataset is 1
Preprocessing data for scaling. The id assigned to this 
dataset is 1, and the scaling model type being applied is physical. 

311/4447 reflections not suitable for scaling
Reflections passing individual criteria:
criterion: not integrated by any method, reflections: 15
criterion: user excluded, reflections: 270
criterion: excluded for scaling, reflections: 251

The following corrections will be applied to this dataset: 

+--------------+----------------+
| correction   |   n_parameters |
|--------------+----------------|
| scale        |              6 |
| decay        |              6 |
+--------------+----------------+
A round of outlier rejection has been performed, 
34 outliers have been identified. 

Completed preprocessing and initialisation for this dataset.

================================================================================

Configuring a MultiScaler to handle the individual Scalers. 

Determining symmetry equivalent reflections across datasets.


Using quasi-random reflection selection. Selecting from 1511 symmetry groups
with <I/sI> > 1.0 (6706 reflections)). Selection target of 456.89076757917337 reflections
from each dataset, with a total number between 3655.126140633387 and 4386.1513687600645.

Summary of cross-dataset reflection groups chosen (643 groups, 2723 reflections):
+-----------------+------------+----------+-----+-----+
| d-range         |   n_groups |   n_refl |   0 |   1 |
|-----------------+------------+----------+-----+-----|
| 77.796 - 11.125 |         42 |      179 |  88 |  91 |
| 11.125 - 7.907  |         36 |      189 |  88 | 101 |
| 7.907 - 6.467   |         35 |      192 | 104 |  88 |
| 6.467 - 5.605   |         35 |      185 |  96 |  89 |
| 5.605 - 5.016   |         32 |      182 |  94 |  88 |
| 5.016 - 4.581   |         33 |      189 |  98 |  91 |
| 4.581 - 4.242   |         36 |      197 | 108 |  89 |
| 4.242 - 3.969   |         37 |      194 | 103 |  91 |
| 3.969 - 3.742   |         32 |      179 |  90 |  89 |
| 3.742 - 3.551   |         35 |      196 | 106 |  90 |
| 3.551 - 3.386   |         32 |      177 |  88 |  89 |
| 3.386 - 3.242   |         44 |      112 | 112 |   0 |
| 3.242 - 3.115   |         45 |      113 | 113 |   0 |
| 3.115 - 3.002   |         30 |       88 |  88 |   0 |
| 3.002 - 2.9     |         36 |       88 |  88 |   0 |
| 2.9 - 2.808     |         32 |       80 |  80 |   0 |
| 2.808 - 2.724   |         23 |       65 |  65 |   0 |
| 2.724 - 2.648   |         19 |       45 |  45 |   0 |
| 2.648 - 2.577   |         17 |       40 |  40 |   0 |
| 2.577 - 2.512   |         12 |       33 |  33 |   0 |
+-----------------+------------+----------+-----+-----+
Summary of reflections chosen for minimisation from each dataset (6706 total):
+--------------+------------------+----------------------+----------------------+--------------------+
| Dataset id   |     reflections  |   randomly selected  |   randomly selected  |   combined number  |
|              |    connected to  |         reflections  |         reflections  |     of reflections |
|              |   other datasets |       within dataset |      across datasets |                    |
|--------------+------------------+----------------------+----------------------+--------------------|
| 0            |             1727 |                 3572 |                 3924 |               3924 |
| 1            |              996 |                 2517 |                 2782 |               2782 |
| total        |             2723 |                 6089 |                 6706 |               6706 |
+--------------+------------------+----------------------+----------------------+--------------------+
Completed configuration of MultiScaler. 

================================================================================

Components to be refined in this cycle for all datasets: scale, decay
Performing a round of scaling with an LBFGS minimizer. 

Time taken for refinement 0.1985330581665039

Refinement steps:
+--------+--------+----------+
|   Step |   Nref |   RMSD_I |
|        |        |    (a.u) |
|--------+--------+----------|
|      0 |   6638 |   2.5018 |
|      1 |   6638 |   2.1909 |
|      2 |   6638 |   2.1757 |
|      3 |   6638 |   2.1096 |
|      4 |   6638 |   2.0931 |
|      5 |   6638 |   2.0909 |
|      6 |   6638 |   2.09   |
|      7 |   6638 |   2.0864 |
|      8 |   6638 |   2.0834 |
|      9 |   6638 |   2.0793 |
|     10 |   6638 |   2.0782 |
|     11 |   6638 |   2.0779 |
|     12 |   6638 |   2.0765 |
|     13 |   6638 |   2.0739 |
|     14 |   6638 |   2.0736 |
|     15 |   6638 |   2.073  |
|     16 |   6638 |   2.0721 |
|     17 |   6638 |   2.0719 |
+--------+--------+----------+
RMSD no longer decreasing
lbfgs minimizer stop: callback_after_step is True

================================================================================

Scale factors determined during minimisation have now been
applied to all datasets.

Combined outlier rejection has been performed across multiple datasets, 
142 outliers have been identified. 

Performing multi-dataset profile/summation intensity optimisation.
+------------------+---------+---------+
| Combination      |   CC1/2 |   Rmeas |
|------------------+---------+---------|
| prf only         | 0.97794 | 0.30317 |
| sum only         | 0.89655 | 0.38315 |
| Imid = 640.07    | 0.9129  | 0.39664 |
| Imid = 124946.95 | 0.91921 | 0.47725 |
| Imid = 12494.7   | 0.92679 | 0.41301 |
| Imid = 1249.47   | 0.91885 | 0.41679 |
| Imid = 124.95    | 0.89632 | 0.38013 |
+------------------+---------+---------+
Profile intensities determined to be best for scaling. 

Combined outlier rejection has been performed across multiple datasets, 
142 outliers have been identified. 

Components to be refined in this cycle for all datasets: scale, decay
Performing a round of scaling with an LBFGS minimizer. 

Time taken for refinement 0.3056011199951172

Refinement steps:
+--------+--------+----------+
|   Step |   Nref |   RMSD_I |
|        |        |    (a.u) |
|--------+--------+----------|
|      0 |   6580 |   1.6017 |
|      1 |   6580 |   1.5976 |
|      2 |   6580 |   1.5869 |
|      3 |   6580 |   1.5844 |
|      4 |   6580 |   1.5837 |
|      5 |   6580 |   1.5834 |
|      6 |   6580 |   1.582  |
|      7 |   6580 |   1.5801 |
|      8 |   6580 |   1.5767 |
|      9 |   6580 |   1.5748 |
|     10 |   6580 |   1.5711 |
|     11 |   6580 |   1.5691 |
|     12 |   6580 |   1.5651 |
|     13 |   6580 |   1.5632 |
|     14 |   6580 |   1.5618 |
|     15 |   6580 |   1.5607 |
|     16 |   6580 |   1.5589 |
|     17 |   6580 |   1.5579 |
|     18 |   6580 |   1.5574 |
|     19 |   6580 |   1.557  |
|     20 |   6580 |   1.5566 |
|     21 |   6580 |   1.5561 |
|     22 |   6580 |   1.555  |
|     23 |   6580 |   1.5545 |
|     24 |   6580 |   1.5542 |
|     25 |   6580 |   1.5532 |
|     26 |   6580 |   1.5525 |
|     27 |   6580 |   1.5508 |
|     28 |   6580 |   1.5492 |
|     29 |   6580 |   1.549  |
|     30 |   6580 |   1.5486 |
|     31 |   6580 |   1.5481 |
|     32 |   6580 |   1.5472 |
|     33 |   6580 |   1.5471 |
|     34 |   6580 |   1.5466 |
|     35 |   6580 |   1.5465 |
+--------+--------+----------+
RMSD no longer decreasing
lbfgs minimizer stop: callback_after_step is True

================================================================================

Scale factors determined during minimisation have now been
applied to all datasets.

Combined outlier rejection has been performed across multiple datasets, 
118 outliers have been identified. 

Performing a round of error model refinement.
Insufficient reflections (4 < 250) to perform error modelling.

Error model details:
  Type: basic
  Current parameters: a = 1.00000, b = 0.02000
  Error model formula: σ'² = a²(σ² + (bI)²)
  estimated I/sigma asymptotic limit: 50.000

None
Components to be refined in this cycle for all datasets: scale, decay
Performing a round of scaling with a Levenberg-Marquardt minimizer.

Time taken for refinement 0.17415595054626465

Refinement steps:
+--------+--------+----------+
|   Step |   Nref |   RMSD_I |
|        |        |    (a.u) |
|--------+--------+----------|
|      0 |   6603 |   1.4734 |
|      1 |   6603 |   1.4302 |
|      2 |   6603 |   1.4054 |
|      3 |   6603 |   1.3821 |
|      4 |   6603 |   1.3709 |
|      5 |   6603 |   1.3682 |
|      6 |   6603 |   1.3677 |
|      7 |   6603 |   1.3677 |
+--------+--------+----------+
RMSD no longer decreasing

================================================================================

Components to be refined in this cycle for all datasets: scale, decay
Performing a round of scaling with a Levenberg-Marquardt minimizer.

Time taken for refinement 0.03270554542541504

Refinement steps:
+--------+--------+----------+
|   Step |   Nref |   RMSD_I |
|        |        |    (a.u) |
|--------+--------+----------|
|      0 |   6603 |   1.3677 |
|      1 |   6603 |   1.3677 |
+--------+--------+----------+
RMSD no longer decreasing

================================================================================

Calculating error estimates of inverse scale factors. 

Scale factors determined during minimisation have now been
applied to all datasets.

Combined outlier rejection has been performed across multiple datasets, 
103 outliers have been identified. 

Performing a round of error model refinement.
Insufficient reflections (4 < 250) to perform error modelling.

Error model details:
  Type: basic
  Current parameters: a = 1.00000, b = 0.02000
  Error model formula: σ'² = a²(σ² + (bI)²)
  estimated I/sigma asymptotic limit: 50.000

None

The reflection table variances have been adjusted to account for the
uncertainty in the scaling models for all datasets
16 reflections set as outliers: scale factor < 0.001
Using median unit cell across experiments : (78.0003, 78.0003, 40.1307, 90, 90, 90)

Total time taken: 1.0746s 

================================================================================

8.00% of model parameters have signficant uncertainty
(sigma/abs(parameter) > 0.5)

Summary of dataset partialities
+------------------+----------+
| Partiality (p)   |   n_refl |
|------------------+----------|
| all reflections  |    15946 |
| p > 0.99         |    13164 |
| 0.5 < p < 0.99   |     1644 |
| 0.01 < p < 0.5   |     1035 |
| p < 0.01         |      103 |
+------------------+----------+

Reflections below a partiality_cutoff of 0.4 are not considered for any
part of the scaling analysis or for the reporting of merging statistics.
Additionally, if applicable, only reflections with a min_partiality > 0.95
were considered for use when refining the scaling model.


                     ----------Merging statistics----------                    

Resolution: 78.00 - 2.49
Observations: 14166
Unique reflections: 4390
Redundancy: 3.2
Completeness: 50.42%
Mean intensity: 0.6
Mean I/sigma(I): 2.9
R-merge: 0.583
R-meas:  0.672
R-pim:   0.322


Statistics by resolution bin:
 d_max  d_min   #obs  #uniq   mult.  %comp       <I>  <I/sI>    r_mrg   r_meas    r_pim   cc1/2   cc_ano
 78.04   6.75   1112    256    4.34  55.05       2.6    11.4    0.327    0.378    0.184   0.965*  -0.214
  6.75   5.36   1206    243    4.96  52.48       0.8     4.6    0.513    0.573    0.250   0.787*  -0.102
  5.36   4.68   1142    230    4.97  53.36       0.9     4.7    0.497    0.553    0.237   0.859*  -0.017
  4.68   4.25   1102    220    5.01  50.23       1.2     5.9    0.442    0.492    0.210   0.830*  -0.028
  4.25   3.95   1175    238    4.94  53.97       0.9     4.2    0.985    1.095    0.468   0.633*  -0.145
  3.95   3.71   1205    227    5.31  53.16       1.2     5.8    0.503    0.558    0.236   0.642*  -0.247
  3.71   3.53   1155    224    5.16  50.79       1.4     6.1    0.516    0.568    0.233   0.535*  -0.034
  3.53   3.37    687    217    3.17  51.54       0.5     2.0    0.764    0.906    0.469   0.524*  -0.273
  3.37   3.24    578    217    2.66  50.58       0.4     1.5    1.098    1.342    0.748   0.603*  -0.299
  3.24   3.13    617    229    2.69  51.69       0.3     1.5    1.073    1.310    0.727   0.458*   0.167
  3.13   3.03    564    217    2.60  50.82       0.3     1.2    0.952    1.165    0.652   0.556*   0.229
  3.03   2.95    537    220    2.44  50.34       0.4     1.1    0.956    1.165    0.652   0.486*   0.087
  2.95   2.87    488    217    2.25  52.80       0.2     0.8    1.355    1.671    0.955   0.001  -0.346
  2.87   2.80    476    227    2.10  50.33       0.2     0.7    1.447    1.852    1.135  -0.664  -0.070
  2.80   2.74    420    211    1.99  50.12       0.3     0.6    1.077    1.414    0.903   0.037   0.148
  2.74   2.68    394    214    1.84  51.32      -0.0     0.5    3.982    5.100    3.133   0.131   0.154
  2.68   2.62    417    232    1.80  50.99       0.1     0.4    2.868    3.834    2.514   0.373*  -0.318
  2.62   2.57    368    214    1.72  50.59       0.1     0.4    1.474    1.901    1.190   0.049   0.154
  2.57   2.53    325    203    1.60  47.88       0.1     0.4   -5.401   -7.467   -5.131  -0.044   0.332
  2.53   2.49    198    134    1.48  31.90       0.1     0.2   34.045   46.640   31.611  -0.150   0.220
 78.00   2.49  14166   4390    3.23  50.42       0.6     2.9    0.583    0.672    0.322   0.840*  -0.037




                ----------Resolution cutoff estimates----------                

  resolution of all data          :   2.486
  based on CC(1/2) >= 0.33        :   2.947
  based on mean(I/sigma) >= 2.0   :   3.374
  based on R-merge < 0.5          :   6.747
  based on R-meas < 0.5           :   6.747
  based on completeness >= 90%    : (use all data)
  based on completeness >= 50%    :   2.870

NOTE: we recommend using all data out to the CC(1/2) limit
for refinement.

Writing html report to: scaling.html

================================================================================

Saving the experiments to scaled.expt
Saving the scaled reflections to scaled.refl
See dials.github.io/dials_scale_user_guide.html for more info on scaling options
