DIALS (2018) Acta Cryst. D74, 85-97. https://doi.org/10.1107/S2059798317017235
DIALS 2.1.1-gcdd629a7b-release
The following parameters have been modified:

input {
  experiments = scaled.expt
  reflections = scaled.refl
}


Merging scaled reflection data

Read 15946 predicted reflections
Selected 14166 scaled reflections
Combined 10 partial reflections with other partial reflections
Combined 1 partial reflections with other partial reflections
Removed 1537 reflections below partiality threshold
Using median unit cell across experiments : (78.0003, 78.0003, 40.1307, 90, 90, 90)
Running systematic absences check
Laue group: P 4/m
+--------------+---------+---------------+--------------+---------------+--------------+-------------------+------------------+
| Screw axis   |   Score |   No. present |   No. absent |   <I> present |   <I> absent |   <I/sig> present |   <I/sig> absent |
|--------------+---------+---------------+--------------+---------------+--------------+-------------------+------------------|
| 41c          |       0 |             0 |            0 |             0 |            0 |                 0 |                0 |
| 42c          |       0 |             0 |            0 |             0 |            0 |                 0 |                0 |
+--------------+---------+---------------+--------------+---------------+--------------+-------------------+------------------+
+---------------+---------+
| Space group   |   score |
|---------------+---------|
| P 4           |       1 |
| P 41          |       0 |
| P 42          |       0 |
+---------------+---------+
Recommended space group: P 4

Scaling input intensities via French-Wilson Method
Total number of rejected intensities 777

===================== Absolute scaling and Wilson analysis ====================


        ----------Maximum likelihood isotropic Wilson scaling----------

 ML estimate of overall B value:
   16.03 A**2
 Estimated -log of scale factor:
   -5.36
 The overall B value ("Wilson B-factor", derived from the Wilson plot) gives
 an isotropic approximation for the falloff of intensity as a function of
 resolution.  Note that this approximation may be misleading for anisotropic
 data (where the crystal is poorly ordered along an axis).  The Wilson B is
 strongly correlated with refined atomic B-factors but these may differ by
 a significant amount, especially if anisotropy is present.

       ----------Maximum likelihood anisotropic Wilson scaling----------

ML estimate of overall B_cart value:
  14.14,  0.00,  0.00
         14.14,  0.00
                38.11

Equivalent representation as U_cif:
   0.18, -0.00, -0.00
          0.18,  0.00
                 0.48

Eigen analyses of B-cart:
  -------------------------------------------------
  | Eigenvector | Value   | Vector                |
  -------------------------------------------------
  | 1           |  38.111 | ( 0.00,  0.00,  1.00) |
  | 2           |  14.140 | (-0.71,  0.71, -0.00) |
  | 3           |  14.140 | ( 0.71,  0.71, -0.00) |
  -------------------------------------------------
ML estimate of  -log of scale factor:
  -5.35

                    ----------Anisotropy analyses----------


 For the resolution shell spanning between 3.04 - 2.49 Angstrom,
 the mean I/sigI is equal to  0.85.  1.7 % of these intensities have
 an I/sigI > 3. When sorting these intensities by their anisotropic
 correction factor and analysing the I/sigI behavior for this ordered
 list, we can gauge the presence of 'anisotropy induced noise amplification'
 in reciprocal space.

 The quarter of Intensities *least* affected by the anisotropy correction show

    <I/sigI>                 :   8.90e-01
    Fraction of I/sigI > 3   :   2.20e-02     ( Z =     0.86 )
  The quarter of Intensities *most* affected by the anisotropy correction show

    <I/sigI>                 :   7.26e-01
    Fraction of I/sigI > 3   :   2.00e-03     ( Z =     2.59 )
 Z-scores are computed on the basis of a Bernoulli model assuming independence
 of weak reflections with respect to anisotropy.

                        ----------Wilson plot----------

 The Wilson plot shows the falloff in intensity as a function in resolution;
 this is used to calculate the overall B-factor ("Wilson B-factor") for the
 data shown above.  The expected plot is calculated based on analysis of
 macromolecule structures in the PDB, and the distinctive appearance is due to
 the non-random arrangement of atoms in the crystal.  Some variation is
 natural, but major deviations from the expected plot may indicate pathological
 data (including ice rings, detector problems, or processing errors).

                  ----------Mean intensity analyses----------

 Inspired by: Morris et al. (2004). J. Synch. Rad.11, 56-59.
 The following resolution shells are worrisome:
  -----------------------------------------------------------------
  | Mean intensity by shell (outliers)                            |
  |---------------------------------------------------------------|
  | d_spacing     | z_score       | completeness  | <Iobs>/<Iexp> |
  |---------------------------------------------------------------|
  |     4.878     |    4.97       |    0.43       |      0.680    |
  |     3.492     |    6.81       |    0.36       |      0.637    |
  |     3.410     |    5.36       |    0.38       |      0.688    |
  |     3.261     |    7.81       |    0.34       |      0.614    |
  |     3.071     |    5.73       |    0.36       |      0.692    |
  |     2.911     |    4.60       |    0.33       |      0.737    |
  -----------------------------------------------------------------

 Possible reasons for the presence of the reported unexpected low or elevated
 mean intensity in a given resolution bin are :
   - missing overloaded or weak reflections
   - suboptimal data processing
   - satellite (ice) crystals
   - NCS
   - translational pseudo symmetry (detected elsewhere)
   - outliers (detected elsewhere)
   - ice rings (detected elsewhere)
   - other problems
 Note that the presence of abnormalities in a certain region of reciprocal
 space might confuse the data validation algorithm throughout a large region
 of reciprocal space, even though the data are acceptable in those areas.



                     ----------Possible outliers----------

  Inspired by: Read, Acta Cryst. (1999). D55, 1759-1764

Acentric reflections:
            None

Centric reflections:
            None


                 ----------Ice ring related problems----------

 The following statistics were obtained from ice-ring insensitive resolution
 ranges:

    mean bin z_score      : 2.23
        ( rms deviation   : 1.88 )
    mean bin completeness : 0.36
        ( rms deviation   : 0.10 )

 The following table shows the Wilson plot Z-scores and completeness for
 observed data in ice-ring sensitive areas.  The expected relative intensity
 is the theoretical intensity of crystalline ice at the given resolution.
 Large z-scores and high completeness in these resolution ranges might
 be a reason to re-assess your data processsing if ice rings were present.

  -------------------------------------------------------------
  | d_spacing | Expected rel. I | Data Z-score | Completeness |
  -------------------------------------------------------------
  |     3.897 |      1.000      |    1.01      |    0.43      |
  |     3.669 |      0.750      |    0.76      |    0.45      |
  |     3.441 |      0.530      |    5.36      |    0.38      |
  |     2.671 |      0.170      |    1.76      |    0.24      |
  -------------------------------------------------------------
 Abnormalities in mean intensity or completeness at resolution ranges with a
 relative ice ring intensity lower than 0.10 will be ignored.
 No ice ring related problems detected.
 If ice rings were present, the data does not look worse at ice ring related
 d_spacings as compared to the rest of the data set.


                     ----------Merging statistics----------                    

Resolution: 78.00 - 2.49
Observations: 12618
Unique reflections: 4233
Redundancy: 3.0
Completeness: 48.63%
Mean intensity: 0.7
Mean I/sigma(I): 2.6
R-merge: 0.408
R-meas:  0.478
R-pim:   0.239


Statistics by resolution bin:
 d_max  d_min   #obs  #uniq   mult.  %comp       <I>  <I/sI>    r_mrg   r_meas    r_pim   cc1/2   cc_ano
 78.04   6.75    986    250    3.94  53.76       2.6    10.3    0.247    0.290    0.147   0.993*  -0.223
  6.75   5.36   1071    237    4.52  51.19       0.8     4.2    0.427    0.482    0.219   0.797*  -0.070
  5.36   4.68   1023    223    4.59  51.74       0.9     4.3    0.419    0.472    0.212   0.848*  -0.351
  4.68   4.25   1005    215    4.67  49.77       1.3     5.7    0.339    0.382    0.173   0.940*   0.098
  4.25   3.95   1033    229    4.51  51.93       1.0     3.9    0.555    0.624    0.281   0.922*   0.164
  3.95   3.71   1048    224    4.68  52.46       1.3     4.9    0.354    0.398    0.178   0.900*  -0.212
  3.71   3.53   1047    219    4.78  49.66       1.4     5.5    0.368    0.413    0.183   0.808*  -0.341
  3.53   3.37    606    205    2.96  48.69       0.5     1.8    0.572    0.688    0.371   0.786*  -0.247
  3.37   3.24    516    208    2.48  48.60       0.4     1.4    0.659    0.839    0.508   0.753*  -0.123
  3.24   3.13    561    223    2.52  50.34       0.4     1.3    0.605    0.766    0.458   0.760*  -0.227
  3.13   3.03    514    210    2.45  49.18       0.3     1.1    0.598    0.765    0.466   0.670*  -0.036
  3.03   2.95    477    207    2.30  47.37       0.3     1.0    0.684    0.874    0.533   0.600*  -0.456
  2.95   2.87    436    207    2.11  50.36       0.2     0.6    0.825    1.066    0.664   0.525*   0.075
  2.87   2.80    426    220    1.94  48.78       0.3     0.7    0.757    0.989    0.627   0.399*   0.011
  2.80   2.74    369    206    1.79  48.93       0.2     0.5    0.898    1.219    0.816   0.120  -0.291
  2.74   2.68    353    205    1.72  49.16       0.1     0.4    1.586    2.149    1.440   0.180   0.994
  2.68   2.62    370    222    1.67  48.79       0.1     0.3    1.534    2.105    1.432   0.177   1.000
  2.62   2.57    320    201    1.59  47.52       0.1     0.3    2.121    2.930    2.010   0.363*   0.383
  2.57   2.53    280    195    1.44  45.99       0.1     0.3    1.290    1.758    1.186   0.429*   0.000
  2.53   2.49    177    127    1.39  30.24       0.1     0.2    3.055    4.158    2.800  -0.295   0.000
 78.00   2.49  12618   4233    2.98  48.63       0.7     2.6    0.408    0.478    0.239   0.956*  -0.266




                ----------Resolution cutoff estimates----------                

  resolution of all data          :   2.486
  based on CC(1/2) >= 0.33        :   2.800
  based on mean(I/sigma) >= 2.0   :   3.528
  based on R-merge < 0.5          :   4.251
  based on R-meas < 0.5           :   4.251
  based on completeness >= 90%    : (use all data)
  based on completeness >= 50%    :   4.679

NOTE: we recommend using all data out to the CC(1/2) limit
for refinement.


Writing reflections to merged.mtz
Title: From dials.merge
Space group symbol from file: P4
Space group number from file: 75
Space group from matrices: P 4 (No. 75)
Point group symbol from file: 4
Number of crystals: 1
Number of Miller indices: 4233
Resolution range: 78.0003 2.486
History:
  From DIALS 2.1.1-gcdd629a7b-release, run on 2020-05-08 at 11:34:52 CEST  (2020-0
Crystal 1:
  Name: XTAL
  Project: AUTOMATIC
  Id: 1
  Unit cell: (78.0003, 78.0003, 40.1307, 90, 90, 90)
  Number of datasets: 1
  Dataset 1:
    Name: NATIVE
    Id: 1
    Wavelength: 0.0251
    Number of columns: 17
    label    #valid  %valid   min    max type
    H          4233 100.00%  0.00  30.00 H: index h,k,l
    K          4233 100.00%  1.00  30.00 H: index h,k,l
    L          4233 100.00%  0.00   8.00 H: index h,k,l
    IMEAN      4233 100.00% -3.85 121.65 J: intensity
    SIGIMEAN   4233 100.00%  0.06   4.53 Q: standard deviation
    I(+)       3526  83.30% -3.85 121.65 K: I(+) or I(-)
    SIGI(+)    3526  83.30%  0.06   4.53 M: standard deviation
    I(-)       3539  83.61% -1.56   8.01 K: I(+) or I(-)
    SIGI(-)    3539  83.61%  0.06   2.93 M: standard deviation
    N(+)       3526  83.30%  4.00   4.00 I: integer
    N(-)       3539  83.61%  4.00   4.00 I: integer
    F          3766  88.97%  0.19  11.02 F: amplitude
    SIGF       3766  88.97%  0.02   0.57 Q: standard deviation
    F(+)       3197  75.53%  0.19  11.02 G: F(+) or F(-)
    SIGF(+)    3197  75.53%  0.02   0.38 L: standard deviation
    F(-)       3091  73.02%  0.23   2.82 G: F(+) or F(-)
    SIGF(-)    3091  73.02%  0.03   0.32 L: standard deviation

