DIALS (2018) Acta Cryst. D74, 85-97. https://doi.org/10.1107/S2059798317017235
DIALS 2.1.1-gcdd629a7b-release
The following parameters have been modified:

input {
  experiments = integrated.expt
  reflections = integrated.refl
}

Data appears to be unscaled, setting intensity = profile+sum
Data appears to be unscaled, setting mtz.hklout = 'integrated.mtz'
Read 11972 predicted reflections
Selected 11290 reflections integrated by profile and summation methods
Combined 279 partial reflections with other partial reflections
Removed 431 reflections below partiality threshold
Removed 30 intensity.sum.value reflections with I/Sig(I) < -5.0
Removed 18 intensity.prf.value reflections with I/Sig(I) < -5.0
Saving 10532 integrated reflections to integrated.mtz

Title: From dials.export
Space group symbol from file: I23
Space group number from file: 197
Space group from matrices: I 2 3 (No. 197)
Point group symbol from file: 23
Number of batches: 566
Number of crystals: 1
Number of Miller indices: 10532
Resolution range: 8.50591 0.499484
History:
  From DIALS 2.1.1-gcdd629a7b-release, run on 2020-04-09 at 10:44:57 CEST  (2020-0
Crystal 1:
  Name: XTAL
  Project: DIALS
  Id: 1
  Unit cell: (12.0292, 12.0292, 12.0292, 90, 90, 90)
  Number of datasets: 1
  Dataset 1:
    Name: FROMDIALS
    Id: 1
    Wavelength: 0.0251
    Number of columns: 17
    label        #valid  %valid     min        max type
    H             10532 100.00%    0.00      13.00 H: index h,k,l
    K             10532 100.00%    1.00      24.00 H: index h,k,l
    L             10532 100.00%    0.00      23.00 H: index h,k,l
    M_ISYM        10532 100.00%    1.00      22.00 Y: M/ISYM, packed partial/reject flag and symmetry number
    BATCH         10532 100.00%    8.00     559.00 B: BATCH number
    IPR           10532 100.00%   -4.65    6370.99 J: intensity
    SIGIPR        10532 100.00%    0.52      10.82 Q: standard deviation
    I             10532 100.00% -114.13    8184.53 J: intensity
    SIGI          10532 100.00%    1.31      51.58 Q: standard deviation
    BG            10532 100.00% 2763.47 1302679.88 R: real
    SIGBG         10532 100.00%   55.99    1252.08 R: real
    FRACTIONCALC  10532 100.00%    0.99       1.00 R: real
    XDET          10532 100.00%   15.35     483.35 R: real
    YDET          10532 100.00%   18.82     498.77 R: real
    ROT           10532 100.00%  -28.94      37.33 R: real
    LP            10532 100.00%    0.00       0.05 R: real
    QE            10532 100.00%    1.00       1.00 R: real

