DIALS (2018) Acta Cryst. D74, 85-97. https://doi.org/10.1107/S2059798317017235
DIALS 2.1.1-gcdd629a7b-release
The following parameters have been modified:

input {
  template = "/mnt/e/Programming/scipion/scipion-ed/Testdata/190503/garnet/experiment/Garnet_Cont_0###.img"
}
geometry {
  goniometer {
    axes = -0.755 -0.656 0
  }
}


Applying input geometry in the following order:
  1. Manual geometry

--------------------------------------------------------------------------------
  format: <class 'dxtbx.format.FormatSMVADSCSN926.FormatSMVADSCSN926'>
  num images: 566
  sequences:
    still:    0
    sweep:    1
  num stills: 0
--------------------------------------------------------------------------------
Writing experiments to imported.expt
