DIALS (2018) Acta Cryst. D74, 85-97. https://doi.org/10.1107/S2059798317017235
DIALS 2.1.1-gcdd629a7b-release
The following parameters have been modified:

input {
  experiments = imported.expt
  reflections = strong.refl
}

Found max_cell: 11.7 Angstrom
Setting d_min: 0.50
FFT gridding: (256,256,256)
Number of centroids used: 6192
Candidate solutions:
+-------------------------------------+----------+----------------+------------+-------------+-------------------+-----------+-----------------+-----------------+
| unit_cell                           |   volume |   volume score |   #indexed |   % indexed |   % indexed score |   rmsd_xy |   rmsd_xy score |   overall score |
|-------------------------------------+----------+----------------+------------+-------------+-------------------+-----------+-----------------+-----------------|
| 10.36 10.39 10.44 109.3 109.1 108.7 |      880 |           0.01 |       5303 |          85 |              0.01 |      0.05 |            0    |            0.02 |
| 10.38 10.39 10.44 109.3 109.4 108.3 |      882 |           0.01 |       5346 |          86 |              0    |      0.05 |            0.05 |            0.06 |
| 10.40 10.45 10.50 109.6 109.2 108.5 |      890 |           0.03 |       5035 |          81 |              0.09 |      0.05 |            0.06 |            0.17 |
| 10.36 10.44 10.45 109.5 108.8 108.9 |      884 |           0.02 |       4867 |          78 |              0.14 |      0.05 |            0.07 |            0.22 |
| 10.40 10.43 10.44 109.6 108.9 108.6 |      886 |           0.02 |       5021 |          81 |              0.09 |      0.05 |            0.14 |            0.25 |
| 10.43 10.45 10.56 109.5 109.6 108.3 |      896 |           0.04 |       4937 |          79 |              0.11 |      0.05 |            0.1  |            0.25 |
| 10.43 10.44 10.47 109.4 109.5 108.5 |      889 |           0.03 |       4736 |          76 |              0.17 |      0.05 |            0.08 |            0.28 |
| 10.36 10.50 10.56 110.1 109.1 108.3 |      895 |           0.03 |       5021 |          81 |              0.09 |      0.05 |            0.16 |            0.29 |
| 10.38 10.43 10.47 109.3 108.7 108.7 |      890 |           0.03 |       4647 |          75 |              0.2  |      0.05 |            0.07 |            0.29 |
| 10.33 10.39 10.44 109.3 109.1 108.4 |      880 |           0.01 |       5248 |          84 |              0.03 |      0.06 |            0.26 |            0.3  |
| 10.37 10.43 10.51 109.5 108.7 108.6 |      892 |           0.03 |       4645 |          75 |              0.2  |      0.05 |            0.11 |            0.34 |
| 10.36 10.49 10.50 109.8 109.0 108.5 |      890 |           0.03 |       4696 |          75 |              0.19 |      0.05 |            0.15 |            0.36 |
| 10.38 10.47 10.48 109.7 108.5 109.2 |      888 |           0.02 |       4371 |          70 |              0.29 |      0.05 |            0.13 |            0.45 |
| 10.39 10.44 10.45 109.1 109.1 109.0 |      886 |           0.02 |       4169 |          67 |              0.36 |      0.05 |            0.15 |            0.53 |
| 10.34 10.38 10.51 109.1 109.4 108.2 |      887 |           0.02 |       4318 |          69 |              0.31 |      0.06 |            0.24 |            0.57 |
| 10.38 10.44 10.51 109.7 108.7 108.0 |      897 |           0.04 |       4773 |          77 |              0.16 |      0.07 |            0.52 |            0.72 |
| 10.35 10.36 10.47 109.2 108.8 108.3 |      885 |           0.02 |       4447 |          71 |              0.27 |      0.07 |            0.46 |            0.75 |
| 10.38 10.39 10.44 109.3 108.9 108.1 |      890 |           0.03 |       4801 |          77 |              0.16 |      0.07 |            0.59 |            0.77 |
| 10.38 10.39 10.44 109.3 109.7 107.6 |      887 |           0.02 |       4788 |          77 |              0.16 |      0.08 |            0.7  |            0.88 |
| 10.40 10.45 10.51 109.0 109.3 109.1 |      891 |           0.03 |       3512 |          56 |              0.61 |      0.06 |            0.26 |            0.9  |
| 10.37 10.41 10.49 109.5 109.0 107.8 |      894 |           0.03 |       4492 |          72 |              0.25 |      0.08 |            0.66 |            0.95 |
| 10.37 10.39 10.44 109.3 108.8 107.9 |      891 |           0.03 |       4369 |          70 |              0.29 |      0.08 |            0.73 |            1.05 |
| 10.38 10.44 10.44 108.7 109.9 108.5 |      885 |           0.02 |       3511 |          56 |              0.61 |      0.07 |            0.45 |            1.07 |
| 10.27 10.36 10.49 108.9 109.0 109.0 |      875 |           0    |       2634 |          42 |              1.02 |      0.05 |            0.06 |            1.09 |
| 10.34 10.45 10.47 108.9 108.9 109.4 |      884 |           0.02 |       3063 |          49 |              0.8  |      0.06 |            0.28 |            1.1  |
| 10.31 10.37 10.44 110.4 108.7 107.2 |      880 |           0.01 |       4137 |          66 |              0.37 |      0.09 |            0.81 |            1.19 |
| 10.34 10.44 10.49 108.9 109.0 109.2 |      885 |           0.02 |       3150 |          51 |              0.76 |      0.06 |            0.41 |            1.2  |
| 10.41 10.44 10.47 108.4 109.2 109.7 |      888 |           0.02 |       3099 |          50 |              0.79 |      0.06 |            0.39 |            1.2  |
| 10.31 10.42 10.49 109.2 109.4 107.5 |      890 |           0.03 |       3324 |          53 |              0.69 |      0.07 |            0.61 |            1.32 |
| 10.34 10.50 10.59 109.5 108.8 109.2 |      895 |           0.03 |       3102 |          50 |              0.79 |      0.07 |            0.56 |            1.38 |
| 10.34 10.56 10.60 109.8 108.6 109.2 |      900 |           0.04 |       3149 |          51 |              0.76 |      0.07 |            0.6  |            1.4  |
| 10.38 10.46 10.54 108.5 109.6 109.4 |      890 |           0.03 |       2914 |          47 |              0.88 |      0.07 |            0.56 |            1.46 |
| 10.42 10.44 10.47 108.4 108.1 110.3 |      894 |           0.03 |       3648 |          59 |              0.55 |      0.09 |            0.89 |            1.48 |
| 10.36 10.50 10.61 109.3 109.0 109.2 |      897 |           0.04 |       2813 |          45 |              0.93 |      0.07 |            0.53 |            1.5  |
| 10.36 10.44 10.61 108.9 108.8 108.7 |      905 |           0.05 |       3091 |          50 |              0.79 |      0.08 |            0.68 |            1.52 |
| 10.37 10.47 10.61 109.4 108.9 109.3 |      896 |           0.04 |       2762 |          44 |              0.95 |      0.07 |            0.55 |            1.54 |
| 10.40 10.50 10.64 109.6 108.6 109.3 |      903 |           0.05 |       3166 |          51 |              0.76 |      0.08 |            0.74 |            1.55 |
| 10.39 10.56 10.61 109.3 108.8 109.6 |      904 |           0.05 |       2829 |          45 |              0.92 |      0.07 |            0.59 |            1.56 |
| 10.38 10.44 10.61 108.9 109.2 109.3 |      896 |           0.04 |       2518 |          40 |              1.09 |      0.07 |            0.5  |            1.62 |
| 10.39 10.45 10.49 108.3 109.2 109.8 |      889 |           0.02 |       2102 |          34 |              1.35 |      0.06 |            0.26 |            1.63 |
| 10.37 10.44 10.61 108.9 108.4 109.6 |      900 |           0.04 |       3032 |          49 |              0.82 |      0.08 |            0.77 |            1.63 |
| 10.36 10.44 10.61 108.9 109.5 109.0 |      894 |           0.03 |       2345 |          38 |              1.19 |      0.07 |            0.47 |            1.7  |
| 10.36 10.46 10.61 110.2 108.2 109.1 |      895 |           0.03 |       2071 |          33 |              1.37 |      0.06 |            0.36 |            1.77 |
| 10.32 10.45 10.46 109.1 109.1 109.0 |      881 |           0.01 |       2131 |          34 |              1.33 |      0.07 |            0.58 |            1.92 |
| 10.34 10.45 10.50 109.5 109.3 108.5 |      885 |           0.02 |       2145 |          34 |              1.32 |      0.08 |            0.71 |            2.05 |
| 10.43 10.45 10.59 107.8 110.0 109.9 |      896 |           0.04 |       1475 |          24 |              1.86 |      0.06 |            0.19 |            2.09 |
| 10.32 10.44 10.45 110.4 107.8 109.0 |      880 |           0.01 |       1552 |          25 |              1.78 |      0.08 |            0.79 |            2.59 |
| 10.36 10.49 10.61 108.1 110.3 109.2 |      896 |           0.04 |       1195 |          19 |              2.16 |      0.07 |            0.51 |            2.71 |
| 10.30 10.36 10.46 109.5 108.9 108.6 |      874 |           0    |       1331 |          21 |              2.01 |      0.09 |            0.89 |            2.9  |
| 10.30 10.45 10.49 112.4 109.1 105.7 |      879 |           0.01 |        600 |          10 |              3.16 |      0.09 |            0.83 |            3.99 |
+-------------------------------------+----------+----------------+------------+-------------+-------------------+-----------+-----------------+-----------------+
Using d_min_step 0.0

Indexed crystal models:
model 1 (5303 reflections):
Crystal:
    Unit cell: (10.363, 10.392, 10.442, 109.264, 109.062, 108.694)
    Space group: P 1
    U matrix:  {{ 0.5452,  0.4408,  0.7131},
                { 0.6961, -0.7120, -0.0921},
                { 0.4671,  0.5466, -0.6950}}
    B matrix:  {{ 0.0965,  0.0000,  0.0000},
                { 0.0327,  0.1016,  0.0000},
                { 0.0563,  0.0564,  0.1159}}
    A = UB:    {{ 0.1071,  0.0850,  0.0826},
                { 0.0387, -0.0775, -0.0107},
                { 0.0238,  0.0163, -0.0805}}
+------------+-------------+---------------+-------------+
|   Imageset |   # indexed |   # unindexed | % indexed   |
|------------+-------------+---------------+-------------|
|          0 |        5303 |           919 | 85.2%       |
+------------+-------------+---------------+-------------+

################################################################################
Starting refinement (macro-cycle 1)
################################################################################


Summary statistics for 5303 observations matched to predictions:
+-------------------+---------+----------+----------+----------+--------+
|                   |     Min |       Q1 |      Med |       Q3 |    Max |
|-------------------+---------+----------+----------+----------+--------|
| Xc - Xo (mm)      | -0.1906 | -0.05661 | -0.03405 | -0.01223 | 0.2128 |
| Yc - Yo (mm)      | -0.1021 |   0.0618 |  0.08475 |    0.107 |  0.154 |
| Phic - Phio (deg) |   -57.6 |  -0.3176 | -0.09267 |  0.08548 |  21.33 |
| X weights         |    4544 |     4760 |     4782 |     4794 |   4800 |
| Y weights         |    4572 |     4765 |     4784 |     4794 |   4800 |
| Phi weights       |   693.8 |    825.9 |    829.5 |    831.2 |  833.3 |
+-------------------+---------+----------+----------+----------+--------+

Detecting centroid outliers using the Tukey algorithm
725 reflections have been flagged as outliers
4578 reflections remain in the manager

Summary statistics for 4578 observations matched to predictions:
+-------------------+----------+----------+----------+----------+---------+
|                   |      Min |       Q1 |      Med |       Q3 |     Max |
|-------------------+----------+----------+----------+----------+---------|
| Xc - Xo (mm)      |  -0.1271 | -0.05668 | -0.03508 | -0.01498 | 0.06032 |
| Yc - Yo (mm)      | -0.01207 |  0.06369 |  0.08628 |   0.1083 |   0.154 |
| Phic - Phio (deg) |   -1.456 |  -0.2995 | -0.09113 |  0.07204 |  0.7869 |
| X weights         |     4602 |     4762 |     4783 |     4794 |    4800 |
| Y weights         |     4572 |     4766 |     4784 |     4794 |    4800 |
| Phi weights       |    736.1 |    826.7 |    829.8 |    831.4 |   833.3 |
+-------------------+----------+----------+----------+----------+---------+

There are 16 parameters to refine against 4578 reflections in 3 dimensions

Refinement steps:
+--------+--------+----------+----------+------------+
|   Step |   Nref |   RMSD_X |   RMSD_Y |   RMSD_Phi |
|        |        |     (mm) |     (mm) |      (deg) |
|--------+--------+----------+----------+------------|
|      0 |   4578 | 0.046464 | 0.090195 |   0.35748  |
|      1 |   4578 | 0.029706 | 0.029901 |   0.30716  |
|      2 |   4578 | 0.030479 | 0.033894 |   0.24744  |
|      3 |   4578 | 0.030434 | 0.036289 |   0.17571  |
|      4 |   4578 | 0.029056 | 0.033769 |   0.11596  |
|      5 |   4578 | 0.028267 | 0.030268 |   0.094834 |
|      6 |   4578 | 0.02721  | 0.027871 |   0.091488 |
|      7 |   4578 | 0.02699  | 0.027381 |   0.090653 |
|      8 |   4578 | 0.027018 | 0.027352 |   0.090488 |
|      9 |   4578 | 0.026988 | 0.027328 |   0.090477 |
|     10 |   4578 | 0.026929 | 0.027297 |   0.090489 |
|     11 |   4578 | 0.026889 | 0.027277 |   0.090519 |
|     12 |   4578 | 0.026881 | 0.027271 |   0.090536 |
|     13 |   4578 | 0.026883 | 0.027267 |   0.090538 |
|     14 |   4578 | 0.026885 | 0.027265 |   0.090538 |
+--------+--------+----------+----------+------------+
RMSD no longer decreasing

RMSDs by experiment:
+-------+--------+----------+----------+------------+
|   Exp |   Nref |   RMSD_X |   RMSD_Y |     RMSD_Z |
|    id |        |     (px) |     (px) |   (images) |
|-------+--------+----------+----------+------------|
|     0 |   4578 |   0.5377 |  0.54529 |    0.75448 |
+-------+--------+----------+----------+------------+

Refined crystal models:
model 1 (5303 reflections):
Crystal:
    Unit cell: (10.403(7), 10.421(8), 10.554(8), 109.848(10), 109.352(15), 108.202(9))
    Space group: P 1
    U matrix:  {{ 0.5376,  0.4409,  0.7187},
                { 0.6980, -0.7109, -0.0860},
                { 0.4730,  0.5479, -0.6899}}
    B matrix:  {{ 0.0961,  0.0000,  0.0000},
                { 0.0316,  0.1010,  0.0000},
                { 0.0568,  0.0574,  0.1155}}
    A = UB:    {{ 0.1065,  0.0858,  0.0830},
                { 0.0397, -0.0768, -0.0099},
                { 0.0236,  0.0157, -0.0797}}
+------------+-------------+---------------+-------------+
|   Imageset |   # indexed |   # unindexed | % indexed   |
|------------+-------------+---------------+-------------|
|          0 |        5303 |           899 | 85.5%       |
+------------+-------------+---------------+-------------+

Indexed crystal models:
model 1 (6019 reflections):
Crystal:
    Unit cell: (10.403(7), 10.421(8), 10.554(8), 109.848(10), 109.352(15), 108.202(9))
    Space group: P 1
    U matrix:  {{ 0.5376,  0.4409,  0.7187},
                { 0.6980, -0.7109, -0.0860},
                { 0.4730,  0.5479, -0.6899}}
    B matrix:  {{ 0.0961,  0.0000,  0.0000},
                { 0.0316,  0.1010,  0.0000},
                { 0.0568,  0.0574,  0.1155}}
    A = UB:    {{ 0.1065,  0.0858,  0.0830},
                { 0.0397, -0.0768, -0.0099},
                { 0.0236,  0.0157, -0.0797}}
+------------+-------------+---------------+-------------+
|   Imageset |   # indexed |   # unindexed | % indexed   |
|------------+-------------+---------------+-------------|
|          0 |        6039 |           163 | 97.4%       |
+------------+-------------+---------------+-------------+

################################################################################
Starting refinement (macro-cycle 2)
################################################################################


Summary statistics for 6016 observations matched to predictions:
+-------------------+---------+----------+----------+---------+--------+
|                   |     Min |       Q1 |      Med |      Q3 |    Max |
|-------------------+---------+----------+----------+---------+--------|
| Xc - Xo (mm)      | -0.1567 | -0.01869 | 0.001607 | 0.02223 | 0.2231 |
| Yc - Yo (mm)      | -0.1439 | -0.01721 | 0.003527 | 0.02917 |  0.156 |
| Phic - Phio (deg) |  -45.08 | -0.03482 | 0.003471 | 0.04242 |  15.55 |
| X weights         |    4519 |     4759 |     4781 |    4793 |   4800 |
| Y weights         |    4572 |     4763 |     4782 |    4793 |   4800 |
| Phi weights       |   693.8 |    825.4 |    829.2 |   831.1 |  833.3 |
+-------------------+---------+----------+----------+---------+--------+

Detecting centroid outliers using the Tukey algorithm
926 reflections have been flagged as outliers
5090 reflections remain in the manager

Summary statistics for 5090 observations matched to predictions:
+-------------------+----------+----------+----------+---------+---------+
|                   |      Min |       Q1 |      Med |      Q3 |     Max |
|-------------------+----------+----------+----------+---------+---------|
| Xc - Xo (mm)      | -0.08859 | -0.01794 | 0.000914 | 0.01893 | 0.08501 |
| Yc - Yo (mm)      | -0.08765 |  -0.0172 | 0.001711 | 0.02491 |  0.1063 |
| Phic - Phio (deg) |  -0.1754 | -0.03026 | 0.004237 | 0.03923 |  0.1791 |
| X weights         |     4602 |     4761 |     4782 |    4793 |    4800 |
| Y weights         |     4572 |     4765 |     4783 |    4794 |    4800 |
| Phi weights       |    733.8 |    826.1 |    829.6 |   831.3 |   833.3 |
+-------------------+----------+----------+----------+---------+---------+

There are 16 parameters to refine against 5090 reflections in 3 dimensions

Refinement steps:
+--------+--------+----------+----------+------------+
|   Step |   Nref |   RMSD_X |   RMSD_Y |   RMSD_Phi |
|        |        |     (mm) |     (mm) |      (deg) |
|--------+--------+----------+----------+------------|
|      0 |   5090 | 0.02821  | 0.030561 |   0.055085 |
|      1 |   5090 | 0.027986 | 0.030196 |   0.053425 |
|      2 |   5090 | 0.027905 | 0.03019  |   0.052299 |
|      3 |   5090 | 0.027883 | 0.030188 |   0.051752 |
|      4 |   5090 | 0.027868 | 0.030152 |   0.051587 |
|      5 |   5090 | 0.027861 | 0.030126 |   0.051439 |
|      6 |   5090 | 0.027855 | 0.030121 |   0.051257 |
|      7 |   5090 | 0.027844 | 0.030115 |   0.051138 |
|      8 |   5090 | 0.027809 | 0.030075 |   0.051084 |
|      9 |   5090 | 0.027725 | 0.029978 |   0.051023 |
|     10 |   5090 | 0.027585 | 0.029834 |   0.050902 |
|     11 |   5090 | 0.027466 | 0.029759 |   0.050682 |
|     12 |   5090 | 0.027421 | 0.029785 |   0.050423 |
|     13 |   5090 | 0.027413 | 0.029818 |   0.050285 |
|     14 |   5090 | 0.027411 | 0.02983  |   0.050243 |
|     15 |   5090 | 0.027411 | 0.029833 |   0.050232 |
|     16 |   5090 | 0.027411 | 0.029834 |   0.05023  |
+--------+--------+----------+----------+------------+
RMSD no longer decreasing

RMSDs by experiment:
+-------+--------+----------+----------+------------+
|   Exp |   Nref |   RMSD_X |   RMSD_Y |     RMSD_Z |
|    id |        |     (px) |     (px) |   (images) |
|-------+--------+----------+----------+------------|
|     0 |   5090 |  0.54822 |  0.59668 |    0.41858 |
+-------+--------+----------+----------+------------+

Refined crystal models:
model 1 (6015 reflections):
Crystal:
    Unit cell: (10.398(5), 10.422(5), 10.546(5), 109.851(7), 109.418(11), 108.221(9))
    Space group: P 1
    U matrix:  {{ 0.5359,  0.4419,  0.7194},
                { 0.6992, -0.7099, -0.0847},
                { 0.4733,  0.5484, -0.6894}}
    B matrix:  {{ 0.0962,  0.0000,  0.0000},
                { 0.0317,  0.1010,  0.0000},
                { 0.0571,  0.0576,  0.1157}}
    A = UB:    {{ 0.1066,  0.0860,  0.0832},
                { 0.0399, -0.0766, -0.0098},
                { 0.0235,  0.0157, -0.0798}}
+------------+-------------+---------------+-------------+
|   Imageset |   # indexed |   # unindexed | % indexed   |
|------------+-------------+---------------+-------------|
|          0 |        6015 |           179 | 97.1%       |
+------------+-------------+---------------+-------------+

Indexed crystal models:
model 1 (6070 reflections):
Crystal:
    Unit cell: (10.398(5), 10.422(5), 10.546(5), 109.851(7), 109.418(11), 108.221(9))
    Space group: P 1
    U matrix:  {{ 0.5359,  0.4419,  0.7194},
                { 0.6992, -0.7099, -0.0847},
                { 0.4733,  0.5484, -0.6894}}
    B matrix:  {{ 0.0962,  0.0000,  0.0000},
                { 0.0317,  0.1010,  0.0000},
                { 0.0571,  0.0576,  0.1157}}
    A = UB:    {{ 0.1066,  0.0860,  0.0832},
                { 0.0399, -0.0766, -0.0098},
                { 0.0235,  0.0157, -0.0798}}
+------------+-------------+---------------+-------------+
|   Imageset |   # indexed |   # unindexed | % indexed   |
|------------+-------------+---------------+-------------|
|          0 |        6073 |           121 | 98.0%       |
+------------+-------------+---------------+-------------+

################################################################################
Starting refinement (macro-cycle 3)
################################################################################


Summary statistics for 6067 observations matched to predictions:
+-------------------+---------+----------+-----------+---------+--------+
|                   |     Min |       Q1 |       Med |      Q3 |    Max |
|-------------------+---------+----------+-----------+---------+--------|
| Xc - Xo (mm)      | -0.1555 | -0.01901 |  0.002019 | 0.02225 | 0.2208 |
| Yc - Yo (mm)      | -0.1301 | -0.01978 |   0.00235 | 0.02735 | 0.1529 |
| Phic - Phio (deg) |  -43.53 | -0.03572 | 0.0008978 | 0.03547 |  14.57 |
| X weights         |    4519 |     4759 |      4781 |    4793 |   4800 |
| Y weights         |    4572 |     4762 |      4782 |    4793 |   4800 |
| Phi weights       |   693.8 |    825.4 |     829.2 |   831.1 |  833.3 |
+-------------------+---------+----------+-----------+---------+--------+

Detecting centroid outliers using the Tukey algorithm
807 reflections have been flagged as outliers
5260 reflections remain in the manager

Summary statistics for 5260 observations matched to predictions:
+-------------------+----------+----------+-----------+---------+---------+
|                   |      Min |       Q1 |       Med |      Q3 |     Max |
|-------------------+----------+----------+-----------+---------+---------|
| Xc - Xo (mm)      | -0.08993 | -0.01918 | 0.0009952 | 0.01875 | 0.08446 |
| Yc - Yo (mm)      | -0.09752 |  -0.0197 |  0.001215 |  0.0237 | 0.09916 |
| Phic - Phio (deg) |  -0.1649 | -0.03155 |  0.001664 |  0.0337 |  0.1544 |
| X weights         |     4519 |     4760 |      4782 |    4793 |    4800 |
| Y weights         |     4572 |     4764 |      4783 |    4793 |    4800 |
| Phi weights       |      725 |      826 |     829.5 |   831.2 |   833.3 |
+-------------------+----------+----------+-----------+---------+---------+

There are 16 parameters to refine against 5260 reflections in 3 dimensions

Refinement steps:
+--------+--------+----------+----------+------------+
|   Step |   Nref |   RMSD_X |   RMSD_Y |   RMSD_Phi |
|        |        |     (mm) |     (mm) |      (deg) |
|--------+--------+----------+----------+------------|
|      0 |   5260 | 0.028486 | 0.031326 |   0.050074 |
|      1 |   5260 | 0.028378 | 0.031236 |   0.049873 |
|      2 |   5260 | 0.02833  | 0.031242 |   0.049743 |
|      3 |   5260 | 0.028315 | 0.031247 |   0.049689 |
|      4 |   5260 | 0.028306 | 0.031249 |   0.049675 |
|      5 |   5260 | 0.028303 | 0.03125  |   0.04965  |
|      6 |   5260 | 0.028302 | 0.03125  |   0.049612 |
|      7 |   5260 | 0.028299 | 0.031246 |   0.049572 |
|      8 |   5260 | 0.028285 | 0.031232 |   0.049517 |
|      9 |   5260 | 0.028253 | 0.031203 |   0.04939  |
|     10 |   5260 | 0.028206 | 0.031174 |   0.049129 |
|     11 |   5260 | 0.028179 | 0.031192 |   0.048767 |
|     12 |   5260 | 0.028177 | 0.031229 |   0.048498 |
|     13 |   5260 | 0.028179 | 0.03125  |   0.048394 |
|     14 |   5260 | 0.02818  | 0.031256 |   0.048368 |
|     15 |   5260 | 0.02818  | 0.031257 |   0.048362 |
|     16 |   5260 | 0.02818  | 0.031258 |   0.048361 |
+--------+--------+----------+----------+------------+
RMSD no longer decreasing

RMSDs by experiment:
+-------+--------+----------+----------+------------+
|   Exp |   Nref |   RMSD_X |   RMSD_Y |     RMSD_Z |
|    id |        |     (px) |     (px) |   (images) |
|-------+--------+----------+----------+------------|
|     0 |   5260 |   0.5636 |  0.62515 |    0.40301 |
+-------+--------+----------+----------+------------+

Refined crystal models:
model 1 (6066 reflections):
Crystal:
    Unit cell: (10.407(5), 10.435(6), 10.551(6), 109.833(7), 109.480(12), 108.286(11))
    Space group: P 1
    U matrix:  {{ 0.5339,  0.4431,  0.7202},
                { 0.7005, -0.7088, -0.0832},
                { 0.4736,  0.5489, -0.6888}}
    B matrix:  {{ 0.0961,  0.0000,  0.0000},
                { 0.0318,  0.1009,  0.0000},
                { 0.0573,  0.0576,  0.1158}}
    A = UB:    {{ 0.1066,  0.0862,  0.0834},
                { 0.0400, -0.0763, -0.0096},
                { 0.0235,  0.0157, -0.0797}}
+------------+-------------+---------------+-------------+
|   Imageset |   # indexed |   # unindexed | % indexed   |
|------------+-------------+---------------+-------------|
|          0 |        6066 |           123 | 98.0%       |
+------------+-------------+---------------+-------------+

Indexed crystal models:
model 1 (6075 reflections):
Crystal:
    Unit cell: (10.407(5), 10.435(6), 10.551(6), 109.833(7), 109.480(12), 108.286(11))
    Space group: P 1
    U matrix:  {{ 0.5339,  0.4431,  0.7202},
                { 0.7005, -0.7088, -0.0832},
                { 0.4736,  0.5489, -0.6888}}
    B matrix:  {{ 0.0961,  0.0000,  0.0000},
                { 0.0318,  0.1009,  0.0000},
                { 0.0573,  0.0576,  0.1158}}
    A = UB:    {{ 0.1066,  0.0862,  0.0834},
                { 0.0400, -0.0763, -0.0096},
                { 0.0235,  0.0157, -0.0797}}
+------------+-------------+---------------+-------------+
|   Imageset |   # indexed |   # unindexed | % indexed   |
|------------+-------------+---------------+-------------|
|          0 |        6075 |           114 | 98.2%       |
+------------+-------------+---------------+-------------+

################################################################################
Starting refinement (macro-cycle 4)
################################################################################


Summary statistics for 6072 observations matched to predictions:
+-------------------+---------+----------+-----------+---------+--------+
|                   |     Min |       Q1 |       Med |      Q3 |    Max |
|-------------------+---------+----------+-----------+---------+--------|
| Xc - Xo (mm)      | -0.1562 | -0.01885 |  0.002283 | 0.02286 | 0.2219 |
| Yc - Yo (mm)      | -0.1343 | -0.02129 |  0.002257 | 0.02578 | 0.1469 |
| Phic - Phio (deg) |  -42.81 | -0.03395 | 0.0003696 | 0.03284 |  14.24 |
| X weights         |    4519 |     4759 |      4781 |    4793 |   4800 |
| Y weights         |    4572 |     4762 |      4782 |    4793 |   4800 |
| Phi weights       |   693.8 |    825.4 |     829.2 |   831.1 |  833.3 |
+-------------------+---------+----------+-----------+---------+--------+

Detecting centroid outliers using the Tukey algorithm
774 reflections have been flagged as outliers
5298 reflections remain in the manager

Summary statistics for 5298 observations matched to predictions:
+-------------------+---------+----------+----------+---------+---------+
|                   |     Min |       Q1 |      Med |      Q3 |     Max |
|-------------------+---------+----------+----------+---------+---------|
| Xc - Xo (mm)      | -0.0835 | -0.01904 | 0.001134 | 0.01923 | 0.08545 |
| Yc - Yo (mm)      | -0.1004 | -0.02072 | 0.001605 | 0.02345 |  0.1009 |
| Phic - Phio (deg) | -0.1544 | -0.02956 | 0.001645 | 0.03183 |  0.1455 |
| X weights         |    4519 |     4760 |     4782 |    4793 |    4800 |
| Y weights         |    4572 |     4764 |     4782 |    4793 |    4800 |
| Phi weights       |     725 |    826.1 |    829.5 |   831.2 |   833.3 |
+-------------------+---------+----------+----------+---------+---------+

There are 16 parameters to refine against 5298 reflections in 3 dimensions

Refinement steps:
+--------+--------+----------+----------+------------+
|   Step |   Nref |   RMSD_X |   RMSD_Y |   RMSD_Phi |
|        |        |     (mm) |     (mm) |      (deg) |
|--------+--------+----------+----------+------------|
|      0 |   5298 | 0.028485 | 0.031958 |   0.047563 |
|      1 |   5298 | 0.028458 | 0.031934 |   0.047518 |
|      2 |   5298 | 0.028445 | 0.031937 |   0.047484 |
|      3 |   5298 | 0.02844  | 0.031937 |   0.047475 |
|      4 |   5298 | 0.028436 | 0.031936 |   0.047478 |
|      5 |   5298 | 0.028434 | 0.031934 |   0.047476 |
+--------+--------+----------+----------+------------+
RMSD no longer decreasing

RMSDs by experiment:
+-------+--------+----------+----------+------------+
|   Exp |   Nref |   RMSD_X |   RMSD_Y |     RMSD_Z |
|    id |        |     (px) |     (px) |   (images) |
|-------+--------+----------+----------+------------|
|     0 |   5298 |  0.56868 |  0.63868 |    0.39563 |
+-------+--------+----------+----------+------------+

Refined crystal models:
model 1 (6072 reflections):
Crystal:
    Unit cell: (10.4065(8), 10.4352(8), 10.5516(7), 109.831(5), 109.484(6), 108.284(5))
    Space group: P 1
    U matrix:  {{ 0.5338,  0.4432,  0.7202},
                { 0.7005, -0.7088, -0.0831},
                { 0.4737,  0.5489, -0.6888}}
    B matrix:  {{ 0.0961,  0.0000,  0.0000},
                { 0.0317,  0.1009,  0.0000},
                { 0.0573,  0.0576,  0.1158}}
    A = UB:    {{ 0.1066,  0.0862,  0.0834},
                { 0.0401, -0.0763, -0.0096},
                { 0.0235,  0.0157, -0.0797}}
+------------+-------------+---------------+-------------+
|   Imageset |   # indexed |   # unindexed | % indexed   |
|------------+-------------+---------------+-------------|
|          0 |        6072 |           114 | 98.2%       |
+------------+-------------+---------------+-------------+

Indexed crystal models:
model 1 (6073 reflections):
Crystal:
    Unit cell: (10.4065(8), 10.4352(8), 10.5516(7), 109.831(5), 109.484(6), 108.284(5))
    Space group: P 1
    U matrix:  {{ 0.5338,  0.4432,  0.7202},
                { 0.7005, -0.7088, -0.0831},
                { 0.4737,  0.5489, -0.6888}}
    B matrix:  {{ 0.0961,  0.0000,  0.0000},
                { 0.0317,  0.1009,  0.0000},
                { 0.0573,  0.0576,  0.1158}}
    A = UB:    {{ 0.1066,  0.0862,  0.0834},
                { 0.0401, -0.0763, -0.0096},
                { 0.0235,  0.0157, -0.0797}}
+------------+-------------+---------------+-------------+
|   Imageset |   # indexed |   # unindexed | % indexed   |
|------------+-------------+---------------+-------------|
|          0 |        6073 |           113 | 98.2%       |
+------------+-------------+---------------+-------------+

################################################################################
Starting refinement (macro-cycle 5)
################################################################################


Summary statistics for 6070 observations matched to predictions:
+-------------------+---------+----------+------------+---------+--------+
|                   |     Min |       Q1 |        Med |      Q3 |    Max |
|-------------------+---------+----------+------------+---------+--------|
| Xc - Xo (mm)      | -0.1568 | -0.01882 |   0.001985 | 0.02297 | 0.2197 |
| Yc - Yo (mm)      | -0.1339 | -0.02265 |   0.001061 | 0.02468 | 0.1529 |
| Phic - Phio (deg) |  -42.62 | -0.03423 | -0.0004169 | 0.03217 |  14.08 |
| X weights         |    4519 |     4759 |       4781 |    4793 |   4800 |
| Y weights         |    4572 |     4762 |       4782 |    4793 |   4800 |
| Phi weights       |   693.8 |    825.4 |      829.2 |   831.1 |  833.3 |
+-------------------+---------+----------+------------+---------+--------+

Detecting centroid outliers using the Tukey algorithm
752 reflections have been flagged as outliers
5318 reflections remain in the manager

Summary statistics for 5318 observations matched to predictions:
+-------------------+----------+----------+-----------+---------+---------+
|                   |      Min |       Q1 |       Med |      Q3 |     Max |
|-------------------+----------+----------+-----------+---------+---------|
| Xc - Xo (mm)      | -0.08998 |  -0.0192 | 0.0008367 | 0.01922 | 0.08601 |
| Yc - Yo (mm)      |  -0.1086 | -0.02218 | 0.0005018 | 0.02221 |  0.1001 |
| Phic - Phio (deg) |  -0.1582 | -0.03004 | 0.0009966 | 0.03082 |  0.1432 |
| X weights         |     4519 |     4760 |      4781 |    4793 |    4800 |
| Y weights         |     4572 |     4763 |      4782 |    4793 |    4800 |
| Phi weights       |      725 |      826 |     829.5 |   831.2 |   833.3 |
+-------------------+----------+----------+-----------+---------+---------+

There are 16 parameters to refine against 5318 reflections in 3 dimensions

Refinement steps:
+--------+--------+----------+----------+------------+
|   Step |   Nref |   RMSD_X |   RMSD_Y |   RMSD_Phi |
|        |        |     (mm) |     (mm) |      (deg) |
|--------+--------+----------+----------+------------|
|      0 |   5318 | 0.028831 | 0.032195 |   0.047282 |
|      1 |   5318 | 0.028817 | 0.032199 |   0.047272 |
|      2 |   5318 | 0.028809 | 0.032202 |   0.047265 |
|      3 |   5318 | 0.028806 | 0.032202 |   0.047266 |
|      4 |   5318 | 0.028805 | 0.0322   |   0.047271 |
+--------+--------+----------+----------+------------+
RMSD no longer decreasing

RMSDs by experiment:
+-------+--------+----------+----------+------------+
|   Exp |   Nref |   RMSD_X |   RMSD_Y |     RMSD_Z |
|    id |        |     (px) |     (px) |   (images) |
|-------+--------+----------+----------+------------|
|     0 |   5318 |  0.57609 |  0.64401 |    0.39393 |
+-------+--------+----------+----------+------------+

Refined crystal models:
model 1 (6073 reflections):
Crystal:
    Unit cell: (10.4064(6), 10.4350(6), 10.5517(5), 109.831(4), 109.486(4), 108.282(4))
    Space group: P 1
    U matrix:  {{ 0.5337,  0.4432,  0.7202},
                { 0.7005, -0.7088, -0.0830},
                { 0.4737,  0.5489, -0.6888}}
    B matrix:  {{ 0.0961,  0.0000,  0.0000},
                { 0.0317,  0.1009,  0.0000},
                { 0.0573,  0.0576,  0.1158}}
    A = UB:    {{ 0.1066,  0.0862,  0.0834},
                { 0.0401, -0.0763, -0.0096},
                { 0.0235,  0.0157, -0.0797}}
+------------+-------------+---------------+-------------+
|   Imageset |   # indexed |   # unindexed | % indexed   |
|------------+-------------+---------------+-------------|
|          0 |        6073 |           113 | 98.2%       |
+------------+-------------+---------------+-------------+
Saving refined experiments to indexed.expt
Saving refined reflections to indexed.refl
