DIALS (2018) Acta Cryst. D74, 85-97. https://doi.org/10.1107/S2059798317017235
DIALS 2.1.1-gcdd629a7b-release
The following parameters have been modified:

input {
  experiments = bravais_setting_22.expt
  reflections = reindexed.refl
}

Configuring refiner

Summary statistics for 6070 observations matched to predictions:
+-------------------+---------+----------+----------+---------+--------+
|                   |     Min |       Q1 |      Med |      Q3 |    Max |
|-------------------+---------+----------+----------+---------+--------|
| Xc - Xo (mm)      | -0.1566 | -0.01946 | 0.001577 | 0.02512 | 0.2727 |
| Yc - Yo (mm)      |  -0.208 | -0.02781 | 0.004911 | 0.02597 |  0.124 |
| Phic - Phio (deg) |  -41.09 | -0.07698 | -0.01724 | 0.06356 |  14.87 |
| X weights         |    4519 |     4759 |     4781 |    4793 |   4800 |
| Y weights         |    4572 |     4762 |     4782 |    4793 |   4800 |
| Phi weights       |   693.8 |    825.4 |    829.2 |   831.1 |  833.3 |
+-------------------+---------+----------+----------+---------+--------+

Detecting centroid outliers using the MCD algorithm
1123 reflections have been flagged as outliers
4947 reflections remain in the manager

Summary statistics for 4947 observations matched to predictions:
+-------------------+----------+----------+-----------+---------+--------+
|                   |      Min |       Q1 |       Med |      Q3 |    Max |
|-------------------+----------+----------+-----------+---------+--------|
| Xc - Xo (mm)      |  -0.1029 | -0.02205 | -0.002212 | 0.01736 | 0.1044 |
| Yc - Yo (mm)      | -0.09093 | -0.01548 |  0.009266 | 0.02792 | 0.1069 |
| Phic - Phio (deg) |  -0.2238 | -0.07032 |  -0.01491 | 0.06188 | 0.3026 |
| X weights         |     4519 |     4761 |      4782 |    4793 |   4800 |
| Y weights         |     4572 |     4763 |      4782 |    4793 |   4800 |
| Phi weights       |    733.8 |    826.5 |     829.7 |   831.3 |  833.3 |
+-------------------+----------+----------+-----------+---------+--------+

There are 11 parameters to refine against 4947 reflections in 3 dimensions
Performing refinement of a single Experiment...

Refinement steps:
+--------+--------+----------+----------+------------+
|   Step |   Nref |   RMSD_X |   RMSD_Y |   RMSD_Phi |
|        |        |     (mm) |     (mm) |      (deg) |
|--------+--------+----------+----------+------------|
|      0 |   4947 | 0.030449 | 0.031414 |   0.092019 |
|      1 |   4947 | 0.030491 | 0.03072  |   0.091935 |
|      2 |   4947 | 0.030547 | 0.030636 |   0.091809 |
|      3 |   4947 | 0.03055  | 0.03063  |   0.091704 |
|      4 |   4947 | 0.030559 | 0.030599 |   0.091664 |
|      5 |   4947 | 0.030563 | 0.030542 |   0.091658 |
|      6 |   4947 | 0.030536 | 0.030452 |   0.091662 |
|      7 |   4947 | 0.030493 | 0.030315 |   0.091676 |
|      8 |   4947 | 0.030475 | 0.030208 |   0.091702 |
|      9 |   4947 | 0.030478 | 0.030175 |   0.091722 |
|     10 |   4947 | 0.030479 | 0.030169 |   0.091729 |
|     11 |   4947 | 0.030479 | 0.030169 |   0.091729 |
+--------+--------+----------+----------+------------+
RMSD no longer decreasing

RMSDs by experiment:
+-------+--------+----------+----------+------------+
|   Exp |   Nref |   RMSD_X |   RMSD_Y |     RMSD_Z |
|    id |        |     (px) |     (px) |   (images) |
|-------+--------+----------+----------+------------|
|     0 |   4947 |  0.60958 |  0.60338 |    0.76441 |
+-------+--------+----------+----------+------------+
Updating predictions for indexed reflections

Scan-varying refinement
Configuring refiner

Summary statistics for 6070 observations matched to predictions:
+-------------------+---------+----------+------------+---------+-------+
|                   |     Min |       Q1 |        Med |      Q3 |   Max |
|-------------------+---------+----------+------------+---------+-------|
| Xc - Xo (mm)      |  -0.155 | -0.01802 |   0.002976 | 0.02702 | 0.277 |
| Yc - Yo (mm)      | -0.2298 | -0.03209 | -0.0002402 | 0.01944 | 0.114 |
| Phic - Phio (deg) |   -41.1 |   -0.075 |   -0.01675 | 0.06335 | 15.24 |
| X weights         |    4519 |     4759 |       4781 |    4793 |  4800 |
| Y weights         |    4572 |     4762 |       4782 |    4793 |  4800 |
| Phi weights       |   693.8 |    825.4 |      829.2 |   831.1 | 833.3 |
+-------------------+---------+----------+------------+---------+-------+

Detecting centroid outliers using the MCD algorithm
1254 reflections have been flagged as outliers
4816 reflections remain in the manager

Summary statistics for 4816 observations matched to predictions:
+-------------------+----------+----------+------------+---------+---------+
|                   |      Min |       Q1 |        Med |      Q3 |     Max |
|-------------------+----------+----------+------------+---------+---------|
| Xc - Xo (mm)      |  -0.1001 | -0.02099 | -0.0004106 | 0.01907 |  0.1155 |
| Yc - Yo (mm)      | -0.07517 | -0.01839 |   0.004838 | 0.02126 | 0.09619 |
| Phic - Phio (deg) |  -0.2263 | -0.06777 |    -0.0142 | 0.05936 |  0.3178 |
| X weights         |     4519 |     4761 |       4782 |    4793 |    4800 |
| Y weights         |     4572 |     4764 |       4783 |    4793 |    4800 |
| Phi weights       |    733.8 |    826.6 |      829.7 |   831.3 |   833.3 |
+-------------------+----------+----------+------------+---------+---------+

There are 15 parameters to refine against 4816 reflections in 3 dimensions
Performing refinement of a single Experiment...

Refinement steps:
+--------+--------+----------+----------+------------+
|   Step |   Nref |   RMSD_X |   RMSD_Y |   RMSD_Phi |
|        |        |     (mm) |     (mm) |      (deg) |
|--------+--------+----------+----------+------------|
|      0 |   4816 | 0.03017  | 0.028476 |   0.090933 |
|      1 |   4816 | 0.030192 | 0.028332 |   0.085713 |
|      2 |   4816 | 0.030221 | 0.028277 |   0.073806 |
|      3 |   4816 | 0.030231 | 0.028254 |   0.056214 |
|      4 |   4816 | 0.03023  | 0.028226 |   0.046099 |
|      5 |   4816 | 0.030228 | 0.028175 |   0.044848 |
|      6 |   4816 | 0.030237 | 0.028112 |   0.044798 |
|      7 |   4816 | 0.030247 | 0.028066 |   0.044773 |
|      8 |   4816 | 0.030251 | 0.028034 |   0.044751 |
|      9 |   4816 | 0.030258 | 0.028009 |   0.044745 |
|     10 |   4816 | 0.030263 | 0.027996 |   0.044755 |
|     11 |   4816 | 0.030264 | 0.027993 |   0.04476  |
|     12 |   4816 | 0.030264 | 0.027993 |   0.044761 |
+--------+--------+----------+----------+------------+
RMSD no longer decreasing

RMSDs by experiment:
+-------+--------+----------+----------+------------+
|   Exp |   Nref |   RMSD_X |   RMSD_Y |     RMSD_Z |
|    id |        |     (px) |     (px) |   (images) |
|-------+--------+----------+----------+------------|
|     0 |   4816 |  0.60529 |  0.55985 |    0.37301 |
+-------+--------+----------+----------+------------+
Updating predictions for indexed reflections

Final refined crystal model:
Crystal:
    Unit cell: (12.029(7), 12.029(7), 12.029(7), 90.0, 90.0, 90.0)
    Space group: I 2 3
    U matrix:  {{ 0.3975,  0.6247,  0.6721},
                {-0.7477,  0.6451, -0.1575},
                {-0.5320, -0.4399,  0.7235}}
    B matrix:  {{ 0.0831,  0.0000,  0.0000},
                {-0.0000,  0.0831,  0.0000},
                {-0.0000, -0.0000,  0.0831}}
    A = UB:    {{ 0.0330,  0.0519,  0.0559},
                {-0.0622,  0.0536, -0.0131},
                {-0.0442, -0.0366,  0.0601}}
    A sampled at 567 scan points
Saving refined experiments to refined.expt
Saving reflections with updated predictions to refined.refl

Total time taken: 4.03s
