DIALS (2018) Acta Cryst. D74, 85-97. https://doi.org/10.1107/S2059798317017235
DIALS 2.1.1-gcdd629a7b-release
The following parameters have been modified:

input {
  experiments = indexed.expt
  reflections = indexed.refl
}

Chiral space groups corresponding to each Bravais lattice:
aP: P1
oF: F222
oI: I222 I212121
tI: I4 I41 I422 I4122
hR: R3:H R32:H
cI: I23 I213 I432 I4132
+------------+--------------+--------+--------------+----------+-----------+------------------------------------------+----------+-------------------+
|   Solution |   Metric fit |   rmsd | min/max cc   |   #spots | lattice   | unit_cell                                |   volume | cb_op             |
|------------+--------------+--------+--------------+----------+-----------+------------------------------------------+----------+-------------------|
|   *     22 |       1.3331 |  0.047 | 0.767/0.911  |     5307 | cI        | 12.02  12.02  12.02  90.00  90.00  90.00 |     1736 | b+c,a+c,a+b       |
|   *     21 |       1.3331 |  0.048 | 0.798/0.911  |     5273 | tI        | 12.04  12.04  12.15  90.00  90.00  90.00 |     1760 | b+c,a+c,a+b       |
|   *     20 |       1.3331 |  0.05  | 0.868/0.904  |     5282 | tI        | 11.90  11.90  12.06  90.00  90.00  90.00 |     1708 | a+b,b+c,a+c       |
|   *     19 |       1.3331 |  0.048 | 0.854/0.893  |     5280 | tI        | 12.06  12.06  11.96  90.00  90.00  90.00 |     1739 | a+c,a+b,b+c       |
|   *     18 |       1.3331 |  0.048 | 0.854/0.911  |     5276 | oI        | 11.97  12.06  12.06  90.00  90.00  90.00 |     1740 | b+c,a+c,a+b       |
|   *     17 |       1.3331 |  0.048 | 0.846/0.893  |     5249 | oF        | 12.05  17.17  17.07  90.00  90.00  90.00 |     3531 | b+c,-b+c,2*a+b+c  |
|   *     16 |       1.3331 |  0.048 | 0.854/0.854  |     5247 | mI        | 12.11  12.08  12.14  90.00  89.62  90.00 |     1775 | a+c,b+c,-a-b      |
|   *     15 |       1.2955 |  0.049 | 0.891/0.904  |     5291 | oF        | 12.06  17.04  16.96  90.00  90.00  90.00 |     3486 | -a-c,-a+c,a+2*b+c |
|   *     14 |       1.2955 |  0.048 | 0.904/0.904  |     5250 | mI        | 12.02  12.07  12.09  90.00  89.86  90.00 |     1754 | -b-c,-a-c,a+b     |
|   *     13 |       1.2607 |  0.048 | 0.832/0.834  |     5269 | hR        | 17.04  17.04  10.37  90.00  90.00 120.00 |     2606 | a+b+2*c,a-c,b     |
|   *     12 |       1.2607 |  0.047 | 0.767/0.767  |     5272 | hR        | 17.07  17.07  10.51  90.00  90.00 120.00 |     2652 | 2*a+b+c,-a+b,c    |
|   *     11 |       1.2607 |  0.047 | 0.846/0.846  |     5245 | mI        | 10.44  17.07  10.46  90.00 109.77  90.00 |     1754 | -b,-2*a-b-c,-c    |
|   *     10 |       1.2006 |  0.049 | 0.820/0.820  |     5288 | hR        | 16.91  16.91  10.42  90.00  90.00 120.00 |     2581 | a+2*b+c,-b+c,a    |
|   *      9 |       1.2006 |  0.046 | 0.891/0.891  |     5257 | mI        | 10.49  17.34  10.67  90.00 109.74  90.00 |     1828 | -a,a+2*b+c,-c     |
|   *      8 |       1.097  |  0.05  | 0.815/0.815  |     5272 | hR        | 17.15  17.15  10.42  90.00  90.00 120.00 |     2655 | b-c,-a+c,a+b+c    |
|   *      7 |       1.097  |  0.049 | 0.898/0.898  |     5293 | mI        | 10.45  17.09  10.41  90.00 109.21  90.00 |     1755 | b,a-c,-a-b-c      |
|   *      6 |       0.8619 |  0.048 | 0.893/0.893  |     5260 | mI        | 10.44  17.17  10.45  90.00 109.57  90.00 |     1765 | a,-b+c,-a-b-c     |
|   *      5 |       0.3412 |  0.045 | 0.775/0.911  |     5257 | oF        | 12.17  16.99  17.18  90.00  90.00  90.00 |     3553 | a+b,-a+b,a+b+2*c  |
|   *      4 |       0.3403 |  0.044 | 0.911/0.911  |     5248 | mI        | 12.09  12.18  12.08  90.00  90.68  90.00 |     1779 | b+c,a+b,-a-c      |
|   *      3 |       0.3412 |  0.044 | 0.837/0.837  |     5284 | mI        | 10.44  17.32  10.51  90.00 108.49  90.00 |     1803 | -a,-a-b-2*c,-b    |
|   *      2 |       0.2368 |  0.044 | 0.775/0.775  |     5328 | mI        | 10.54  16.90  10.58  90.00 109.37  90.00 |     1779 | c,-a+b,-a-b-c     |
|   *      1 |       0      |  0.043 | -/-          |     5328 | aP        | 10.41  10.43  10.55 109.83 109.49 108.28 |      891 | a,b,c             |
+------------+--------------+--------+--------------+----------+-----------+------------------------------------------+----------+-------------------+
* = recommended solution

Saving summary as bravais_summary.json
Saving solution 22 as bravais_setting_22.expt
Saving solution 21 as bravais_setting_21.expt
Saving solution 20 as bravais_setting_20.expt
Saving solution 19 as bravais_setting_19.expt
Saving solution 18 as bravais_setting_18.expt
Saving solution 17 as bravais_setting_17.expt
Saving solution 16 as bravais_setting_16.expt
Saving solution 15 as bravais_setting_15.expt
Saving solution 14 as bravais_setting_14.expt
Saving solution 13 as bravais_setting_13.expt
Saving solution 12 as bravais_setting_12.expt
Saving solution 11 as bravais_setting_11.expt
Saving solution 10 as bravais_setting_10.expt
Saving solution 9 as bravais_setting_9.expt
Saving solution 8 as bravais_setting_8.expt
Saving solution 7 as bravais_setting_7.expt
Saving solution 6 as bravais_setting_6.expt
Saving solution 5 as bravais_setting_5.expt
Saving solution 4 as bravais_setting_4.expt
Saving solution 3 as bravais_setting_3.expt
Saving solution 2 as bravais_setting_2.expt
Saving solution 1 as bravais_setting_1.expt
