DIALS (2018) Acta Cryst. D74, 85-97. https://doi.org/10.1107/S2059798317017235
DIALS 2.1.1-gcdd629a7b-release
The following parameters have been modified:

input {
  experiments = integrated.expt
  reflections = integrated.refl
}

================================================================================

Performing Laue group analysis

Filtering reflections for dataset 0
Read 4447 predicted reflections
Selected 4196 reflections integrated by profile and summation methods
Combined 62 partial reflections with other partial reflections
Removed 466 reflections below partiality threshold
Removed 32 intensity.sum.value reflections with I/Sig(I) < -5
Removed 4 intensity.prf.value reflections with I/Sig(I) < -5
A round of outlier rejection has been performed, 
8 outliers have been identified. 

Patterson group: P 4/m m m (c,a,b)

--------------------------------------------------------------------------------

Normalising intensities for dataset 1

ML estimate of overall B_cart value:
  -143.18, -54.63, 45.41
          6.23, 18.51
                -5.65
ML estimate of  -log of scale factor:
  -5.26

--------------------------------------------------------------------------------

Estimation of resolution for Laue group analysis

Resolution estimate from <I>/<σ(I)> > 4.0 : 8.30
Resolution estimate from CC½ > 0.60: 3.48
High resolution limit set to: 3.48
Selecting 2819 reflections with d > 3.48

Input crystal symmetry:
Unit cell: (39.7466, 78.2423, 78.2423, 90, 90, 90)
Space group: P 1 (No. 1)
Change of basis op to minimum cell: a,-c,b
Crystal symmetry in minimum cell:
Unit cell: (39.7466, 78.2423, 78.2423, 90, 90, 90)
Space group: P 1 (No. 1)
Lattice point group: P 4/m m m (c,a,b)

Overall CC for 1373 unrelated pairs: 0.129
Estimated expectation value of true correlation coefficient E(CC) = 0.515
Estimated sd(CC) = 0.938 / sqrt(N)
Estimated E(CC) of true correlation coefficient from identity = 0.769

--------------------------------------------------------------------------------

Scoring individual symmetry elements

+--------------+--------+------+------+----+---------------+
|   likelihood |   Z-CC |   CC |    N |    | Operator      |
|--------------+--------+------+------+----+---------------|
|        0.683 |   9.13 | 0.91 | 2819 | *  | 1 |(0, 0, 0)  |
|        0.492 |   5.96 | 0.6  |  991 |    | 4 |(1, 0, 0)  |
|        0.323 |   5.11 | 0.51 |  589 |    | 2 |(1, 0, 0)  |
|        0.811 |   7.47 | 0.75 |  698 | ** | 2 |(0, 1, 0)  |
|        0.506 |   6.02 | 0.6  | 1218 | *  | 2 |(0, 0, 1)  |
|        0.796 |   7.32 | 0.73 | 1495 | ** | 2 |(0, 1, 1)  |
|        0.824 |   7.71 | 0.77 |  515 | ** | 2 |(0, -1, 1) |
+--------------+--------+------+------+----+---------------+

--------------------------------------------------------------------------------

Scoring all possible sub-groups

+-------------------+----+--------------+----------+--------+--------+------+-------+---------+--------------------+
| Patterson group   |    |   Likelihood |   NetZcc |   Zcc+ |   Zcc- |   CC |   CC- |   delta | Reindex operator   |
|-------------------+----+--------------+----------+--------+--------+------+-------+---------+--------------------|
| P 4/m m m         | *  |        0.581 |     7.07 |   7.07 |   0    | 0.75 |  0    |       0 | -c,b,a             |
| C m m m           |    |        0.137 |     0.94 |   7.46 |   6.52 | 0.81 |  0.65 |       0 | -b-c,b-c,a         |
| C 1 2/m 1         |    |        0.074 |     2.01 |   8.45 |   6.44 | 0.89 |  0.66 |       0 | b-c,b+c,a          |
| P 1 2/m 1         |    |        0.068 |     1.84 |   8.34 |   6.5  | 0.88 |  0.65 |       0 | a,-c,b             |
| C 1 2/m 1         |    |        0.061 |     1.75 |   8.28 |   6.53 | 0.85 |  0.64 |       0 | -b-c,b-c,a         |
| P m m m           |    |        0.033 |     0.06 |   7.1  |   7.04 | 0.79 |  0.69 |       0 | a,b,c              |
| P 1 2/m 1         |    |        0.016 |     0.95 |   7.74 |   6.79 | 0.83 |  0.68 |       0 | a,b,c              |
| P -1              |    |        0.016 |     2.46 |   9.13 |   6.67 | 0.91 |  0.67 |       0 | a,b,c              |
| P 1 2/m 1         |    |        0.008 |     0.46 |   7.4  |   6.94 | 0.85 |  0.68 |       0 | c,-a,-b            |
| P 4/m             |    |        0.007 |    -0.21 |   6.95 |   7.16 | 0.79 |  0.71 |       0 | -c,b,a             |
+-------------------+----+--------------+----------+--------+--------+------+-------+---------+--------------------+

Best solution: P 4/m m m
Unit cell: (78.2423, 78.2423, 39.7466, 90, 90, 90)
Reindex operator: -c,b,a
Laue group probability: 0.581
Laue group confidence: 0.508

+-------------------+--------------------------+
| Patterson group   | Corresponding MX group   |
|-------------------+--------------------------|
| P 4/m m m         | P 4 2 2                  |
+-------------------+--------------------------+
================================================================================

Analysing systematic absences

Laue group: P 4/m m m
Performing systematic absence checks on unscaled profile-integrated data
Read 4447 predicted reflections
Selected 4196 profile integrated reflections
Removed 6 reflections with d < 3.48
Combined 62 partial reflections with other partial reflections
Removed 464 reflections below partiality threshold
Laue group: P 4/m m m
+--------------+---------+---------------+--------------+---------------+--------------+-------------------+------------------+
| Screw axis   |   Score |   No. present |   No. absent |   <I> present |   <I> absent |   <I/sig> present |   <I/sig> absent |
|--------------+---------+---------------+--------------+---------------+--------------+-------------------+------------------|
| 41c          |       0 |             5 |           17 |         6.873 |       27.328 |            16.936 |           92.285 |
| 21a          |       0 |             0 |            0 |         0     |        0     |             0     |            0     |
| 42c          |       0 |            11 |           11 |        11.371 |       33.987 |            33.013 |          117.308 |
+--------------+---------+---------------+--------------+---------------+--------------+-------------------+------------------+
+---------------+---------+
| Space group   |   score |
|---------------+---------|
| P 4 2 2       |       1 |
| P 4 21 2      |       0 |
| P 41 2 2      |       0 |
| P 42 2 2      |       0 |
| P 41 21 2     |       0 |
| P 42 21 2     |       0 |
+---------------+---------+
Recommended space group: P 4 2 2
Saving reindexed experiments to symmetrized.expt in space group P 4 2 2
Saving 4447 reindexed reflections to symmetrized.refl
