DIALS (2018) Acta Cryst. D74, 85-97. https://doi.org/10.1107/S2059798317017235
DIALS 2.1.1-gcdd629a7b-release
The following parameters have been modified:
input {
  experiments = symmetrized.expt
  reflections = symmetrized.refl
}

Checking for the existence of a reflection table 
containing multiple datasets 

Found 1 reflection tables & 1 experiments in total.

Dataset unique identifiers are ['0'] 

Space group being used during scaling is P 4 2 2

Scaling models have been initialised for all experiments.

================================================================================

The experiment identifier for this dataset is 0
Preprocessing data for scaling. The id assigned to this 
dataset is 0, and the scaling model type being applied is physical. 

311/4447 reflections not suitable for scaling
Reflections passing individual criteria:
criterion: not integrated by any method, reflections: 15
criterion: user excluded, reflections: 270
criterion: excluded for scaling, reflections: 251

The following corrections will be applied to this dataset: 

+--------------+----------------+
| correction   |   n_parameters |
|--------------+----------------|
| scale        |              6 |
| decay        |              6 |
+--------------+----------------+
A round of outlier rejection has been performed, 
50 outliers have been identified. 

3786 reflections were preselected for scale factor determination 
out of 4136 suitable reflections: 
Reflections passing individual criteria:
criterion: in I/sigma range (I/sig > -5.0), reflections: 4128
criterion: above min partiality ( > 0.95), reflections: 3786

Randomly selected 866/866 groups (m>1) to use for scaling model
minimisation (3775 reflections)
Completed preprocessing and initialisation for this dataset.

================================================================================

Components to be refined in this cycle for all datasets: scale, decay
Performing a round of scaling with an LBFGS minimizer. 

Time taken for refinement 0.04630303382873535

Refinement steps:
+--------+--------+----------+
|   Step |   Nref |   RMSD_I |
|        |        |    (a.u) |
|--------+--------+----------|
|      0 |   3756 |   1.7558 |
|      1 |   3756 |   1.7388 |
|      2 |   3756 |   1.7368 |
|      3 |   3756 |   1.7366 |
|      4 |   3756 |   1.7363 |
|      5 |   3756 |   1.7356 |
|      6 |   3756 |   1.7348 |
|      7 |   3756 |   1.7345 |
|      8 |   3756 |   1.7343 |
|      9 |   3756 |   1.7341 |
|     10 |   3756 |   1.7337 |
|     11 |   3756 |   1.7336 |
+--------+--------+----------+
RMSD no longer decreasing
lbfgs minimizer stop: callback_after_step is True

================================================================================

Scale factors determined during minimisation have now been
applied to all reflections for dataset 0.

A round of outlier rejection has been performed, 
38 outliers have been identified. 

Performing profile/summation intensity optimisation.
+------------------+---------+---------+
| Combination      |   CC1/2 |   Rmeas |
|------------------+---------+---------|
| prf only         | 0.98975 | 0.23106 |
| sum only         | 0.9894  | 0.26158 |
| Imid = 1786.98   | 0.99038 | 0.26811 |
| Imid = 156061.47 | 0.9918  | 0.22165 |
| Imid = 15606.15  | 0.9927  | 0.21593 |
| Imid = 1560.61   | 0.99004 | 0.27016 |
+------------------+---------+---------+
Combined intensities with Imid = 15606.146683668543 determined to be best for scaling. 

A round of outlier rejection has been performed, 
38 outliers have been identified. 

Components to be refined in this cycle for all datasets: scale, decay
Performing a round of scaling with an LBFGS minimizer. 

Time taken for refinement 0.013706445693969727

Refinement steps:
+--------+--------+----------+
|   Step |   Nref |   RMSD_I |
|        |        |    (a.u) |
|--------+--------+----------|
|      0 |   3763 |   2.0011 |
|      1 |   3763 |   2.0011 |
+--------+--------+----------+
RMSD no longer decreasing
lbfgs minimizer stop: callback_after_step is True

================================================================================

Scale factors determined during minimisation have now been
applied to all reflections for dataset 0.

A round of outlier rejection has been performed, 
37 outliers have been identified. 

Performing a round of error model refinement.
Insufficient reflections (14 < 250) to perform error modelling.

Error model details:
  Type: basic
  Current parameters: a = 1.00000, b = 0.02000
  Error model formula: σ'² = a²(σ² + (bI)²)
  estimated I/sigma asymptotic limit: 50.000

None
Components to be refined in this cycle for all datasets: scale, decay
Performing a round of scaling with a Levenberg-Marquardt minimizer.

Time taken for refinement 0.06485271453857422

Refinement steps:
+--------+--------+----------+
|   Step |   Nref |   RMSD_I |
|        |        |    (a.u) |
|--------+--------+----------|
|      0 |   3764 |   1.0248 |
|      1 |   3764 |   1.0094 |
|      2 |   3764 |   1.0056 |
|      3 |   3764 |   1.0044 |
|      4 |   3764 |   1.0043 |
|      5 |   3764 |   1.0043 |
+--------+--------+----------+
RMSD no longer decreasing

================================================================================

Components to be refined in this cycle for all datasets: scale, decay
Performing a round of scaling with a Levenberg-Marquardt minimizer.

Time taken for refinement 0.01334834098815918

Refinement steps:
+--------+--------+----------+
|   Step |   Nref |   RMSD_I |
|        |        |    (a.u) |
|--------+--------+----------|
|      0 |   3764 |   1.0043 |
|      1 |   3764 |   1.0043 |
+--------+--------+----------+
RMSD no longer decreasing

================================================================================

Scale factors determined during minimisation have now been
applied to all reflections for dataset 0.

A round of outlier rejection has been performed, 
32 outliers have been identified. 

Performing a round of error model refinement.
Insufficient reflections (14 < 250) to perform error modelling.

Error model details:
  Type: basic
  Current parameters: a = 1.00000, b = 0.02000
  Error model formula: σ'² = a²(σ² + (bI)²)
  estimated I/sigma asymptotic limit: 50.000

None

The reflection table variances have been adjusted to account for the
uncertainty in the scaling model

Total time taken: 0.2508s 

================================================================================

25.00% of model parameters have signficant uncertainty
(sigma/abs(parameter) > 0.5)

Summary of dataset partialities
+------------------+----------+
| Partiality (p)   |   n_refl |
|------------------+----------|
| all reflections  |     4447 |
| p > 0.99         |     3640 |
| 0.5 < p < 0.99   |      485 |
| 0.01 < p < 0.5   |      291 |
| p < 0.01         |       31 |
+------------------+----------+

Reflections below a partiality_cutoff of 0.4 are not considered for any
part of the scaling analysis or for the reporting of merging statistics.
Additionally, if applicable, only reflections with a min_partiality > 0.95
were considered for use when refining the scaling model.


                     ----------Merging statistics----------                    

Resolution: 78.24 - 3.48
Observations: 4104
Unique reflections: 895
Redundancy: 4.6
Completeness: 49.64%
Mean intensity: 2.4
Mean I/sigma(I): 6.2
R-merge: 0.273
R-meas:  0.314
R-pim:   0.148


Statistics by resolution bin:
 d_max  d_min   #obs  #uniq   mult.  %comp       <I>  <I/sI>    r_mrg   r_meas    r_pim   cc1/2   cc_ano
 78.26   9.43    197     60    3.28  50.85      17.3    25.2    0.097    0.124    0.075   0.993*  -0.527
  9.43   7.49    219     53    4.13  53.00       1.5     7.0    0.297    0.343    0.164   0.813*  -0.596
  7.49   6.54    193     42    4.60  48.84       0.9     4.2    0.363    0.412    0.188   0.802*  -0.333
  6.54   5.94    219     53    4.13  54.64       1.0     3.5    0.397    0.455    0.214   0.817*  -0.230
  5.94   5.52    221     47    4.70  51.09       0.9     4.1    0.427    0.490    0.229   0.905*  -0.495
  5.52   5.19    202     41    4.93  48.24       0.7     3.8    0.378    0.420    0.180   0.876*  -0.262
  5.19   4.93    210     43    4.88  51.81       1.0     3.7    0.424    0.479    0.215   0.848*   0.006
  4.93   4.72    201     45    4.47  50.00       0.9     4.0    0.346    0.394    0.181   0.846*  -0.377
  4.72   4.53    236     51    4.63  58.62       1.3     4.2    0.369    0.423    0.197   0.850*  -0.008
  4.53   4.38    182     38    4.79  48.10       1.4     4.6    0.370    0.417    0.186   0.944*  -0.184
  4.38   4.24    214     48    4.46  48.98       1.7     5.5    0.353    0.405    0.190   0.884*  -0.067
  4.24   4.12    215     43    5.00  51.81       1.0     3.3    0.606    0.682    0.305   0.885*  -0.082
  4.12   4.01    191     39    4.90  49.37       0.9     3.6    0.536    0.607    0.274   0.877*  -0.514
  4.01   3.91    193     38    5.08  43.18       0.6     2.9    0.602    0.677    0.298   0.781*   0.129
  3.91   3.83    234     49    4.78  55.68       1.3     5.2    0.351    0.394    0.171   0.934*  -0.254
  3.83   3.74    215     44    4.89  52.38       2.0     6.7    0.284    0.322    0.146   0.785*  -0.427
  3.74   3.67    210     43    4.88  53.09       2.4     7.3    0.235    0.264    0.116   0.881*   0.094
  3.67   3.60    232     47    4.94  55.29       2.3     7.0    0.286    0.322    0.144   0.708*  -0.384
  3.60   3.54    211     42    5.02  45.65       1.8     6.5    0.338    0.375    0.159   0.821*   0.179
  3.54   3.48    109     29    3.76  35.80       0.8     2.7    0.507    0.583    0.277   0.832*  -0.159
 78.24   3.48   4104    895    4.59  49.64       2.4     6.2    0.273    0.314    0.148   0.992*  -0.318




                ----------Resolution cutoff estimates----------                

  resolution of all data          :   3.475
  based on CC(1/2) >= 0.33        :   3.475
  based on mean(I/sigma) >= 2.0   :   3.475
  based on R-merge < 0.5          :   4.242
  based on R-meas < 0.5           :   4.242
  based on completeness >= 90%    : (use all data)
  based on completeness >= 50%    :   7.485

NOTE: we recommend using all data out to the CC(1/2) limit
for refinement.

Writing html report to: scaling.html

================================================================================

Saving the experiments to scaled.expt
Saving the scaled reflections to scaled.refl
See dials.github.io/dials_scale_user_guide.html for more info on scaling options
