DIALS (2018) Acta Cryst. D74, 85-97. https://doi.org/10.1107/S2059798317017235
DIALS 2.1.1-gcdd629a7b-release
The following parameters have been modified:

intensity = auto profile sum *scale
mtz {
  hklout = "scaled.mtz"
}
output {
  log = "dials.export_scaled_mtz.log"
}
input {
  experiments = scaled.expt
  reflections = scaled.refl
}

Read 4447 predicted reflections
Selected 4104 scaled reflections
Combined 1 partial reflections with other partial reflections
Removed 471 reflections below partiality threshold
Removed 0 intensity.scale.value reflections with I/Sig(I) < -5.0
Saving 3632 integrated reflections to scaled.mtz

Title: From dials.export
Space group symbol from file: P422
Space group number from file: 89
Space group from matrices: P 4 2 2 (No. 89)
Point group symbol from file: 422
Number of batches: 46
Number of crystals: 1
Number of Miller indices: 3632
Resolution range: 78.2423 3.47528
History:
  From DIALS 2.1.1-gcdd629a7b-release, run on 2020-04-02 at 13:08:12 CEST  (2020-0
Crystal 1:
  Name: XTAL
  Project: DIALS
  Id: 1
  Unit cell: (78.2423, 78.2423, 39.7466, 90, 90, 90)
  Number of datasets: 1
  Dataset 1:
    Name: FROMDIALS
    Id: 1
    Wavelength: 0.0251
    Number of columns: 17
    label        #valid  %valid      min       max type
    H              3632 100.00%     1.00     22.00 H: index h,k,l
    K              3632 100.00%     0.00     15.00 H: index h,k,l
    L              3632 100.00%     0.00      5.00 H: index h,k,l
    M_ISYM         3632 100.00%     1.00     16.00 Y: M/ISYM, packed partial/reject flag and symmetry number
    BATCH          3632 100.00%     2.00     45.00 B: BATCH number
    I              3632 100.00%    -1.86    295.69 J: intensity
    SIGI           3632 100.00%     0.15      6.14 Q: standard deviation
    SCALEUSED      3632 100.00%     0.67      1.85 R: real
    SIGSCALEUSED   3632 100.00%     0.05      0.13 R: real
    BG             3632 100.00% 15212.00 620292.56 R: real
    SIGBG          3632 100.00%   131.05    885.67 R: real
    FRACTIONCALC   3632 100.00%     0.99      1.00 R: real
    XDET           3632 100.00%    52.84    435.65 R: real
    YDET           3632 100.00%    51.39    433.92 R: real
    ROT            3632 100.00%   -16.09     13.47 R: real
    LP             3632 100.00%     0.00      0.01 R: real
    QE             3632 100.00%     1.00      1.00 R: real

