DIALS (2018) Acta Cryst. D74, 85-97. https://doi.org/10.1107/S2059798317017235
DIALS 2.1.1-gcdd629a7b-release
The following parameters have been modified:

output {
  log = "dials.export_mtz.log"
}
input {
  experiments = integrated.expt
  reflections = integrated.refl
}

Data appears to be unscaled, setting intensity = profile+sum
Data appears to be unscaled, setting mtz.hklout = 'integrated.mtz'
Read 4447 predicted reflections
Selected 4196 reflections integrated by profile and summation methods
Combined 62 partial reflections with other partial reflections
Removed 466 reflections below partiality threshold
Removed 32 intensity.sum.value reflections with I/Sig(I) < -5.0
Removed 4 intensity.prf.value reflections with I/Sig(I) < -5.0
Saving 3632 integrated reflections to integrated.mtz

Title: From dials.export
Space group symbol from file: P4
Space group number from file: 75
Space group from matrices: P 4 (No. 75)
Point group symbol from file: 4
Number of batches: 46
Number of crystals: 1
Number of Miller indices: 3632
Resolution range: 78.2423 3.47528
History:
  From DIALS 2.1.1-gcdd629a7b-release, run on 2020-03-24 at 16:46:34 CET  (2020-03
Crystal 1:
  Name: XTAL
  Project: DIALS
  Id: 1
  Unit cell: (78.2423, 78.2423, 39.7466, 90, 90, 90)
  Number of datasets: 1
  Dataset 1:
    Name: FROMDIALS
    Id: 1
    Wavelength: 0.0251
    Number of columns: 17
    label        #valid  %valid      min       max type
    H              3632 100.00%     0.00     22.00 H: index h,k,l
    K              3632 100.00%     1.00     22.00 H: index h,k,l
    L              3632 100.00%     0.00      5.00 H: index h,k,l
    M_ISYM         3632 100.00%     1.00      6.00 Y: M/ISYM, packed partial/reject flag and symmetry number
    BATCH          3632 100.00%     2.00     45.00 B: BATCH number
    IPR            3632 100.00%    -1.36    352.06 J: intensity
    SIGIPR         3632 100.00%     0.10      1.05 Q: standard deviation
    I              3632 100.00%    -9.99    478.55 J: intensity
    SIGI           3632 100.00%     0.26      7.10 Q: standard deviation
    BG             3632 100.00% 15212.00 620292.56 R: real
    SIGBG          3632 100.00%   131.05    885.67 R: real
    FRACTIONCALC   3632 100.00%     0.99      1.00 R: real
    XDET           3632 100.00%    52.84    435.65 R: real
    YDET           3632 100.00%    51.39    433.92 R: real
    ROT            3632 100.00%   -16.09     13.47 R: real
    LP             3632 100.00%     0.00      0.01 R: real
    QE             3632 100.00%     1.00      1.00 R: real

