DIALS (2018) Acta Cryst. D74, 85-97. https://doi.org/10.1107/S2059798317017235
DIALS 2.1.1-gcdd629a7b-release
The following parameters have been modified:

refinement {
  parameterisation {
    detector {
      fix = *all position orientation distance
    }
  }
}
input {
  experiments = bravais_setting_9.expt
  reflections = reindexed.refl
}

Configuring refiner

Summary statistics for 737 observations matched to predictions:
+-------------------+---------+----------+------------+---------+--------+
|                   |     Min |       Q1 |        Med |      Q3 |    Max |
|-------------------+---------+----------+------------+---------+--------|
| Xc - Xo (mm)      |  -0.754 | -0.01681 |  0.0007508 | 0.01536 | 0.8364 |
| Yc - Yo (mm)      | -0.7262 | -0.01141 | -0.0001408 | 0.01111 | 0.8322 |
| Phic - Phio (deg) |  -15.07 |  -0.1476 |   0.004517 |  0.1578 |  66.56 |
| X weights         |    3404 |     3832 |       3868 |    3902 |   3967 |
| Y weights         |    3555 |     3817 |       3859 |    3893 |   3967 |
| Phi weights       |   24.68 |    25.26 |      25.26 |   25.26 |  25.26 |
+-------------------+---------+----------+------------+---------+--------+

Detecting centroid outliers using the MCD algorithm
89 reflections have been flagged as outliers
648 reflections remain in the manager

Summary statistics for 648 observations matched to predictions:
+-------------------+----------+----------+------------+----------+---------+
|                   |      Min |       Q1 |        Med |       Q3 |     Max |
|-------------------+----------+----------+------------+----------+---------|
| Xc - Xo (mm)      | -0.06121 | -0.01382 |   0.002046 |  0.01617 | 0.06223 |
| Yc - Yo (mm)      | -0.04534 | -0.01065 | -0.0003944 | 0.009565 | 0.04008 |
| Phic - Phio (deg) |  -0.6501 |  -0.1474 |   -0.00108 |   0.1407 |  0.5547 |
| X weights         |     3660 |     3832 |       3867 |     3902 |    3967 |
| Y weights         |     3589 |     3818 |       3859 |     3892 |    3963 |
| Phi weights       |    24.88 |    25.26 |      25.26 |    25.26 |   25.26 |
+-------------------+----------+----------+------------+----------+---------+

There are 6 parameters to refine against 648 reflections in 3 dimensions
Performing refinement of a single Experiment...

Refinement steps:
+--------+--------+----------+----------+------------+
|   Step |   Nref |   RMSD_X |   RMSD_Y |   RMSD_Phi |
|        |        |     (mm) |     (mm) |      (deg) |
|--------+--------+----------+----------+------------|
|      0 |    648 | 0.0225   | 0.015215 |    0.19383 |
|      1 |    648 | 0.022462 | 0.015212 |    0.19386 |
|      2 |    648 | 0.022462 | 0.015213 |    0.19382 |
|      3 |    648 | 0.022463 | 0.01521  |    0.1938  |
|      4 |    648 | 0.022465 | 0.015204 |    0.19379 |
|      5 |    648 | 0.022468 | 0.015195 |    0.19379 |
|      6 |    648 | 0.02247  | 0.015188 |    0.19381 |
|      7 |    648 | 0.022472 | 0.015181 |    0.19383 |
|      8 |    648 | 0.022474 | 0.015176 |    0.19385 |
|      9 |    648 | 0.022475 | 0.015174 |    0.19386 |
|     10 |    648 | 0.022476 | 0.015173 |    0.19386 |
+--------+--------+----------+----------+------------+
RMSD no longer decreasing

RMSDs by experiment:
+-------+--------+----------+----------+------------+
|   Exp |   Nref |   RMSD_X |   RMSD_Y |     RMSD_Z |
|    id |        |     (px) |     (px) |   (images) |
|-------+--------+----------+----------+------------|
|     0 |    648 |  0.40865 |  0.27588 |    0.28128 |
+-------+--------+----------+----------+------------+
Updating predictions for indexed reflections

Scan-varying refinement
Configuring refiner

Summary statistics for 738 observations matched to predictions:
+-------------------+--------+----------+------------+---------+--------+
|                   |    Min |       Q1 |        Med |      Q3 |    Max |
|-------------------+--------+----------+------------+---------+--------|
| Xc - Xo (mm)      | -1.586 | -0.01773 | -0.0005627 | 0.01438 | 0.8353 |
| Yc - Yo (mm)      | -1.494 | -0.01072 |   0.000666 | 0.01197 |  0.834 |
| Phic - Phio (deg) | -15.07 |  -0.1438 |    0.01138 |  0.1645 |  101.9 |
| X weights         |   3404 |     3832 |       3868 |    3902 |   3967 |
| Y weights         |   3555 |     3817 |       3859 |    3894 |   3967 |
| Phi weights       |  24.68 |    25.26 |      25.26 |   25.26 |  25.26 |
+-------------------+--------+----------+------------+---------+--------+

Detecting centroid outliers using the MCD algorithm
91 reflections have been flagged as outliers
647 reflections remain in the manager

Summary statistics for 647 observations matched to predictions:
+-------------------+----------+-----------+-----------+---------+---------+
|                   |      Min |        Q1 |       Med |      Q3 |     Max |
|-------------------+----------+-----------+-----------+---------+---------|
| Xc - Xo (mm)      | -0.06353 |  -0.01416 |   0.00154 | 0.01499 | 0.06441 |
| Yc - Yo (mm)      |  -0.0445 | -0.009734 | 0.0005469 |  0.0104 | 0.04211 |
| Phic - Phio (deg) |  -0.5718 |   -0.1425 |   0.00321 |  0.1442 |   0.558 |
| X weights         |     3660 |      3832 |      3867 |    3902 |    3967 |
| Y weights         |     3589 |      3818 |      3859 |    3892 |    3963 |
| Phi weights       |    24.88 |     25.26 |     25.26 |   25.26 |   25.26 |
+-------------------+----------+-----------+-----------+---------+---------+

There are 11 parameters to refine against 647 reflections in 3 dimensions
Performing refinement of a single Experiment...

Refinement steps:
+--------+--------+----------+----------+------------+
|   Step |   Nref |   RMSD_X |   RMSD_Y |   RMSD_Phi |
|        |        |     (mm) |     (mm) |      (deg) |
|--------+--------+----------+----------+------------|
|      0 |    647 | 0.022405 | 0.015289 |    0.19181 |
|      1 |    647 | 0.021311 | 0.015279 |    0.19274 |
|      2 |    647 | 0.020775 | 0.015428 |    0.19403 |
|      3 |    647 | 0.020659 | 0.015494 |    0.19463 |
|      4 |    647 | 0.020628 | 0.015486 |    0.19502 |
|      5 |    647 | 0.020579 | 0.015461 |    0.19567 |
|      6 |    647 | 0.020486 | 0.015452 |    0.19644 |
|      7 |    647 | 0.020317 | 0.015486 |    0.19697 |
|      8 |    647 | 0.020046 | 0.015535 |    0.19706 |
|      9 |    647 | 0.019674 | 0.015537 |    0.19641 |
|     10 |    647 | 0.019262 | 0.015563 |    0.19573 |
|     11 |    647 | 0.01901  | 0.015663 |    0.19593 |
|     12 |    647 | 0.018942 | 0.015714 |    0.19615 |
|     13 |    647 | 0.018934 | 0.01572  |    0.19618 |
|     14 |    647 | 0.018934 | 0.015721 |    0.19618 |
+--------+--------+----------+----------+------------+
RMSD no longer decreasing

RMSDs by experiment:
+-------+--------+----------+----------+------------+
|   Exp |   Nref |   RMSD_X |   RMSD_Y |     RMSD_Z |
|    id |        |     (px) |     (px) |   (images) |
|-------+--------+----------+----------+------------|
|     0 |    647 |  0.34425 |  0.28583 |    0.28465 |
+-------+--------+----------+----------+------------+
Updating predictions for indexed reflections

Final refined crystal model:
Crystal:
    Unit cell: (92.676(8), 92.676(8), 49.39(3), 90.0, 89.99999999999999, 90.0)
    Space group: P 4
    U matrix:  {{ 0.8764,  0.3331,  0.3478},
                {-0.3840,  0.9192,  0.0873},
                {-0.2906, -0.2101,  0.9335}}
    B matrix:  {{ 0.0108,  0.0000,  0.0000},
                {-0.0000,  0.0108,  0.0000},
                {-0.0000, -0.0000,  0.0202}}
    A = UB:    {{ 0.0095,  0.0036,  0.0070},
                {-0.0041,  0.0099,  0.0018},
                {-0.0031, -0.0023,  0.0189}}
    A sampled at 37 scan points
Saving refined experiments to refined.expt
Saving reflections with updated predictions to refined.refl

Total time taken: 1.01s
