DIALS (2018) Acta Cryst. D74, 85-97. https://doi.org/10.1107/S2059798317017235
DIALS 2.1.1-gcdd629a7b-release
The following parameters have been modified:

refinement {
  parameterisation {
    beam {
      fix = *all in_spindle_plane out_spindle_plane wavelength
    }
    detector {
      fix = *all position orientation distance
    }
  }
}
input {
  experiments = imported.expt
  reflections = strong.refl
}

Found max_cell: 127.6 Angstrom
Setting d_min: 3.55
FFT gridding: (256,256,256)
Number of centroids used: 782
Candidate solutions:
+----------------------------------+----------+----------------+------------+-------------+-------------------+-----------+-----------------+-----------------+
| unit_cell                        |   volume |   volume score |   #indexed |   % indexed |   % indexed score |   rmsd_xy |   rmsd_xy score |   overall score |
|----------------------------------+----------+----------------+------------+-------------+-------------------+-----------+-----------------+-----------------|
| 45.24 89.39 93.07 92.0 92.3 93.6 |   375003 |           0    |        738 |          94 |                 0 |      0.06 |            0.04 |            0.04 |
| 46.58 89.80 92.65 92.0 92.2 92.2 |   386778 |           0.04 |        738 |          94 |                 0 |      0.05 |            0.01 |            0.05 |
| 46.36 90.21 92.68 92.2 92.1 91.7 |   386834 |           0.04 |        738 |          94 |                 0 |      0.05 |            0.01 |            0.05 |
| 46.36 89.76 92.68 92.0 92.1 92.4 |   384769 |           0.04 |        738 |          94 |                 0 |      0.05 |            0.01 |            0.05 |
| 46.58 90.23 92.65 92.2 92.2 91.3 |   388769 |           0.05 |        738 |          94 |                 0 |      0.05 |            0.01 |            0.06 |
| 47.02 90.00 92.81 92.2 92.6 91.6 |   391855 |           0.06 |        738 |          94 |                 0 |      0.05 |            0    |            0.06 |
| 46.59 90.23 92.78 92.2 92.3 91.2 |   389334 |           0.05 |        738 |          94 |                 0 |      0.05 |            0.01 |            0.06 |
| 45.24 90.21 93.07 92.4 92.3 92.2 |   378818 |           0.01 |        738 |          94 |                 0 |      0.06 |            0.05 |            0.07 |
| 46.36 90.51 92.68 92.3 92.1 91.1 |   388178 |           0.05 |        738 |          94 |                 0 |      0.05 |            0.02 |            0.07 |
| 46.58 90.21 92.65 92.2 92.2 91.6 |   388613 |           0.05 |        738 |          94 |                 0 |      0.05 |            0.02 |            0.07 |
| 47.05 90.04 92.87 92.3 92.7 91.5 |   392531 |           0.07 |        738 |          94 |                 0 |      0.05 |            0.01 |            0.07 |
| 46.83 90.21 92.73 92.3 92.4 91.5 |   390940 |           0.06 |        738 |          94 |                 0 |      0.05 |            0.01 |            0.07 |
| 46.58 90.34 92.65 92.3 92.2 91.2 |   389177 |           0.05 |        738 |          94 |                 0 |      0.05 |            0.02 |            0.07 |
| 46.58 89.80 93.07 92.2 92.7 92.2 |   388302 |           0.05 |        738 |          94 |                 0 |      0.06 |            0.03 |            0.08 |
| 46.58 89.80 92.45 91.8 91.4 92.2 |   386163 |           0.04 |        738 |          94 |                 0 |      0.06 |            0.04 |            0.08 |
| 46.58 89.80 92.70 92.0 91.9 92.2 |   387091 |           0.05 |        738 |          94 |                 0 |      0.06 |            0.04 |            0.08 |
| 46.58 90.21 93.07 92.4 92.7 91.6 |   390140 |           0.06 |        738 |          94 |                 0 |      0.06 |            0.03 |            0.08 |
| 46.58 90.41 92.65 92.3 92.2 91.3 |   389491 |           0.05 |        738 |          94 |                 0 |      0.06 |            0.03 |            0.09 |
| 47.02 90.00 93.07 92.3 92.9 91.6 |   392823 |           0.07 |        738 |          94 |                 0 |      0.05 |            0.02 |            0.09 |
| 46.58 90.27 92.65 92.3 92.2 91.5 |   388845 |           0.05 |        738 |          94 |                 0 |      0.06 |            0.04 |            0.09 |
| 46.58 90.34 93.07 92.5 92.7 91.2 |   390704 |           0.06 |        738 |          94 |                 0 |      0.06 |            0.03 |            0.09 |
| 47.48 90.23 93.07 92.4 93.2 90.9 |   397713 |           0.08 |        738 |          94 |                 0 |      0.05 |            0.01 |            0.09 |
| 46.58 90.41 93.07 92.5 92.7 91.3 |   391019 |           0.06 |        738 |          94 |                 0 |      0.06 |            0.03 |            0.09 |
| 46.58 90.21 92.70 92.2 91.9 91.6 |   388929 |           0.05 |        738 |          94 |                 0 |      0.06 |            0.04 |            0.09 |
| 46.58 90.21 92.74 92.2 91.9 91.6 |   389087 |           0.05 |        738 |          94 |                 0 |      0.06 |            0.04 |            0.09 |
| 47.20 90.21 92.84 92.3 92.8 91.5 |   394369 |           0.07 |        738 |          94 |                 0 |      0.05 |            0.02 |            0.09 |
| 46.58 89.80 93.10 92.3 92.8 92.2 |   388422 |           0.05 |        738 |          94 |                 0 |      0.06 |            0.05 |            0.1  |
| 47.48 89.99 93.07 92.3 93.2 91.4 |   396596 |           0.08 |        738 |          94 |                 0 |      0.05 |            0.02 |            0.1  |
| 46.58 89.93 93.07 92.2 92.7 92.1 |   388845 |           0.05 |        738 |          94 |                 0 |      0.06 |            0.05 |            0.1  |
| 47.40 90.21 92.96 92.5 93.0 91.1 |   396480 |           0.08 |        738 |          94 |                 0 |      0.05 |            0.02 |            0.1  |
| 47.02 90.00 92.55 92.0 91.8 91.6 |   391058 |           0.06 |        738 |          94 |                 0 |      0.06 |            0.04 |            0.1  |
| 46.58 90.41 92.70 92.3 91.9 91.3 |   389809 |           0.06 |        738 |          94 |                 0 |      0.06 |            0.05 |            0.1  |
| 47.30 90.07 92.90 92.3 92.9 91.3 |   394781 |           0.07 |        738 |          94 |                 0 |      0.06 |            0.03 |            0.1  |
| 47.48 90.21 93.07 92.4 93.2 91.2 |   397566 |           0.08 |        738 |          94 |                 0 |      0.05 |            0.02 |            0.1  |
| 46.83 90.21 92.83 92.3 92.1 91.5 |   391421 |           0.06 |        738 |          94 |                 0 |      0.06 |            0.04 |            0.1  |
| 46.58 90.59 93.07 92.6 92.7 90.8 |   391825 |           0.06 |        738 |          94 |                 0 |      0.06 |            0.04 |            0.1  |
| 47.02 90.00 92.75 92.1 92.1 91.6 |   391812 |           0.06 |        738 |          94 |                 0 |      0.06 |            0.04 |            0.1  |
| 46.58 90.34 92.93 92.4 92.3 91.2 |   390318 |           0.06 |        738 |          94 |                 0 |      0.06 |            0.05 |            0.1  |
| 46.58 90.41 92.91 92.4 92.2 91.3 |   390562 |           0.06 |        738 |          94 |                 0 |      0.06 |            0.05 |            0.1  |
| 46.83 90.21 93.07 92.4 92.8 91.5 |   392172 |           0.06 |        738 |          94 |                 0 |      0.06 |            0.04 |            0.1  |
| 47.40 90.21 93.07 92.4 93.1 91.1 |   396926 |           0.08 |        738 |          94 |                 0 |      0.06 |            0.03 |            0.11 |
| 47.48 89.73 93.07 92.0 93.2 92.0 |   395395 |           0.08 |        738 |          94 |                 0 |      0.06 |            0.03 |            0.11 |
| 47.30 90.07 92.93 92.2 92.5 91.3 |   395059 |           0.08 |        738 |          94 |                 0 |      0.06 |            0.04 |            0.11 |
| 47.40 90.21 92.41 91.9 91.7 91.1 |   394639 |           0.07 |        738 |          94 |                 0 |      0.06 |            0.04 |            0.11 |
| 47.40 90.21 93.05 92.5 92.7 91.1 |   396974 |           0.08 |        738 |          94 |                 0 |      0.06 |            0.04 |            0.12 |
| 47.48 90.14 93.07 92.5 93.2 91.1 |   397246 |           0.08 |        738 |          94 |                 0 |      0.06 |            0.04 |            0.12 |
| 47.20 90.21 93.07 92.4 92.9 91.5 |   395239 |           0.08 |        738 |          94 |                 0 |      0.06 |            0.05 |            0.12 |
| 47.30 90.07 93.07 92.4 93.0 91.3 |   395439 |           0.08 |        738 |          94 |                 0 |      0.06 |            0.05 |            0.13 |
| 47.68 90.19 93.07 92.4 93.1 90.9 |   399168 |           0.09 |        738 |          94 |                 0 |      0.06 |            0.05 |            0.14 |
| 47.95 90.21 93.07 92.4 93.0 91.1 |   401587 |           0.1  |        738 |          94 |                 0 |      0.06 |            0.07 |            0.16 |
+----------------------------------+----------+----------------+------------+-------------+-------------------+-----------+-----------------+-----------------+
Using d_min_step 0.0

Indexed crystal models:
model 1 (738 reflections):
Crystal:
    Unit cell: (45.235, 89.393, 93.066, 92.000, 92.335, 93.626)
    Space group: P 1
    U matrix:  {{ 0.3334,  0.8380,  0.4319},
                { 0.0745, -0.4801,  0.8740},
                { 0.9398, -0.2593, -0.2225}}
    B matrix:  {{ 0.0221,  0.0000,  0.0000},
                { 0.0014,  0.0112,  0.0000},
                { 0.0010,  0.0004,  0.0108}}
    A = UB:    {{ 0.0090,  0.0096,  0.0046},
                { 0.0018, -0.0050,  0.0094},
                { 0.0202, -0.0030, -0.0024}}
+------------+-------------+---------------+-------------+
|   Imageset |   # indexed |   # unindexed | % indexed   |
|------------+-------------+---------------+-------------|
|          0 |         738 |            46 | 94.1%       |
+------------+-------------+---------------+-------------+

################################################################################
Starting refinement (macro-cycle 1)
################################################################################


Summary statistics for 737 observations matched to predictions:
+-------------------+---------+----------+----------+---------+--------+
|                   |     Min |       Q1 |      Med |      Q3 |    Max |
|-------------------+---------+----------+----------+---------+--------|
| Xc - Xo (mm)      | -0.1713 | -0.01044 |   0.0132 | 0.03213 | 0.1065 |
| Yc - Yo (mm)      | -0.1461 | 0.004653 |   0.0272 | 0.05049 | 0.2327 |
| Phic - Phio (deg) |  -142.1 |  -0.3628 | -0.01572 |  0.3392 |     18 |
| X weights         |    3404 |     3832 |     3868 |    3902 |   3967 |
| Y weights         |    3555 |     3817 |     3859 |    3893 |   3967 |
| Phi weights       |   24.68 |    25.26 |    25.26 |   25.26 |  25.26 |
+-------------------+---------+----------+----------+---------+--------+

Detecting centroid outliers using the Tukey algorithm
122 reflections have been flagged as outliers
615 reflections remain in the manager

Summary statistics for 615 observations matched to predictions:
+-------------------+----------+-----------+----------+---------+---------+
|                   |      Min |        Q1 |      Med |      Q3 |     Max |
|-------------------+----------+-----------+----------+---------+---------|
| Xc - Xo (mm)      | -0.06868 | -0.007599 |  0.01322 | 0.03155 | 0.09069 |
| Yc - Yo (mm)      | -0.06281 |   0.01067 |  0.02848 | 0.04723 |  0.1192 |
| Phic - Phio (deg) |   -1.393 |   -0.3205 | -0.04461 |  0.2404 |    1.33 |
| X weights         |     3660 |      3829 |     3864 |    3899 |    3967 |
| Y weights         |     3612 |      3815 |     3856 |    3890 |    3963 |
| Phi weights       |    24.75 |     25.26 |    25.26 |   25.26 |   25.26 |
+-------------------+----------+-----------+----------+---------+---------+

There are 9 parameters to refine against 615 reflections in 3 dimensions

Refinement steps:
+--------+--------+----------+----------+------------+
|   Step |   Nref |   RMSD_X |   RMSD_Y |   RMSD_Phi |
|        |        |     (mm) |     (mm) |      (deg) |
|--------+--------+----------+----------+------------|
|      0 |    615 | 0.03121  | 0.042884 |    0.48743 |
|      1 |    615 | 0.02508  | 0.042433 |    0.47041 |
|      2 |    615 | 0.024966 | 0.042393 |    0.47031 |
|      3 |    615 | 0.024899 | 0.042368 |    0.46971 |
|      4 |    615 | 0.024835 | 0.042361 |    0.46734 |
|      5 |    615 | 0.024818 | 0.042376 |    0.46164 |
|      6 |    615 | 0.024902 | 0.042393 |    0.4528  |
|      7 |    615 | 0.025036 | 0.042411 |    0.44584 |
|      8 |    615 | 0.025119 | 0.04243  |    0.4437  |
|      9 |    615 | 0.025138 | 0.042435 |    0.44341 |
|     10 |    615 | 0.02514  | 0.042436 |    0.44339 |
+--------+--------+----------+----------+------------+
RMSD no longer decreasing

RMSDs by experiment:
+-------+--------+----------+----------+------------+
|   Exp |   Nref |   RMSD_X |   RMSD_Y |     RMSD_Z |
|    id |        |     (px) |     (px) |   (images) |
|-------+--------+----------+----------+------------|
|     0 |    615 |  0.45708 |  0.77156 |    0.64334 |
+-------+--------+----------+----------+------------+

Refined crystal models:
model 1 (738 reflections):
Crystal:
    Unit cell: (46.23(13), 90.07(6), 93.17(7), 92.32(7), 92.78(15), 91.93(15))
    Space group: P 1
    U matrix:  {{ 0.3380,  0.8331,  0.4377},
                { 0.0640, -0.4844,  0.8725},
                { 0.9390, -0.2669, -0.2171}}
    B matrix:  {{ 0.0216,  0.0000,  0.0000},
                { 0.0007,  0.0111,  0.0000},
                { 0.0011,  0.0005,  0.0108}}
    A = UB:    {{ 0.0084,  0.0095,  0.0047},
                { 0.0020, -0.0050,  0.0094},
                { 0.0199, -0.0031, -0.0023}}
+------------+-------------+---------------+-------------+
|   Imageset |   # indexed |   # unindexed | % indexed   |
|------------+-------------+---------------+-------------|
|          0 |         738 |            46 | 94.1%       |
+------------+-------------+---------------+-------------+

Indexed crystal models:
model 1 (738 reflections):
Crystal:
    Unit cell: (46.23(13), 90.07(6), 93.17(7), 92.32(7), 92.78(15), 91.93(15))
    Space group: P 1
    U matrix:  {{ 0.3380,  0.8331,  0.4377},
                { 0.0640, -0.4844,  0.8725},
                { 0.9390, -0.2669, -0.2171}}
    B matrix:  {{ 0.0216,  0.0000,  0.0000},
                { 0.0007,  0.0111,  0.0000},
                { 0.0011,  0.0005,  0.0108}}
    A = UB:    {{ 0.0084,  0.0095,  0.0047},
                { 0.0020, -0.0050,  0.0094},
                { 0.0199, -0.0031, -0.0023}}
+------------+-------------+---------------+-------------+
|   Imageset |   # indexed |   # unindexed | % indexed   |
|------------+-------------+---------------+-------------|
|          0 |         738 |            46 | 94.1%       |
+------------+-------------+---------------+-------------+

################################################################################
Starting refinement (macro-cycle 2)
################################################################################


Summary statistics for 737 observations matched to predictions:
+-------------------+---------+-----------+---------+---------+--------+
|                   |     Min |        Q1 |     Med |      Q3 |    Max |
|-------------------+---------+-----------+---------+---------+--------|
| Xc - Xo (mm)      | -0.1271 | -0.005948 | 0.01035 |  0.0252 | 0.1052 |
| Yc - Yo (mm)      | -0.1403 |  0.003697 | 0.02662 | 0.05042 | 0.2266 |
| Phic - Phio (deg) |  -126.8 |   -0.2832 | 0.05217 |  0.3608 |  15.36 |
| X weights         |    3404 |      3832 |    3868 |    3902 |   3967 |
| Y weights         |    3555 |      3817 |    3859 |    3893 |   3967 |
| Phi weights       |   24.68 |     25.26 |   25.26 |   25.26 |  25.26 |
+-------------------+---------+-----------+---------+---------+--------+

Detecting centroid outliers using the Tukey algorithm
114 reflections have been flagged as outliers
623 reflections remain in the manager

Summary statistics for 623 observations matched to predictions:
+-------------------+----------+-----------+---------+---------+---------+
|                   |      Min |        Q1 |     Med |      Q3 |     Max |
|-------------------+----------+-----------+---------+---------+---------|
| Xc - Xo (mm)      | -0.05155 | -0.002674 | 0.01112 | 0.02473 | 0.07058 |
| Yc - Yo (mm)      | -0.06092 |  0.008567 | 0.02737 | 0.04777 |  0.1192 |
| Phic - Phio (deg) |   -1.223 |   -0.2284 | 0.04904 |  0.2991 |   1.303 |
| X weights         |     3660 |      3829 |    3864 |    3900 |    3967 |
| Y weights         |     3555 |      3815 |    3856 |    3890 |    3963 |
| Phi weights       |    24.75 |     25.26 |   25.26 |   25.26 |   25.26 |
+-------------------+----------+-----------+---------+---------+---------+

There are 9 parameters to refine against 623 reflections in 3 dimensions

Refinement steps:
+--------+--------+----------+----------+------------+
|   Step |   Nref |   RMSD_X |   RMSD_Y |   RMSD_Phi |
|        |        |     (mm) |     (mm) |      (deg) |
|--------+--------+----------+----------+------------|
|      0 |    623 | 0.024552 | 0.042438 |    0.45812 |
|      1 |    623 | 0.024517 | 0.042388 |    0.45601 |
|      2 |    623 | 0.024512 | 0.042363 |    0.45596 |
|      3 |    623 | 0.024521 | 0.042365 |    0.45563 |
|      4 |    623 | 0.024535 | 0.042373 |    0.45509 |
|      5 |    623 | 0.024555 | 0.042377 |    0.45422 |
|      6 |    623 | 0.024591 | 0.04238  |    0.45288 |
|      7 |    623 | 0.024636 | 0.042387 |    0.45171 |
|      8 |    623 | 0.024662 | 0.042392 |    0.45129 |
|      9 |    623 | 0.024668 | 0.042393 |    0.45122 |
|     10 |    623 | 0.024668 | 0.042393 |    0.45122 |
+--------+--------+----------+----------+------------+
RMSD no longer decreasing

RMSDs by experiment:
+-------+--------+----------+----------+------------+
|   Exp |   Nref |   RMSD_X |   RMSD_Y |     RMSD_Z |
|    id |        |     (px) |     (px) |   (images) |
|-------+--------+----------+----------+------------|
|     0 |    623 |  0.44852 |  0.77078 |     0.6547 |
+-------+--------+----------+----------+------------+

Refined crystal models:
model 1 (738 reflections):
Crystal:
    Unit cell: (46.68(13), 90.16(6), 93.26(7), 92.42(7), 93.11(14), 91.57(15))
    Space group: P 1
    U matrix:  {{ 0.3394,  0.8317,  0.4394},
                { 0.0601, -0.4853,  0.8723},
                { 0.9387, -0.2697, -0.2147}}
    B matrix:  {{ 0.0214,  0.0000,  0.0000},
                { 0.0006,  0.0111,  0.0000},
                { 0.0012,  0.0005,  0.0107}}
    A = UB:    {{ 0.0083,  0.0094,  0.0047},
                { 0.0020, -0.0050,  0.0094},
                { 0.0197, -0.0031, -0.0023}}
+------------+-------------+---------------+-------------+
|   Imageset |   # indexed |   # unindexed | % indexed   |
|------------+-------------+---------------+-------------|
|          0 |         738 |            46 | 94.1%       |
+------------+-------------+---------------+-------------+

Indexed crystal models:
model 1 (738 reflections):
Crystal:
    Unit cell: (46.68(13), 90.16(6), 93.26(7), 92.42(7), 93.11(14), 91.57(15))
    Space group: P 1
    U matrix:  {{ 0.3394,  0.8317,  0.4394},
                { 0.0601, -0.4853,  0.8723},
                { 0.9387, -0.2697, -0.2147}}
    B matrix:  {{ 0.0214,  0.0000,  0.0000},
                { 0.0006,  0.0111,  0.0000},
                { 0.0012,  0.0005,  0.0107}}
    A = UB:    {{ 0.0083,  0.0094,  0.0047},
                { 0.0020, -0.0050,  0.0094},
                { 0.0197, -0.0031, -0.0023}}
+------------+-------------+---------------+-------------+
|   Imageset |   # indexed |   # unindexed | % indexed   |
|------------+-------------+---------------+-------------|
|          0 |         738 |            46 | 94.1%       |
+------------+-------------+---------------+-------------+

################################################################################
Starting refinement (macro-cycle 3)
################################################################################


Summary statistics for 737 observations matched to predictions:
+-------------------+---------+----------+---------+---------+--------+
|                   |     Min |       Q1 |     Med |      Q3 |    Max |
|-------------------+---------+----------+---------+---------+--------|
| Xc - Xo (mm)      | -0.1229 | -0.00522 | 0.01032 | 0.02515 | 0.1075 |
| Yc - Yo (mm)      | -0.1359 | 0.004176 | 0.02707 | 0.05015 | 0.2215 |
| Phic - Phio (deg) |    -125 |  -0.3175 | 0.03275 |  0.3261 |  14.79 |
| X weights         |    3404 |     3832 |    3868 |    3902 |   3967 |
| Y weights         |    3555 |     3817 |    3859 |    3893 |   3967 |
| Phi weights       |   24.68 |    25.26 |   25.26 |   25.26 |  25.26 |
+-------------------+---------+----------+---------+---------+--------+

Detecting centroid outliers using the Tukey algorithm
116 reflections have been flagged as outliers
621 reflections remain in the manager

Summary statistics for 621 observations matched to predictions:
+-------------------+----------+-----------+---------+---------+---------+
|                   |      Min |        Q1 |     Med |      Q3 |     Max |
|-------------------+----------+-----------+---------+---------+---------|
| Xc - Xo (mm)      | -0.05055 | -0.002202 | 0.01135 | 0.02468 | 0.06775 |
| Yc - Yo (mm)      | -0.06042 |  0.008284 | 0.02814 | 0.04759 |  0.1173 |
| Phic - Phio (deg) |   -1.196 |   -0.2449 |   0.036 |   0.283 |   1.281 |
| X weights         |     3660 |      3829 |    3864 |    3900 |    3967 |
| Y weights         |     3555 |      3815 |    3857 |    3891 |    3963 |
| Phi weights       |    24.75 |     25.26 |   25.26 |   25.26 |   25.26 |
+-------------------+----------+-----------+---------+---------+---------+

There are 9 parameters to refine against 621 reflections in 3 dimensions

Refinement steps:
+--------+--------+----------+----------+------------+
|   Step |   Nref |   RMSD_X |   RMSD_Y |   RMSD_Phi |
|        |        |     (mm) |     (mm) |      (deg) |
|--------+--------+----------+----------+------------|
|      0 |    621 | 0.024428 | 0.042325 |    0.45262 |
|      1 |    621 | 0.02441  | 0.04231  |    0.45266 |
|      2 |    621 | 0.024409 | 0.042303 |    0.45271 |
|      3 |    621 | 0.024412 | 0.042305 |    0.45261 |
|      4 |    621 | 0.024417 | 0.042308 |    0.45248 |
|      5 |    621 | 0.024424 | 0.04231  |    0.45233 |
|      6 |    621 | 0.024436 | 0.042312 |    0.45212 |
|      7 |    621 | 0.02445  | 0.042315 |    0.4519  |
|      8 |    621 | 0.024458 | 0.042317 |    0.4518  |
|      9 |    621 | 0.024459 | 0.042317 |    0.45178 |
+--------+--------+----------+----------+------------+
RMSD no longer decreasing

RMSDs by experiment:
+-------+--------+----------+----------+------------+
|   Exp |   Nref |   RMSD_X |   RMSD_Y |     RMSD_Z |
|    id |        |     (px) |     (px) |   (images) |
|-------+--------+----------+----------+------------|
|     0 |    621 |  0.44472 |   0.7694 |    0.65552 |
+-------+--------+----------+----------+------------+

Refined crystal models:
model 1 (738 reflections):
Crystal:
    Unit cell: (46.82(13), 90.17(6), 93.27(8), 92.43(7), 93.19(14), 91.51(15))
    Space group: P 1
    U matrix:  {{ 0.3398,  0.8314,  0.4397},
                { 0.0589, -0.4854,  0.8723},
                { 0.9387, -0.2705, -0.2139}}
    B matrix:  {{ 0.0214,  0.0000,  0.0000},
                { 0.0006,  0.0111,  0.0000},
                { 0.0012,  0.0005,  0.0107}}
    A = UB:    {{ 0.0083,  0.0094,  0.0047},
                { 0.0020, -0.0050,  0.0094},
                { 0.0196, -0.0031, -0.0023}}
+------------+-------------+---------------+-------------+
|   Imageset |   # indexed |   # unindexed | % indexed   |
|------------+-------------+---------------+-------------|
|          0 |         738 |            46 | 94.1%       |
+------------+-------------+---------------+-------------+

Indexed crystal models:
model 1 (738 reflections):
Crystal:
    Unit cell: (46.82(13), 90.17(6), 93.27(8), 92.43(7), 93.19(14), 91.51(15))
    Space group: P 1
    U matrix:  {{ 0.3398,  0.8314,  0.4397},
                { 0.0589, -0.4854,  0.8723},
                { 0.9387, -0.2705, -0.2139}}
    B matrix:  {{ 0.0214,  0.0000,  0.0000},
                { 0.0006,  0.0111,  0.0000},
                { 0.0012,  0.0005,  0.0107}}
    A = UB:    {{ 0.0083,  0.0094,  0.0047},
                { 0.0020, -0.0050,  0.0094},
                { 0.0196, -0.0031, -0.0023}}
+------------+-------------+---------------+-------------+
|   Imageset |   # indexed |   # unindexed | % indexed   |
|------------+-------------+---------------+-------------|
|          0 |         738 |            46 | 94.1%       |
+------------+-------------+---------------+-------------+

################################################################################
Starting refinement (macro-cycle 4)
################################################################################


Summary statistics for 737 observations matched to predictions:
+-------------------+---------+-----------+---------+---------+--------+
|                   |     Min |        Q1 |     Med |      Q3 |    Max |
|-------------------+---------+-----------+---------+---------+--------|
| Xc - Xo (mm)      | -0.1226 | -0.005188 | 0.01022 | 0.02556 | 0.1088 |
| Yc - Yo (mm)      | -0.1338 |  0.004277 | 0.02699 | 0.04983 | 0.2189 |
| Phic - Phio (deg) |  -124.5 |   -0.3256 | 0.01596 |  0.3154 |  14.64 |
| X weights         |    3404 |      3832 |    3868 |    3902 |   3967 |
| Y weights         |    3555 |      3817 |    3859 |    3893 |   3967 |
| Phi weights       |   24.68 |     25.26 |   25.26 |   25.26 |  25.26 |
+-------------------+---------+-----------+---------+---------+--------+

Detecting centroid outliers using the Tukey algorithm
112 reflections have been flagged as outliers
625 reflections remain in the manager

Summary statistics for 625 observations matched to predictions:
+-------------------+----------+----------+---------+---------+--------+
|                   |      Min |       Q1 |     Med |      Q3 |    Max |
|-------------------+----------+----------+---------+---------+--------|
| Xc - Xo (mm)      | -0.05103 | -0.00241 | 0.01129 | 0.02467 | 0.0677 |
| Yc - Yo (mm)      | -0.05971 | 0.008377 | 0.02831 | 0.04806 | 0.1162 |
| Phic - Phio (deg) |   -1.285 |  -0.2677 | 0.01745 |  0.2805 |  1.276 |
| X weights         |     3660 |     3829 |    3865 |    3900 |   3967 |
| Y weights         |     3555 |     3816 |    3857 |    3891 |   3963 |
| Phi weights       |    24.75 |    25.26 |   25.26 |   25.26 |  25.26 |
+-------------------+----------+----------+---------+---------+--------+

There are 9 parameters to refine against 625 reflections in 3 dimensions

Refinement steps:
+--------+--------+----------+----------+------------+
|   Step |   Nref |   RMSD_X |   RMSD_Y |   RMSD_Phi |
|        |        |     (mm) |     (mm) |      (deg) |
|--------+--------+----------+----------+------------|
|      0 |    625 | 0.024557 | 0.042405 |    0.45971 |
|      1 |    625 | 0.024559 | 0.042397 |    0.45977 |
|      2 |    625 | 0.024558 | 0.042394 |    0.4598  |
+--------+--------+----------+----------+------------+
RMSD no longer decreasing

RMSDs by experiment:
+-------+--------+----------+----------+------------+
|   Exp |   Nref |   RMSD_X |   RMSD_Y |     RMSD_Z |
|    id |        |     (px) |     (px) |   (images) |
|-------+--------+----------+----------+------------|
|     0 |    625 |  0.44651 |  0.77081 |    0.66716 |
+-------+--------+----------+----------+------------+

Refined crystal models:
model 1 (738 reflections):
Crystal:
    Unit cell: (46.83(3), 90.17(3), 93.27(7), 92.43(4), 93.19(11), 91.50(5))
    Space group: P 1
    U matrix:  {{ 0.3398,  0.8314,  0.4397},
                { 0.0589, -0.4854,  0.8723},
                { 0.9387, -0.2705, -0.2139}}
    B matrix:  {{ 0.0214,  0.0000,  0.0000},
                { 0.0006,  0.0111,  0.0000},
                { 0.0012,  0.0005,  0.0107}}
    A = UB:    {{ 0.0083,  0.0094,  0.0047},
                { 0.0020, -0.0050,  0.0094},
                { 0.0196, -0.0031, -0.0023}}
+------------+-------------+---------------+-------------+
|   Imageset |   # indexed |   # unindexed | % indexed   |
|------------+-------------+---------------+-------------|
|          0 |         738 |            46 | 94.1%       |
+------------+-------------+---------------+-------------+

Indexed crystal models:
model 1 (738 reflections):
Crystal:
    Unit cell: (46.83(3), 90.17(3), 93.27(7), 92.43(4), 93.19(11), 91.50(5))
    Space group: P 1
    U matrix:  {{ 0.3398,  0.8314,  0.4397},
                { 0.0589, -0.4854,  0.8723},
                { 0.9387, -0.2705, -0.2139}}
    B matrix:  {{ 0.0214,  0.0000,  0.0000},
                { 0.0006,  0.0111,  0.0000},
                { 0.0012,  0.0005,  0.0107}}
    A = UB:    {{ 0.0083,  0.0094,  0.0047},
                { 0.0020, -0.0050,  0.0094},
                { 0.0196, -0.0031, -0.0023}}
+------------+-------------+---------------+-------------+
|   Imageset |   # indexed |   # unindexed | % indexed   |
|------------+-------------+---------------+-------------|
|          0 |         738 |            46 | 94.1%       |
+------------+-------------+---------------+-------------+

################################################################################
Starting refinement (macro-cycle 5)
################################################################################


Summary statistics for 737 observations matched to predictions:
+-------------------+---------+-----------+---------+---------+--------+
|                   |     Min |        Q1 |     Med |      Q3 |    Max |
|-------------------+---------+-----------+---------+---------+--------|
| Xc - Xo (mm)      | -0.1225 | -0.005215 |  0.0103 | 0.02559 | 0.1089 |
| Yc - Yo (mm)      | -0.1333 |  0.004245 |  0.0271 | 0.04992 | 0.2183 |
| Phic - Phio (deg) |  -124.4 |   -0.3305 | 0.01225 |  0.3118 |  14.61 |
| X weights         |    3404 |      3832 |    3868 |    3902 |   3967 |
| Y weights         |    3555 |      3817 |    3859 |    3893 |   3967 |
| Phi weights       |   24.68 |     25.26 |   25.26 |   25.26 |  25.26 |
+-------------------+---------+-----------+---------+---------+--------+

Detecting centroid outliers using the Tukey algorithm
111 reflections have been flagged as outliers
626 reflections remain in the manager

Summary statistics for 626 observations matched to predictions:
+-------------------+----------+-----------+---------+---------+---------+
|                   |      Min |        Q1 |     Med |      Q3 |     Max |
|-------------------+----------+-----------+---------+---------+---------|
| Xc - Xo (mm)      | -0.05114 | -0.002415 | 0.01124 | 0.02464 | 0.06759 |
| Yc - Yo (mm)      | -0.05994 |  0.008234 | 0.02835 | 0.04791 |  0.1158 |
| Phic - Phio (deg) |   -1.292 |   -0.2722 | 0.01373 |  0.2787 |   1.274 |
| X weights         |     3660 |      3829 |    3865 |    3901 |    3967 |
| Y weights         |     3555 |      3816 |    3857 |    3891 |    3963 |
| Phi weights       |    24.75 |     25.26 |   25.26 |   25.26 |   25.26 |
+-------------------+----------+-----------+---------+---------+---------+

There are 9 parameters to refine against 626 reflections in 3 dimensions

Refinement steps:
+--------+--------+----------+----------+------------+
|   Step |   Nref |   RMSD_X |   RMSD_Y |   RMSD_Phi |
|        |        |     (mm) |     (mm) |      (deg) |
|--------+--------+----------+----------+------------|
|      0 |    626 | 0.024538 | 0.042369 |    0.46225 |
|      1 |    626 | 0.02454  | 0.042367 |    0.46226 |
+--------+--------+----------+----------+------------+
RMSD no longer decreasing

RMSDs by experiment:
+-------+--------+----------+----------+------------+
|   Exp |   Nref |   RMSD_X |   RMSD_Y |     RMSD_Z |
|    id |        |     (px) |     (px) |   (images) |
|-------+--------+----------+----------+------------|
|     0 |    626 |  0.44617 |   0.7703 |    0.67072 |
+-------+--------+----------+----------+------------+

Refined crystal models:
model 1 (738 reflections):
Crystal:
    Unit cell: (46.84(2), 90.17(3), 93.27(7), 92.43(4), 93.20(10), 91.50(4))
    Space group: P 1
    U matrix:  {{ 0.3398,  0.8314,  0.4397},
                { 0.0589, -0.4854,  0.8723},
                { 0.9387, -0.2705, -0.2139}}
    B matrix:  {{ 0.0214,  0.0000,  0.0000},
                { 0.0006,  0.0111,  0.0000},
                { 0.0012,  0.0005,  0.0107}}
    A = UB:    {{ 0.0083,  0.0094,  0.0047},
                { 0.0020, -0.0050,  0.0094},
                { 0.0196, -0.0031, -0.0023}}
+------------+-------------+---------------+-------------+
|   Imageset |   # indexed |   # unindexed | % indexed   |
|------------+-------------+---------------+-------------|
|          0 |         738 |            46 | 94.1%       |
+------------+-------------+---------------+-------------+
Saving refined experiments to indexed.expt
Saving refined reflections to indexed.refl
