DIALS (2018) Acta Cryst. D74, 85-97. https://doi.org/10.1107/S2059798317017235
DIALS 2.1.1-gcdd629a7b-release
The following parameters have been modified:

refinement {
  parameterisation {
    detector {
      fix = all position orientation *distance
    }
  }
}
input {
  experiments = indexed.expt
  reflections = indexed.refl
}

Chiral space groups corresponding to each Bravais lattice:
aP: P1
mP: P2 P21
mC: C2
oP: P222 P2221 P21212 P212121
oC: C2221 C222
tP: P4 P41 P42 P43 P422 P4212 P4122 P41212 P4222 P42212 P4322 P43212
+------------+--------------+--------+--------------+----------+-----------+-------------------------------------------+----------+------------+
|   Solution |   Metric fit |   rmsd | min/max cc   |   #spots | lattice   | unit_cell                                 |   volume | cb_op      |
|------------+--------------+--------+--------------+----------+-----------+-------------------------------------------+----------+------------|
|          9 |       2.6782 |  0.076 | 0.183/0.523  |      785 | tP        | 77.82  77.82  40.38  90.00  90.00  90.00  |   244526 | b,c,a      |
|          8 |       2.6782 |  0.068 | 0.288/0.523  |      833 | oC        | 109.52 111.51  39.86  90.00  90.00  90.00 |   486810 | b-c,b+c,a  |
|   *      7 |       2.6782 |  0.037 | 0.288/0.288  |      764 | mC        | 108.98 111.77  38.90  90.00  92.76  90.00 |   473313 | b-c,b+c,a  |
|          6 |       2.6403 |  0.066 | 0.372/0.523  |      820 | oP        | 39.48  77.28  78.70  90.00  90.00  90.00  |   240092 | a,b,c      |
|   *      5 |       2.6403 |  0.028 | 0.523/0.523  |      812 | mP        | 77.48  38.61  79.13  90.00  88.81  90.00  |   236671 | -b,-a,-c   |
|          4 |       2.2958 |  0.052 | 0.372/0.372  |      768 | mP        | 38.66  77.39  77.56  90.00  93.28  90.00  |   231660 | -a,-b,c    |
|   *      3 |       1.6958 |  0.042 | 0.375/0.375  |      781 | mP        | 38.34  79.18  77.13  90.00  92.54  90.00  |   233932 | -a,c,b     |
|          2 |       0.7917 |  0.056 | 0.326/0.326  |      804 | mC        | 110.36 109.59  38.79  90.00  92.90  90.00 |   468507 | -b-c,b-c,a |
|   *      1 |       0      |  0.026 | -/-          |      810 | aP        | 38.32  77.43  78.67  89.05  88.83  89.54  |   233318 | a,b,c      |
+------------+--------------+--------+--------------+----------+-----------+-------------------------------------------+----------+------------+
* = recommended solution

Saving summary as bravais_summary.json
Saving solution 9 as bravais_setting_9.expt
Saving solution 8 as bravais_setting_8.expt
Saving solution 7 as bravais_setting_7.expt
Saving solution 6 as bravais_setting_6.expt
Saving solution 5 as bravais_setting_5.expt
Saving solution 4 as bravais_setting_4.expt
Saving solution 3 as bravais_setting_3.expt
Saving solution 2 as bravais_setting_2.expt
Saving solution 1 as bravais_setting_1.expt
