DIALS (2018) Acta Cryst. D74, 85-97. https://doi.org/10.1107/S2059798317017235
DIALS 2.1.1-gcdd629a7b-release
The following parameters have been modified:

output {
  experiments = "sv_refined.expt"
  reflections = "sv_refined.refl"
  log = "dials.sv_refine.log"
}
refinement {
  parameterisation {
    scan_varying = True
    beam {
      fix = all in_spindle_plane out_spindle_plane *wavelength
      force_static = False
    }
    detector {
      fix = *all position orientation distance
    }
  }
}
input {
  experiments = refined.expt
  reflections = refined.refl
}

Configuring refiner

Summary statistics for 1214 observations matched to predictions:
+-------------------+---------+----------+----------+---------+--------+
|                   |     Min |       Q1 |      Med |      Q3 |    Max |
|-------------------+---------+----------+----------+---------+--------|
| Xc - Xo (mm)      | -0.1612 | -0.03552 | 0.003878 | 0.05129 | 0.1848 |
| Yc - Yo (mm)      | -0.2018 | -0.03262 |  0.01514 |  0.0659 | 0.2081 |
| Phic - Phio (deg) |  -19.55 |  -0.3874 |  0.04867 |  0.3964 |  4.918 |
| X weights         |    3718 |     3897 |     3916 |    3932 |   3967 |
| Y weights         |    3750 |     3896 |     3915 |    3932 |   3967 |
| Phi weights       |   25.11 |     25.4 |     25.4 |    25.4 |   25.4 |
+-------------------+---------+----------+----------+---------+--------+

Detecting centroid outliers using the MCD algorithm
127 reflections have been flagged as outliers
1087 reflections remain in the manager

Summary statistics for 1087 observations matched to predictions:
+-------------------+---------+----------+----------+---------+--------+
|                   |     Min |       Q1 |      Med |      Q3 |    Max |
|-------------------+---------+----------+----------+---------+--------|
| Xc - Xo (mm)      | -0.1612 | -0.03625 | 0.002855 | 0.05148 | 0.1806 |
| Yc - Yo (mm)      | -0.2018 | -0.03485 | 0.008717 | 0.05554 | 0.2081 |
| Phic - Phio (deg) |  -1.124 |  -0.4203 |  0.04395 |  0.4118 |  1.264 |
| X weights         |    3718 |     3898 |     3917 |    3933 |   3967 |
| Y weights         |    3750 |     3897 |     3915 |    3932 |   3967 |
| Phi weights       |   25.11 |     25.4 |     25.4 |    25.4 |   25.4 |
+-------------------+---------+----------+----------+---------+--------+

There are 14 parameters to refine against 1087 reflections in 3 dimensions
Performing refinement of a single Experiment...

Refinement steps:
+--------+--------+----------+----------+------------+
|   Step |   Nref |   RMSD_X |   RMSD_Y |   RMSD_Phi |
|        |        |     (mm) |     (mm) |      (deg) |
|--------+--------+----------+----------+------------|
|      0 |   1087 | 0.060507 | 0.069764 |    0.50768 |
|      1 |   1087 | 0.057524 | 0.066195 |    0.52671 |
|      2 |   1087 | 0.057514 | 0.065772 |    0.51055 |
|      3 |   1087 | 0.057492 | 0.06483  |    0.48201 |
|      4 |   1087 | 0.057278 | 0.062603 |    0.44356 |
|      5 |   1087 | 0.056249 | 0.058706 |    0.3785  |
|      6 |   1087 | 0.053311 | 0.053257 |    0.28899 |
|      7 |   1087 | 0.049268 | 0.047855 |    0.24063 |
|      8 |   1087 | 0.047131 | 0.045098 |    0.2624  |
|      9 |   1087 | 0.046476 | 0.044299 |    0.28622 |
|     10 |   1087 | 0.046341 | 0.044142 |    0.29276 |
|     11 |   1087 | 0.046329 | 0.044125 |    0.29343 |
|     12 |   1087 | 0.046328 | 0.044125 |    0.29347 |
|     13 |   1087 | 0.046328 | 0.044125 |    0.29347 |
+--------+--------+----------+----------+------------+
RMSD no longer decreasing

RMSDs by experiment:
+-------+--------+----------+----------+------------+
|   Exp |   Nref |   RMSD_X |   RMSD_Y |     RMSD_Z |
|    id |        |     (px) |     (px) |   (images) |
|-------+--------+----------+----------+------------|
|     0 |   1087 |  0.84233 |  0.80226 |    0.42698 |
+-------+--------+----------+----------+------------+
Updating predictions for indexed reflections

Final refined crystal model:
Crystal:
    Unit cell: (77.758(19), 77.758(19), 40.51(7), 90.00000000000004, 90.00000000000001, 90.00000000000001)
    Space group: P 4
    U matrix:  {{-0.9932,  0.1111, -0.0343},
                { 0.0960,  0.9501,  0.2969},
                { 0.0655,  0.2916, -0.9543}}
    B matrix:  {{ 0.0129,  0.0000,  0.0000},
                { 0.0000,  0.0129,  0.0000},
                { 0.0000,  0.0000,  0.0247}}
    A = UB:    {{-0.0128,  0.0014, -0.0008},
                { 0.0012,  0.0122,  0.0073},
                { 0.0008,  0.0037, -0.0236}}
    A sampled at 48 scan points
Saving refined experiments to sv_refined.expt
Saving reflections with updated predictions to sv_refined.refl

Total time taken: 1.25s
