DIALS (2018) Acta Cryst. D74, 85-97. https://doi.org/10.1107/S2059798317017235
DIALS 2.1.1-gcdd629a7b-release
The following parameters have been modified:

output {
  log = "dials.export_mtz.log"
}
input {
  experiments = integrated.expt
  reflections = integrated.refl
}

Data appears to be unscaled, setting intensity = profile+sum
Data appears to be unscaled, setting mtz.hklout = 'integrated.mtz'
Read 4544 predicted reflections
Selected 4300 reflections integrated by profile and summation methods
Combined 54 partial reflections with other partial reflections
Removed 444 reflections below partiality threshold
Removed 23 intensity.sum.value reflections with I/Sig(I) < -5.0
Removed 1 intensity.prf.value reflections with I/Sig(I) < -5.0
Saving 3778 integrated reflections to integrated.mtz

Title: From dials.export
Space group symbol from file: P4
Space group number from file: 75
Space group from matrices: P 4 (No. 75)
Point group symbol from file: 4
Number of batches: 47
Number of crystals: 1
Number of Miller indices: 3778
Resolution range: 77.7583 3.48041
History:
  From DIALS 2.1.1-gcdd629a7b-release, run on 2020-03-25 at 11:32:54 CET  (2020-03
Crystal 1:
  Name: XTAL
  Project: DIALS
  Id: 1
  Unit cell: (77.7583, 77.7583, 40.5148, 90, 90, 90)
  Number of datasets: 1
  Dataset 1:
    Name: FROMDIALS
    Id: 1
    Wavelength: 0.0251
    Number of columns: 17
    label        #valid  %valid      min       max type
    H              3778 100.00%     0.00     22.00 H: index h,k,l
    K              3778 100.00%     1.00     22.00 H: index h,k,l
    L              3778 100.00%     0.00      5.00 H: index h,k,l
    M_ISYM         3778 100.00%     1.00      8.00 Y: M/ISYM, packed partial/reject flag and symmetry number
    BATCH          3778 100.00%     2.00     46.00 B: BATCH number
    IPR            3778 100.00%    -1.54    132.33 J: intensity
    SIGIPR         3778 100.00%     0.10      0.88 Q: standard deviation
    I              3778 100.00%    -8.08    266.79 J: intensity
    SIGI           3778 100.00%     0.23      7.71 Q: standard deviation
    BG             3778 100.00% 10233.10 876717.31 R: real
    SIGBG          3778 100.00%   107.36   1044.02 R: real
    FRACTIONCALC   3778 100.00%     0.99      1.00 R: real
    XDET           3778 100.00%    52.10    435.61 R: real
    YDET           3778 100.00%    35.02    419.39 R: real
    ROT            3778 100.00%   -17.27     13.03 R: real
    LP             3778 100.00%     0.00      0.01 R: real
    QE             3778 100.00%     1.00      1.00 R: real

