DIALS (2018) Acta Cryst. D74, 85-97. https://doi.org/10.1107/S2059798317017235
DIALS 2.1.1-gcdd629a7b-release
The following parameters have been modified:

refinement {
  parameterisation {
    detector {
      fix = *all position orientation distance
    }
  }
}
input {
  experiments = imported.expt
  reflections = strong.refl
}

Found max_cell: 108.2 Angstrom
Setting d_min: 2.58
FFT gridding: (256,256,256)
Number of centroids used: 1376
Candidate solutions:
+-------------------------------------+----------+----------------+------------+-------------+-------------------+-----------+-----------------+-----------------+
| unit_cell                           |   volume |   volume score |   #indexed |   % indexed |   % indexed score |   rmsd_xy |   rmsd_xy score |   overall score |
|-------------------------------------+----------+----------------+------------+-------------+-------------------+-----------+-----------------+-----------------|
| 38.97 77.47 78.21 89.4 87.7 87.9    |   235772 |           0.04 |        886 |          64 |              0.46 |      0.08 |            0.45 |            0.95 |
| 38.97 77.47 77.89 89.6 87.1 87.9    |   234714 |           0.03 |        903 |          65 |              0.43 |      0.08 |            0.5  |            0.96 |
| 38.97 77.44 78.20 89.6 88.0 87.2    |   235582 |           0.04 |        890 |          64 |              0.45 |      0.08 |            0.47 |            0.96 |
| 38.97 77.40 77.89 89.7 87.1 87.2    |   234362 |           0.03 |        882 |          64 |              0.46 |      0.08 |            0.47 |            0.96 |
| 38.97 77.47 78.62 89.3 89.0 87.9    |   237168 |           0.04 |        895 |          65 |              0.44 |      0.08 |            0.47 |            0.96 |
| 38.97 77.47 78.04 89.5 87.7 87.9    |   235274 |           0.03 |        905 |          66 |              0.43 |      0.08 |            0.5  |            0.96 |
| 38.97 77.38 78.14 89.5 87.7 87.9    |   235289 |           0.03 |        911 |          66 |              0.42 |      0.08 |            0.51 |            0.96 |
| 38.97 77.47 78.20 89.6 88.0 87.9    |   235806 |           0.04 |        916 |          66 |              0.41 |      0.08 |            0.52 |            0.97 |
| 38.97 77.38 77.89 89.7 87.1 87.9    |   234431 |           0.03 |        909 |          66 |              0.42 |      0.08 |            0.52 |            0.97 |
| 38.97 77.34 78.20 89.4 88.0 88.2    |   235438 |           0.03 |        930 |          67 |              0.39 |      0.08 |            0.55 |            0.97 |
| 38.97 77.38 78.20 89.6 88.0 87.9    |   235522 |           0.03 |        929 |          67 |              0.39 |      0.08 |            0.55 |            0.98 |
| 38.97 77.25 77.89 89.7 87.1 87.3    |   233945 |           0.03 |        894 |          65 |              0.44 |      0.08 |            0.51 |            0.98 |
| 38.97 77.38 77.98 89.6 87.7 87.9    |   234791 |           0.03 |        931 |          67 |              0.39 |      0.08 |            0.56 |            0.98 |
| 38.97 77.47 78.51 89.6 88.8 87.9    |   236818 |           0.04 |        926 |          67 |              0.39 |      0.08 |            0.55 |            0.98 |
| 38.97 77.38 78.56 89.5 89.0 87.9    |   236683 |           0.04 |        933 |          68 |              0.38 |      0.08 |            0.56 |            0.99 |
| 38.97 77.28 78.20 89.6 88.0 88.3    |   235273 |           0.03 |        952 |          69 |              0.35 |      0.08 |            0.61 |            0.99 |
| 38.97 77.38 78.51 89.6 88.8 87.9    |   236533 |           0.04 |        944 |          68 |              0.37 |      0.08 |            0.59 |            0.99 |
| 38.97 77.38 77.89 89.9 87.1 86.2    |   234086 |           0.03 |        849 |          61 |              0.52 |      0.08 |            0.45 |            1    |
| 38.97 77.20 78.20 89.9 88.0 86.9    |   234797 |           0.03 |        915 |          66 |              0.41 |      0.08 |            0.56 |            1    |
| 38.97 77.20 77.89 89.8 87.1 87.3    |   233780 |           0.02 |        895 |          65 |              0.44 |      0.08 |            0.54 |            1.01 |
| 38.97 77.18 78.51 89.6 88.8 87.7    |   235900 |           0.04 |        956 |          69 |              0.35 |      0.09 |            0.62 |            1.01 |
| 38.97 77.38 78.24 89.6 88.7 87.9    |   235722 |           0.04 |        957 |          69 |              0.35 |      0.09 |            0.63 |            1.01 |
| 37.81 77.23 78.92 89.4 89.2 89.2    |   230385 |           0    |       1216 |          88 |              0    |      0.11 |            1.02 |            1.02 |
| 37.82 77.42 78.84 88.9 89.1 89.7    |   230808 |           0.01 |       1174 |          85 |              0.05 |      0.11 |            0.97 |            1.03 |
| 38.08 77.49 78.78 89.1 89.3 89.1    |   232409 |           0.02 |        997 |          72 |              0.29 |      0.09 |            0.73 |            1.03 |
| 37.82 77.29 78.84 89.3 89.1 88.9    |   230397 |           0    |       1163 |          84 |              0.06 |      0.11 |            0.96 |            1.03 |
| 38.97 77.35 78.51 89.2 88.8 89.0    |   236543 |           0.04 |        979 |          71 |              0.31 |      0.09 |            0.68 |            1.03 |
| 38.08 77.29 78.73 89.3 89.1 88.9    |   231639 |           0.01 |       1124 |          81 |              0.11 |      0.1  |            0.91 |            1.04 |
| 38.20 77.29 78.70 89.4 89.0 89.0    |   232288 |           0.01 |       1173 |          85 |              0.05 |      0.11 |            0.97 |            1.04 |
| 38.08 77.34 78.62 89.3 89.0 88.8    |   231471 |           0.01 |       1053 |          76 |              0.21 |      0.1  |            0.82 |            1.04 |
| 38.23 77.42 78.24 89.5 88.5 88.9    |   231422 |           0.01 |       1030 |          75 |              0.24 |      0.1  |            0.79 |            1.04 |
| 38.97 77.29 78.51 89.3 88.8 89.0    |   236378 |           0.04 |       1027 |          74 |              0.24 |      0.09 |            0.77 |            1.05 |
| 37.82 77.50 78.84 89.1 89.1 89.4    |   231039 |           0.01 |       1133 |          82 |              0.1  |      0.11 |            0.94 |            1.05 |
| 38.48 77.28 78.24 89.6 88.7 88.6    |   232537 |           0.02 |       1034 |          75 |              0.23 |      0.1  |            0.8  |            1.05 |
| 37.84 77.10 78.83 89.2 89.1 89.3    |   229924 |           0    |       1178 |          85 |              0.05 |      0.11 |            1.01 |            1.05 |
| 38.46 77.29 78.61 89.4 89.0 89.1    |   233628 |           0.02 |       1137 |          82 |              0.1  |      0.11 |            0.94 |            1.06 |
| 38.97 77.14 77.89 90.1 92.9 94.0    |   233303 |           0.02 |        855 |          62 |              0.51 |      0.08 |            0.53 |            1.06 |
| 38.48 77.23 78.27 89.6 88.7 88.7    |   232481 |           0.02 |       1063 |          77 |              0.19 |      0.1  |            0.86 |            1.07 |
| 37.82 77.68 78.84 91.2 90.9 90.3    |   231568 |           0.01 |       1128 |          82 |              0.11 |      0.11 |            0.95 |            1.07 |
| 38.71 77.18 78.20 89.7 88.4 88.6    |   233495 |           0.02 |       1041 |          75 |              0.22 |      0.1  |            0.85 |            1.09 |
| 38.08 77.66 79.08 88.8 89.9 89.7    |   233816 |           0.02 |        994 |          72 |              0.29 |      0.1  |            0.78 |            1.09 |
| 38.48 77.09 77.98 89.9 88.1 88.1    |   231045 |           0.01 |        983 |          71 |              0.31 |      0.1  |            0.82 |            1.14 |
| 38.08 77.08 78.99 89.2 89.5 89.3    |   231836 |           0.01 |       1098 |          80 |              0.15 |      0.11 |            0.99 |            1.15 |
| 38.97 77.23 79.03 88.9 89.8 89.6    |   237806 |           0.05 |        984 |          71 |              0.31 |      0.1  |            0.91 |            1.26 |
| 38.97 77.20 79.11 89.0 89.8 89.6    |   237970 |           0.05 |        981 |          71 |              0.31 |      0.1  |            0.91 |            1.26 |
| 38.97 77.12 79.35 90.9 90.8 90.2    |   238421 |           0.05 |        981 |          71 |              0.31 |      0.1  |            0.92 |            1.28 |
| 38.97 77.25 78.20 91.7 92.0 92.6    |   234932 |           0.03 |        769 |          56 |              0.66 |      0.1  |            0.84 |            1.53 |
| 38.97 77.46 77.89 91.8 92.9 93.5    |   234258 |           0.03 |        694 |          50 |              0.81 |      0.1  |            0.83 |            1.66 |
| 108.51 115.97 135.61 78.1 88.1 74.9 |  1611860 |           2.81 |        187 |          14 |              2.7  |      0.06 |            0.06 |            5.57 |
| 107.09 116.14 135.61 80.2 89.1 75.7 |  1609825 |           2.81 |        171 |          12 |              2.83 |      0.06 |            0    |            5.64 |
+-------------------------------------+----------+----------------+------------+-------------+-------------------+-----------+-----------------+-----------------+
Using d_min_step 0.0

Indexed crystal models:
model 1 (886 reflections):
Crystal:
    Unit cell: (38.972, 77.472, 78.211, 89.413, 87.668, 87.881)
    Space group: P 1
    U matrix:  {{-0.0421, -0.9929,  0.1113},
                { 0.3169,  0.0923,  0.9439},
                {-0.9475,  0.0750,  0.3108}}
    B matrix:  {{ 0.0257,  0.0000,  0.0000},
                {-0.0009,  0.0129,  0.0000},
                {-0.0010, -0.0001,  0.0128}}
    A = UB:    {{-0.0003, -0.0128,  0.0014},
                { 0.0071,  0.0011,  0.0121},
                {-0.0247,  0.0009,  0.0040}}
+------------+-------------+---------------+-------------+
|   Imageset |   # indexed |   # unindexed | % indexed   |
|------------+-------------+---------------+-------------|
|          0 |         886 |           495 | 64.2%       |
+------------+-------------+---------------+-------------+

################################################################################
Starting refinement (macro-cycle 1)
################################################################################


Summary statistics for 886 observations matched to predictions:
+-------------------+---------+---------+-----------+---------+--------+
|                   |     Min |      Q1 |       Med |      Q3 |    Max |
|-------------------+---------+---------+-----------+---------+--------|
| Xc - Xo (mm)      | -0.1069 | 0.02123 |     0.043 | 0.06141 | 0.1394 |
| Yc - Yo (mm)      | -0.1055 | 0.01775 |   0.04969 |  0.0705 | 0.1322 |
| Phic - Phio (deg) |     -10 | -0.1594 | -0.007597 |  0.1234 |  5.899 |
| X weights         |    3718 |    3901 |      3919 |    3935 |   3965 |
| Y weights         |    3825 |    3898 |      3917 |    3934 |   3967 |
| Phi weights       |   25.12 |    25.4 |      25.4 |    25.4 |   25.4 |
+-------------------+---------+---------+-----------+---------+--------+

Detecting centroid outliers using the Tukey algorithm
73 reflections have been flagged as outliers
813 reflections remain in the manager

Summary statistics for 813 observations matched to predictions:
+-------------------+----------+---------+-----------+---------+--------+
|                   |      Min |      Q1 |       Med |      Q3 |    Max |
|-------------------+----------+---------+-----------+---------+--------|
| Xc - Xo (mm)      | -0.06912 | 0.02204 |   0.04324 | 0.06111 | 0.1224 |
| Yc - Yo (mm)      |  -0.1055 | 0.01775 |   0.04945 | 0.06999 |  0.128 |
| Phic - Phio (deg) |   -0.583 | -0.1433 | -0.006306 |  0.1143 | 0.5331 |
| X weights         |     3718 |    3901 |      3918 |    3933 |   3965 |
| Y weights         |     3825 |    3898 |      3916 |    3933 |   3967 |
| Phi weights       |    25.14 |    25.4 |      25.4 |    25.4 |   25.4 |
+-------------------+----------+---------+-----------+---------+--------+

There are 10 parameters to refine against 813 reflections in 3 dimensions

Refinement steps:
+--------+--------+----------+----------+------------+
|   Step |   Nref |   RMSD_X |   RMSD_Y |   RMSD_Phi |
|        |        |     (mm) |     (mm) |      (deg) |
|--------+--------+----------+----------+------------|
|      0 |    813 | 0.049959 | 0.059415 |    0.20543 |
|      1 |    813 | 0.05545  | 0.050963 |    0.20354 |
|      2 |    813 | 0.056905 | 0.048248 |    0.20188 |
|      3 |    813 | 0.057845 | 0.046752 |    0.20063 |
|      4 |    813 | 0.058085 | 0.046372 |    0.20048 |
|      5 |    813 | 0.057976 | 0.046376 |    0.20069 |
|      6 |    813 | 0.057746 | 0.046471 |    0.20119 |
|      7 |    813 | 0.057557 | 0.046562 |    0.20251 |
|      8 |    813 | 0.057488 | 0.046588 |    0.20389 |
|      9 |    813 | 0.057478 | 0.046588 |    0.20434 |
|     10 |    813 | 0.057477 | 0.046587 |    0.20438 |
|     11 |    813 | 0.057477 | 0.046587 |    0.20438 |
+--------+--------+----------+----------+------------+
RMSD no longer decreasing

RMSDs by experiment:
+-------+--------+----------+----------+------------+
|   Exp |   Nref |   RMSD_X |   RMSD_Y |     RMSD_Z |
|    id |        |     (px) |     (px) |   (images) |
|-------+--------+----------+----------+------------|
|     0 |    813 |    1.045 |  0.84704 |    0.29737 |
+-------+--------+----------+----------+------------+

Refined crystal models:
model 1 (886 reflections):
Crystal:
    Unit cell: (38.77(8), 77.67(2), 78.58(5), 89.25(4), 88.50(11), 87.90(9))
    Space group: P 1
    U matrix:  {{-0.0427, -0.9926,  0.1137},
                { 0.3187,  0.0943,  0.9431},
                {-0.9469,  0.0765,  0.3124}}
    B matrix:  {{ 0.0258,  0.0000,  0.0000},
                {-0.0009,  0.0129,  0.0000},
                {-0.0007, -0.0002,  0.0127}}
    A = UB:    {{-0.0002, -0.0128,  0.0014},
                { 0.0075,  0.0011,  0.0120},
                {-0.0247,  0.0009,  0.0040}}
+------------+-------------+---------------+-------------+
|   Imageset |   # indexed |   # unindexed | % indexed   |
|------------+-------------+---------------+-------------|
|          0 |         886 |           496 | 64.1%       |
+------------+-------------+---------------+-------------+

Indexed crystal models:
model 1 (866 reflections):
Crystal:
    Unit cell: (38.77(8), 77.67(2), 78.58(5), 89.25(4), 88.50(11), 87.90(9))
    Space group: P 1
    U matrix:  {{-0.0427, -0.9926,  0.1137},
                { 0.3187,  0.0943,  0.9431},
                {-0.9469,  0.0765,  0.3124}}
    B matrix:  {{ 0.0258,  0.0000,  0.0000},
                {-0.0009,  0.0129,  0.0000},
                {-0.0007, -0.0002,  0.0127}}
    A = UB:    {{-0.0002, -0.0128,  0.0014},
                { 0.0075,  0.0011,  0.0120},
                {-0.0247,  0.0009,  0.0040}}
+------------+-------------+---------------+-------------+
|   Imageset |   # indexed |   # unindexed | % indexed   |
|------------+-------------+---------------+-------------|
|          0 |         892 |           490 | 64.5%       |
+------------+-------------+---------------+-------------+

################################################################################
Starting refinement (macro-cycle 2)
################################################################################


Summary statistics for 866 observations matched to predictions:
+-------------------+----------+---------+---------+---------+--------+
|                   |      Min |      Q1 |     Med |      Q3 |    Max |
|-------------------+----------+---------+---------+---------+--------|
| Xc - Xo (mm)      |  -0.1177 | 0.01665 | 0.04153 | 0.06662 | 0.1409 |
| Yc - Yo (mm)      | -0.09631 |   0.013 | 0.03224 | 0.05342 | 0.1209 |
| Phic - Phio (deg) |   -10.57 | -0.1481 | 0.00299 |  0.1413 |  5.895 |
| X weights         |     3718 |    3901 |    3919 |    3935 |   3965 |
| Y weights         |     3825 |    3899 |    3918 |    3935 |   3967 |
| Phi weights       |    25.02 |    25.4 |    25.4 |    25.4 |   25.4 |
+-------------------+----------+---------+---------+---------+--------+

Detecting centroid outliers using the Tukey algorithm
81 reflections have been flagged as outliers
785 reflections remain in the manager

Summary statistics for 785 observations matched to predictions:
+-------------------+----------+---------+----------+---------+--------+
|                   |      Min |      Q1 |      Med |      Q3 |    Max |
|-------------------+----------+---------+----------+---------+--------|
| Xc - Xo (mm)      | -0.05798 | 0.01792 |  0.04169 | 0.06634 | 0.1409 |
| Yc - Yo (mm)      | -0.04508 | 0.01482 |  0.03256 | 0.05284 | 0.1073 |
| Phic - Phio (deg) |  -0.5815 | -0.1254 | 0.008329 |  0.1321 | 0.5039 |
| X weights         |     3718 |    3901 |     3919 |    3934 |   3962 |
| Y weights         |     3825 |    3899 |     3917 |    3933 |   3967 |
| Phi weights       |    25.14 |    25.4 |     25.4 |    25.4 |   25.4 |
+-------------------+----------+---------+----------+---------+--------+

There are 10 parameters to refine against 785 reflections in 3 dimensions

Refinement steps:
+--------+--------+----------+----------+------------+
|   Step |   Nref |   RMSD_X |   RMSD_Y |   RMSD_Phi |
|        |        |     (mm) |     (mm) |      (deg) |
|--------+--------+----------+----------+------------|
|      0 |    785 | 0.054687 | 0.044683 |    0.20337 |
|      1 |    785 | 0.054642 | 0.044228 |    0.20509 |
|      2 |    785 | 0.054662 | 0.044142 |    0.20627 |
|      3 |    785 | 0.054593 | 0.044214 |    0.2063  |
|      4 |    785 | 0.054537 | 0.044287 |    0.20554 |
|      5 |    785 | 0.054499 | 0.044347 |    0.20457 |
|      6 |    785 | 0.054493 | 0.044368 |    0.20383 |
|      7 |    785 | 0.054511 | 0.044359 |    0.20325 |
|      8 |    785 | 0.054523 | 0.044355 |    0.20292 |
|      9 |    785 | 0.054524 | 0.044355 |    0.20284 |
|     10 |    785 | 0.054525 | 0.044355 |    0.20283 |
+--------+--------+----------+----------+------------+
RMSD no longer decreasing

RMSDs by experiment:
+-------+--------+----------+----------+------------+
|   Exp |   Nref |   RMSD_X |   RMSD_Y |     RMSD_Z |
|    id |        |     (px) |     (px) |   (images) |
|-------+--------+----------+----------+------------|
|     0 |    785 |  0.99136 |  0.80646 |    0.29511 |
+-------+--------+----------+----------+------------+

Refined crystal models:
model 1 (866 reflections):
Crystal:
    Unit cell: (38.83(8), 77.72(2), 78.57(5), 89.25(4), 88.45(11), 87.76(9))
    Space group: P 1
    U matrix:  {{-0.0429, -0.9926,  0.1133},
                { 0.3183,  0.0939,  0.9433},
                {-0.9470,  0.0765,  0.3120}}
    B matrix:  {{ 0.0258,  0.0000,  0.0000},
                {-0.0010,  0.0129,  0.0000},
                {-0.0007, -0.0002,  0.0127}}
    A = UB:    {{-0.0002, -0.0128,  0.0014},
                { 0.0075,  0.0011,  0.0120},
                {-0.0247,  0.0009,  0.0040}}
+------------+-------------+---------------+-------------+
|   Imageset |   # indexed |   # unindexed | % indexed   |
|------------+-------------+---------------+-------------|
|          0 |         866 |           516 | 62.7%       |
+------------+-------------+---------------+-------------+

Indexed crystal models:
model 1 (853 reflections):
Crystal:
    Unit cell: (38.83(8), 77.72(2), 78.57(5), 89.25(4), 88.45(11), 87.76(9))
    Space group: P 1
    U matrix:  {{-0.0429, -0.9926,  0.1133},
                { 0.3183,  0.0939,  0.9433},
                {-0.9470,  0.0765,  0.3120}}
    B matrix:  {{ 0.0258,  0.0000,  0.0000},
                {-0.0010,  0.0129,  0.0000},
                {-0.0007, -0.0002,  0.0127}}
    A = UB:    {{-0.0002, -0.0128,  0.0014},
                { 0.0075,  0.0011,  0.0120},
                {-0.0247,  0.0009,  0.0040}}
+------------+-------------+---------------+-------------+
|   Imageset |   # indexed |   # unindexed | % indexed   |
|------------+-------------+---------------+-------------|
|          0 |         866 |           516 | 62.7%       |
+------------+-------------+---------------+-------------+

################################################################################
Starting refinement (macro-cycle 3)
################################################################################


Summary statistics for 853 observations matched to predictions:
+-------------------+----------+----------+----------+---------+--------+
|                   |      Min |       Q1 |      Med |      Q3 |    Max |
|-------------------+----------+----------+----------+---------+--------|
| Xc - Xo (mm)      |  -0.1179 |  0.01041 |   0.0383 | 0.06394 | 0.1218 |
| Yc - Yo (mm)      | -0.09281 | 0.008184 |  0.02979 | 0.05124 | 0.1212 |
| Phic - Phio (deg) |   -10.58 |  -0.1441 | 0.008167 |  0.1392 |  5.739 |
| X weights         |     3718 |     3901 |     3919 |    3935 |   3965 |
| Y weights         |     3825 |     3899 |     3918 |    3935 |   3967 |
| Phi weights       |    25.02 |     25.4 |     25.4 |    25.4 |   25.4 |
+-------------------+----------+----------+----------+---------+--------+

Detecting centroid outliers using the Tukey algorithm
77 reflections have been flagged as outliers
776 reflections remain in the manager

Summary statistics for 776 observations matched to predictions:
+-------------------+----------+----------+---------+---------+--------+
|                   |      Min |       Q1 |     Med |      Q3 |    Max |
|-------------------+----------+----------+---------+---------+--------|
| Xc - Xo (mm)      | -0.06976 |  0.01145 |  0.0383 | 0.06365 | 0.1218 |
| Yc - Yo (mm)      | -0.05427 | 0.009187 | 0.02983 | 0.05077 | 0.1079 |
| Phic - Phio (deg) |  -0.5567 |  -0.1262 | 0.01068 |  0.1346 | 0.4941 |
| X weights         |     3718 |     3901 |    3918 |    3934 |   3962 |
| Y weights         |     3825 |     3899 |    3917 |    3934 |   3967 |
| Phi weights       |    25.14 |     25.4 |    25.4 |    25.4 |   25.4 |
+-------------------+----------+----------+---------+---------+--------+

There are 10 parameters to refine against 776 reflections in 3 dimensions

Refinement steps:
+--------+--------+----------+----------+------------+
|   Step |   Nref |   RMSD_X |   RMSD_Y |   RMSD_Phi |
|        |        |     (mm) |     (mm) |      (deg) |
|--------+--------+----------+----------+------------|
|      0 |    776 | 0.053555 | 0.043474 |    0.20187 |
|      1 |    776 | 0.053491 | 0.043533 |    0.20192 |
|      2 |    776 | 0.053527 | 0.043488 |    0.2019  |
|      3 |    776 | 0.053548 | 0.043464 |    0.20182 |
|      4 |    776 | 0.053548 | 0.043464 |    0.20178 |
|      5 |    776 | 0.053535 | 0.043478 |    0.20181 |
|      6 |    776 | 0.053514 | 0.043497 |    0.20196 |
|      7 |    776 | 0.053494 | 0.043511 |    0.20221 |
|      8 |    776 | 0.053486 | 0.043516 |    0.20238 |
|      9 |    776 | 0.053485 | 0.043517 |    0.20243 |
|     10 |    776 | 0.053485 | 0.043516 |    0.20243 |
+--------+--------+----------+----------+------------+
RMSD no longer decreasing

RMSDs by experiment:
+-------+--------+----------+----------+------------+
|   Exp |   Nref |   RMSD_X |   RMSD_Y |     RMSD_Z |
|    id |        |     (px) |     (px) |   (images) |
|-------+--------+----------+----------+------------|
|     0 |    776 |  0.97245 |  0.79121 |    0.29454 |
+-------+--------+----------+----------+------------+

Refined crystal models:
model 1 (853 reflections):
Crystal:
    Unit cell: (38.81(7), 77.73(2), 78.58(5), 89.23(4), 88.45(11), 87.78(9))
    Space group: P 1
    U matrix:  {{-0.0430, -0.9926,  0.1135},
                { 0.3185,  0.0941,  0.9432},
                {-0.9469,  0.0767,  0.3121}}
    B matrix:  {{ 0.0258,  0.0000,  0.0000},
                {-0.0010,  0.0129,  0.0000},
                {-0.0007, -0.0002,  0.0127}}
    A = UB:    {{-0.0002, -0.0128,  0.0014},
                { 0.0075,  0.0011,  0.0120},
                {-0.0247,  0.0009,  0.0040}}
+------------+-------------+---------------+-------------+
|   Imageset |   # indexed |   # unindexed | % indexed   |
|------------+-------------+---------------+-------------|
|          0 |         853 |           529 | 61.7%       |
+------------+-------------+---------------+-------------+

Indexed crystal models:
model 1 (848 reflections):
Crystal:
    Unit cell: (38.81(7), 77.73(2), 78.58(5), 89.23(4), 88.45(11), 87.78(9))
    Space group: P 1
    U matrix:  {{-0.0430, -0.9926,  0.1135},
                { 0.3185,  0.0941,  0.9432},
                {-0.9469,  0.0767,  0.3121}}
    B matrix:  {{ 0.0258,  0.0000,  0.0000},
                {-0.0010,  0.0129,  0.0000},
                {-0.0007, -0.0002,  0.0127}}
    A = UB:    {{-0.0002, -0.0128,  0.0014},
                { 0.0075,  0.0011,  0.0120},
                {-0.0247,  0.0009,  0.0040}}
+------------+-------------+---------------+-------------+
|   Imageset |   # indexed |   # unindexed | % indexed   |
|------------+-------------+---------------+-------------|
|          0 |         853 |           529 | 61.7%       |
+------------+-------------+---------------+-------------+

################################################################################
Starting refinement (macro-cycle 4)
################################################################################


Summary statistics for 848 observations matched to predictions:
+-------------------+----------+----------+----------+---------+--------+
|                   |      Min |       Q1 |      Med |      Q3 |    Max |
|-------------------+----------+----------+----------+---------+--------|
| Xc - Xo (mm)      |  -0.1188 | 0.009061 |  0.03756 | 0.06358 | 0.1182 |
| Yc - Yo (mm)      | -0.09327 | 0.007595 |  0.02865 | 0.05097 | 0.1217 |
| Phic - Phio (deg) |   -10.67 |  -0.1474 | 0.004835 |  0.1403 |  5.704 |
| X weights         |     3718 |     3901 |     3919 |    3935 |   3965 |
| Y weights         |     3825 |     3899 |     3918 |    3935 |   3967 |
| Phi weights       |    25.02 |     25.4 |     25.4 |    25.4 |   25.4 |
+-------------------+----------+----------+----------+---------+--------+

Detecting centroid outliers using the Tukey algorithm
75 reflections have been flagged as outliers
773 reflections remain in the manager

Summary statistics for 773 observations matched to predictions:
+-------------------+----------+----------+---------+---------+--------+
|                   |      Min |       Q1 |     Med |      Q3 |    Max |
|-------------------+----------+----------+---------+---------+--------|
| Xc - Xo (mm)      |  -0.0718 |  0.01028 | 0.03754 | 0.06281 | 0.1182 |
| Yc - Yo (mm)      | -0.05444 | 0.008235 | 0.02866 | 0.05013 | 0.1084 |
| Phic - Phio (deg) |  -0.5649 |  -0.1267 | 0.01051 |  0.1347 | 0.4976 |
| X weights         |     3718 |     3901 |    3919 |    3934 |   3962 |
| Y weights         |     3825 |     3899 |    3917 |    3934 |   3967 |
| Phi weights       |    25.14 |     25.4 |    25.4 |    25.4 |   25.4 |
+-------------------+----------+----------+---------+---------+--------+

There are 10 parameters to refine against 773 reflections in 3 dimensions

Refinement steps:
+--------+--------+----------+----------+------------+
|   Step |   Nref |   RMSD_X |   RMSD_Y |   RMSD_Phi |
|        |        |     (mm) |     (mm) |      (deg) |
|--------+--------+----------+----------+------------|
|      0 |    773 | 0.052917 | 0.043059 |    0.20361 |
|      1 |    773 | 0.052897 | 0.043078 |    0.20357 |
|      2 |    773 | 0.052932 | 0.043038 |    0.20346 |
|      3 |    773 | 0.05296  | 0.043005 |    0.20337 |
|      4 |    773 | 0.052965 | 0.042997 |    0.20338 |
|      5 |    773 | 0.052953 | 0.043007 |    0.20346 |
|      6 |    773 | 0.05293  | 0.043027 |    0.20363 |
|      7 |    773 | 0.052906 | 0.043047 |    0.20385 |
|      8 |    773 | 0.052896 | 0.043055 |    0.20399 |
|      9 |    773 | 0.052895 | 0.043056 |    0.20403 |
|     10 |    773 | 0.052894 | 0.043056 |    0.20403 |
+--------+--------+----------+----------+------------+
RMSD no longer decreasing

RMSDs by experiment:
+-------+--------+----------+----------+------------+
|   Exp |   Nref |   RMSD_X |   RMSD_Y |     RMSD_Z |
|    id |        |     (px) |     (px) |   (images) |
|-------+--------+----------+----------+------------|
|     0 |    773 |  0.96172 |  0.78283 |    0.29686 |
+-------+--------+----------+----------+------------+

Refined crystal models:
model 1 (848 reflections):
Crystal:
    Unit cell: (38.80(7), 77.74(2), 78.60(5), 89.21(4), 88.47(11), 87.82(9))
    Space group: P 1
    U matrix:  {{-0.0430, -0.9926,  0.1139},
                { 0.3187,  0.0944,  0.9432},
                {-0.9469,  0.0769,  0.3122}}
    B matrix:  {{ 0.0258,  0.0000,  0.0000},
                {-0.0010,  0.0129,  0.0000},
                {-0.0007, -0.0002,  0.0127}}
    A = UB:    {{-0.0002, -0.0128,  0.0015},
                { 0.0075,  0.0011,  0.0120},
                {-0.0247,  0.0009,  0.0040}}
+------------+-------------+---------------+-------------+
|   Imageset |   # indexed |   # unindexed | % indexed   |
|------------+-------------+---------------+-------------|
|          0 |         848 |           534 | 61.4%       |
+------------+-------------+---------------+-------------+

Indexed crystal models:
model 1 (847 reflections):
Crystal:
    Unit cell: (38.80(7), 77.74(2), 78.60(5), 89.21(4), 88.47(11), 87.82(9))
    Space group: P 1
    U matrix:  {{-0.0430, -0.9926,  0.1139},
                { 0.3187,  0.0944,  0.9432},
                {-0.9469,  0.0769,  0.3122}}
    B matrix:  {{ 0.0258,  0.0000,  0.0000},
                {-0.0010,  0.0129,  0.0000},
                {-0.0007, -0.0002,  0.0127}}
    A = UB:    {{-0.0002, -0.0128,  0.0015},
                { 0.0075,  0.0011,  0.0120},
                {-0.0247,  0.0009,  0.0040}}
+------------+-------------+---------------+-------------+
|   Imageset |   # indexed |   # unindexed | % indexed   |
|------------+-------------+---------------+-------------|
|          0 |         848 |           534 | 61.4%       |
+------------+-------------+---------------+-------------+

################################################################################
Starting refinement (macro-cycle 5)
################################################################################


Summary statistics for 847 observations matched to predictions:
+-------------------+----------+----------+----------+---------+--------+
|                   |      Min |       Q1 |      Med |      Q3 |    Max |
|-------------------+----------+----------+----------+---------+--------|
| Xc - Xo (mm)      |  -0.1183 |  0.00899 |  0.03707 | 0.06358 | 0.1187 |
| Yc - Yo (mm)      | -0.09267 | 0.007492 |  0.02816 | 0.05097 | 0.1221 |
| Phic - Phio (deg) |   -10.73 |  -0.1463 | 0.007329 |  0.1421 |  5.719 |
| X weights         |     3718 |     3901 |     3919 |    3935 |   3965 |
| Y weights         |     3825 |     3899 |     3918 |    3935 |   3967 |
| Phi weights       |    25.02 |     25.4 |     25.4 |    25.4 |   25.4 |
+-------------------+----------+----------+----------+---------+--------+

Detecting centroid outliers using the Tukey algorithm
73 reflections have been flagged as outliers
774 reflections remain in the manager

Summary statistics for 774 observations matched to predictions:
+-------------------+----------+----------+---------+---------+--------+
|                   |      Min |       Q1 |     Med |      Q3 |    Max |
|-------------------+----------+----------+---------+---------+--------|
| Xc - Xo (mm)      | -0.07263 | 0.009622 | 0.03686 | 0.06296 | 0.1187 |
| Yc - Yo (mm)      | -0.05359 | 0.008331 | 0.02802 | 0.04984 | 0.1057 |
| Phic - Phio (deg) |  -0.5716 |  -0.1265 |  0.0118 |  0.1376 | 0.5014 |
| X weights         |     3718 |     3901 |    3919 |    3934 |   3962 |
| Y weights         |     3825 |     3899 |    3917 |    3934 |   3967 |
| Phi weights       |    25.14 |     25.4 |    25.4 |    25.4 |   25.4 |
+-------------------+----------+----------+---------+---------+--------+

There are 10 parameters to refine against 774 reflections in 3 dimensions

Refinement steps:
+--------+--------+----------+----------+------------+
|   Step |   Nref |   RMSD_X |   RMSD_Y |   RMSD_Phi |
|        |        |     (mm) |     (mm) |      (deg) |
|--------+--------+----------+----------+------------|
|      0 |    774 | 0.052871 | 0.042896 |    0.20389 |
|      1 |    774 | 0.052827 | 0.042944 |    0.20405 |
|      2 |    774 | 0.052825 | 0.042947 |    0.20404 |
+--------+--------+----------+----------+------------+
RMSD no longer decreasing

RMSDs by experiment:
+-------+--------+----------+----------+------------+
|   Exp |   Nref |   RMSD_X |   RMSD_Y |     RMSD_Z |
|    id |        |     (px) |     (px) |   (images) |
|-------+--------+----------+----------+------------|
|     0 |    774 |  0.96045 |  0.78085 |    0.29688 |
+-------+--------+----------+----------+------------+

Refined crystal models:
model 1 (847 reflections):
Crystal:
    Unit cell: (38.797(18), 77.74(2), 78.60(4), 89.206(17), 88.47(8), 87.83(4))
    Space group: P 1
    U matrix:  {{-0.0430, -0.9926,  0.1139},
                { 0.3187,  0.0944,  0.9432},
                {-0.9469,  0.0769,  0.3122}}
    B matrix:  {{ 0.0258,  0.0000,  0.0000},
                {-0.0010,  0.0129,  0.0000},
                {-0.0007, -0.0002,  0.0127}}
    A = UB:    {{-0.0002, -0.0128,  0.0015},
                { 0.0075,  0.0011,  0.0120},
                {-0.0247,  0.0009,  0.0040}}
+------------+-------------+---------------+-------------+
|   Imageset |   # indexed |   # unindexed | % indexed   |
|------------+-------------+---------------+-------------|
|          0 |         847 |           535 | 61.3%       |
+------------+-------------+---------------+-------------+
Saving refined experiments to indexed.expt
Saving refined reflections to indexed.refl
