DIALS (2018) Acta Cryst. D74, 85-97. https://doi.org/10.1107/S2059798317017235
DIALS 2.1.1-gcdd629a7b-release
The following parameters have been modified:

refinement {
  parameterisation {
    scan_varying = True
    beam {
      fix = *all in_spindle_plane out_spindle_plane wavelength
    }
    detector {
      fix = *all position orientation distance
    }
  }
}
input {
  experiments = refined.expt
  reflections = refined.refl
}

Configuring refiner

Summary statistics for 847 observations matched to predictions:
+-------------------+----------+----------+-----------+---------+--------+
|                   |      Min |       Q1 |       Med |      Q3 |    Max |
|-------------------+----------+----------+-----------+---------+--------|
| Xc - Xo (mm)      |  -0.1143 | 0.009328 |   0.03671 | 0.06414 | 0.1196 |
| Yc - Yo (mm)      | -0.08932 | 0.007467 |   0.02742 | 0.05161 | 0.1228 |
| Phic - Phio (deg) |    -11.1 |  -0.1534 | -0.002946 |  0.1405 |  5.668 |
| X weights         |     3718 |     3901 |      3919 |    3935 |   3965 |
| Y weights         |     3825 |     3899 |      3918 |    3935 |   3967 |
| Phi weights       |    25.02 |     25.4 |      25.4 |    25.4 |   25.4 |
+-------------------+----------+----------+-----------+---------+--------+

Detecting centroid outliers using the MCD algorithm
93 reflections have been flagged as outliers
754 reflections remain in the manager

Summary statistics for 754 observations matched to predictions:
+-------------------+----------+----------+----------+---------+--------+
|                   |      Min |       Q1 |      Med |      Q3 |    Max |
|-------------------+----------+----------+----------+---------+--------|
| Xc - Xo (mm)      | -0.09042 |  0.00807 |  0.03446 | 0.06134 | 0.1196 |
| Yc - Yo (mm)      | -0.07173 | 0.007015 |  0.02563 | 0.04757 | 0.1029 |
| Phic - Phio (deg) |  -0.6128 |  -0.1163 | 0.006622 |  0.1326 |  0.599 |
| X weights         |     3831 |     3901 |     3919 |    3934 |   3962 |
| Y weights         |     3825 |     3899 |     3917 |    3933 |   3962 |
| Phi weights       |    25.14 |     25.4 |     25.4 |    25.4 |   25.4 |
+-------------------+----------+----------+----------+---------+--------+

There are 18 parameters to refine against 754 reflections in 3 dimensions
Performing refinement of a single Experiment...

Refinement steps:
+--------+--------+----------+----------+------------+
|   Step |   Nref |   RMSD_X |   RMSD_Y |   RMSD_Phi |
|        |        |     (mm) |     (mm) |      (deg) |
|--------+--------+----------+----------+------------|
|      0 |    754 | 0.052077 | 0.041318 |    0.19824 |
|      1 |    754 | 0.052083 | 0.040244 |    0.17733 |
|      2 |    754 | 0.052081 | 0.039711 |    0.16529 |
|      3 |    754 | 0.051705 | 0.039517 |    0.16138 |
|      4 |    754 | 0.050917 | 0.039412 |    0.16076 |
|      5 |    754 | 0.050109 | 0.039352 |    0.15984 |
|      6 |    754 | 0.049799 | 0.039323 |    0.15963 |
|      7 |    754 | 0.049715 | 0.039315 |    0.16003 |
|      8 |    754 | 0.049671 | 0.039313 |    0.16031 |
|      9 |    754 | 0.049661 | 0.039313 |    0.1604  |
|     10 |    754 | 0.04966  | 0.039313 |    0.16042 |
|     11 |    754 | 0.04966  | 0.039313 |    0.16042 |
+--------+--------+----------+----------+------------+
RMSD no longer decreasing

RMSDs by experiment:
+-------+--------+----------+----------+------------+
|   Exp |   Nref |   RMSD_X |   RMSD_Y |     RMSD_Z |
|    id |        |     (px) |     (px) |   (images) |
|-------+--------+----------+----------+------------|
|     0 |    754 |  0.90291 |  0.71478 |    0.23341 |
+-------+--------+----------+----------+------------+
Updating predictions for indexed reflections

Final refined crystal model:
Crystal:
    Unit cell: (38.72(7), 77.75(2), 78.64(4), 89.16(4), 88.49(10), 87.91(9))
    Space group: P 1
    U matrix:  {{-0.0431, -0.9925,  0.1147},
                { 0.3192,  0.0951,  0.9429},
                {-0.9467,  0.0773,  0.3127}}
    B matrix:  {{ 0.0258,  0.0000,  0.0000},
                {-0.0009,  0.0129,  0.0000},
                {-0.0007, -0.0002,  0.0127}}
    A = UB:    {{-0.0003, -0.0128,  0.0015},
                { 0.0075,  0.0011,  0.0120},
                {-0.0247,  0.0009,  0.0040}}
    A sampled at 50 scan points
Saving refined experiments to refined.expt
Saving reflections with updated predictions to refined.refl

Total time taken: 1.00s
